[0.215s] Invoking command in '/home/mk/lab_ws/build/turtle_controller': CMAKE_PREFIX_PATH=${CMAKE_PREFIX_PATH}:/home/mk/lab_ws/install/my_publisher_pkg:/opt/ros/humble /usr/bin/cmake --build /home/mk/lab_ws/build/turtle_controller -- -j12 -l12
[0.252s] [35m[1mConsolidate compiler generated dependencies of target turtle_controller[0m
[0.269s] [ 50%] [32mBuilding CXX object CMakeFiles/turtle_controller.dir/src/turtle_controller.cpp.o[0m
[4.809s] [100%] [32m[1mLinking CXX executable turtle_controller[0m
[4.999s] [100%] Built target turtle_controller
[5.009s] Invoked command in '/home/mk/lab_ws/build/turtle_controller' returned '0': CMAKE_PREFIX_PATH=${CMAKE_PREFIX_PATH}:/home/mk/lab_ws/install/my_publisher_pkg:/opt/ros/humble /usr/bin/cmake --build /home/mk/lab_ws/build/turtle_controller -- -j12 -l12
[5.031s] Invoking command in '/home/mk/lab_ws/build/turtle_controller': CMAKE_PREFIX_PATH=${CMAKE_PREFIX_PATH}:/home/mk/lab_ws/install/my_publisher_pkg:/opt/ros/humble /usr/bin/cmake --install /home/mk/lab_ws/build/turtle_controller
[5.038s] -- Install configuration: ""
[5.038s] -- Installing: /home/mk/lab_ws/install/turtle_controller/lib/turtle_controller/turtle_controller
[5.040s] -- Set runtime path of "/home/mk/lab_ws/install/turtle_controller/lib/turtle_controller/turtle_controller" to ""
[5.040s] -- Up-to-date: /home/mk/lab_ws/install/turtle_controller/share/ament_index/resource_index/package_run_dependencies/turtle_controller
[5.040s] -- Up-to-date: /home/mk/lab_ws/install/turtle_controller/share/ament_index/resource_index/parent_prefix_path/turtle_controller
[5.040s] -- Up-to-date: /home/mk/lab_ws/install/turtle_controller/share/turtle_controller/environment/ament_prefix_path.sh
[5.040s] -- Up-to-date: /home/mk/lab_ws/install/turtle_controller/share/turtle_controller/environment/ament_prefix_path.dsv
[5.040s] -- Up-to-date: /home/mk/lab_ws/install/turtle_controller/share/turtle_controller/environment/path.sh
[5.040s] -- Up-to-date: /home/mk/lab_ws/install/turtle_controller/share/turtle_controller/environment/path.dsv
[5.040s] -- Up-to-date: /home/mk/lab_ws/install/turtle_controller/share/turtle_controller/local_setup.bash
[5.040s] -- Up-to-date: /home/mk/lab_ws/install/turtle_controller/share/turtle_controller/local_setup.sh
[5.041s] -- Up-to-date: /home/mk/lab_ws/install/turtle_controller/share/turtle_controller/local_setup.zsh
[5.041s] -- Up-to-date: /home/mk/lab_ws/install/turtle_controller/share/turtle_controller/local_setup.dsv
[5.041s] -- Installing: /home/mk/lab_ws/install/turtle_controller/share/turtle_controller/package.dsv
[5.041s] -- Up-to-date: /home/mk/lab_ws/install/turtle_controller/share/ament_index/resource_index/packages/turtle_controller
[5.041s] -- Up-to-date: /home/mk/lab_ws/install/turtle_controller/share/turtle_controller/cmake/turtle_controllerConfig.cmake
[5.041s] -- Up-to-date: /home/mk/lab_ws/install/turtle_controller/share/turtle_controller/cmake/turtle_controllerConfig-version.cmake
[5.041s] -- Up-to-date: /home/mk/lab_ws/install/turtle_controller/share/turtle_controller/package.xml
[5.042s] Invoked command in '/home/mk/lab_ws/build/turtle_controller' returned '0': CMAKE_PREFIX_PATH=${CMAKE_PREFIX_PATH}:/home/mk/lab_ws/install/my_publisher_pkg:/opt/ros/humble /usr/bin/cmake --install /home/mk/lab_ws/build/turtle_controller
