[0.010s] Invoking command in '/home/mk/lab_ws/build/cpp_pubsub': CMAKE_PREFIX_PATH=/home/mk/lab_ws/install/my_publisher_pkg:/opt/ros/humble /usr/bin/cmake /home/mk/lab_ws/src/cpp_pubsub -DCMAKE_INSTALL_PREFIX=/home/mk/lab_ws/install/cpp_pubsub
[0.084s] -- The C compiler identification is GNU 11.4.0
[0.143s] -- The CXX compiler identification is GNU 11.4.0
[0.151s] -- Detecting C compiler ABI info
[0.210s] -- Detecting C compiler ABI info - done
[0.215s] -- Check for working C compiler: /usr/bin/cc - skipped
[0.215s] -- Detecting C compile features
[0.216s] -- Detecting C compile features - done
[0.218s] -- Detecting CXX compiler ABI info
[0.287s] -- Detecting CXX compiler ABI info - done
[0.292s] -- Check for working CXX compiler: /usr/bin/c++ - skipped
[0.292s] -- Detecting CXX compile features
[0.293s] -- Detecting CXX compile features - done
[0.302s] -- Found ament_cmake: 1.3.10 (/opt/ros/humble/share/ament_cmake/cmake)
[0.422s] -- Found Python3: /usr/bin/python3 (found version "3.10.12") found components: Interpreter 
[0.508s] -- Found rclcpp: 16.0.10 (/opt/ros/humble/share/rclcpp/cmake)
[0.560s] -- Found rosidl_generator_c: 3.1.5 (/opt/ros/humble/share/rosidl_generator_c/cmake)
[0.565s] -- Found rosidl_adapter: 3.1.5 (/opt/ros/humble/share/rosidl_adapter/cmake)
[0.574s] -- Found rosidl_generator_cpp: 3.1.5 (/opt/ros/humble/share/rosidl_generator_cpp/cmake)
[0.588s] -- Using all available rosidl_typesupport_c: rosidl_typesupport_fastrtps_c;rosidl_typesupport_introspection_c
[0.604s] -- Using all available rosidl_typesupport_cpp: rosidl_typesupport_fastrtps_cpp;rosidl_typesupport_introspection_cpp
[0.648s] -- Found rmw_implementation_cmake: 6.1.2 (/opt/ros/humble/share/rmw_implementation_cmake/cmake)
[0.651s] -- Found rmw_fastrtps_cpp: 6.2.7 (/opt/ros/humble/share/rmw_fastrtps_cpp/cmake)
[0.738s] -- Found OpenSSL: /usr/lib/x86_64-linux-gnu/libcrypto.so (found version "3.0.2")  
[0.763s] -- Found FastRTPS: /opt/ros/humble/include  
[0.801s] -- Using RMW implementation 'rmw_fastrtps_cpp' as default
[0.810s] -- Looking for pthread.h
[0.872s] -- Looking for pthread.h - found
[0.872s] -- Performing Test CMAKE_HAVE_LIBC_PTHREAD
[0.935s] -- Performing Test CMAKE_HAVE_LIBC_PTHREAD - Success
[0.936s] -- Found Threads: TRUE  
[0.985s] -- Found ament_lint_auto: 0.12.11 (/opt/ros/humble/share/ament_lint_auto/cmake)
[1.046s] -- Added test 'cppcheck' to perform static code analysis on C / C++ code
[1.047s] -- Configured cppcheck include dirs: 
[1.047s] -- Configured cppcheck exclude dirs and/or files: 
[1.047s] -- Added test 'lint_cmake' to check CMake code style
[1.048s] -- Added test 'uncrustify' to check C / C++ code style
[1.048s] -- Configured uncrustify additional arguments: 
[1.048s] -- Added test 'xmllint' to check XML markup files
[1.049s] -- Configuring done
[1.052s] [31mCMake Error at CMakeLists.txt:16 (add_executable):
[1.052s]   Cannot find source file:
[1.052s] 
[1.052s]     src/publisher_member_function.cpp
[1.052s] 
[1.052s]   Tried extensions .c .C .c++ .cc .cpp .cxx .cu .mpp .m .M .mm .ixx .cppm .h
[1.052s]   .hh .h++ .hm .hpp .hxx .in .txx .f .F .for .f77 .f90 .f95 .f03 .hip .ispc
[1.052s] 
[1.052s] [0m
[1.053s] [31mCMake Error at CMakeLists.txt:23 (add_executable):
[1.053s]   Cannot find source file:
[1.053s] 
[1.053s]     src/subscriber_member_function.cpp
[1.053s] 
[1.053s]   Tried extensions .c .C .c++ .cc .cpp .cxx .cu .mpp .m .M .mm .ixx .cppm .h
[1.053s]   .hh .h++ .hm .hpp .hxx .in .txx .f .F .for .f77 .f90 .f95 .f03 .hip .ispc
[1.053s] 
[1.053s] [0m
[1.053s] [31mCMake Error at CMakeLists.txt:16 (add_executable):
[1.053s]   No SOURCES given to target: talker
[1.053s] 
[1.053s] [0m
[1.053s] [31mCMake Error at CMakeLists.txt:23 (add_executable):
[1.053s]   No SOURCES given to target: listener
[1.053s] 
[1.053s] [0m
[1.053s] [0mCMake Generate step failed.  Build files cannot be regenerated correctly.[0m
[1.061s] Invoked command in '/home/mk/lab_ws/build/cpp_pubsub' returned '1': CMAKE_PREFIX_PATH=/home/mk/lab_ws/install/my_publisher_pkg:/opt/ros/humble /usr/bin/cmake /home/mk/lab_ws/src/cpp_pubsub -DCMAKE_INSTALL_PREFIX=/home/mk/lab_ws/install/cpp_pubsub
