[0.011s] Invoking command in '/home/mk/lab_ws/build/cpp_pubsub': CMAKE_PREFIX_PATH=/home/mk/lab_ws/install/my_publisher_pkg:/opt/ros/humble /usr/bin/cmake /home/mk/lab_ws/src/cpp_pubsub -DCMAKE_INSTALL_PREFIX=/home/mk/lab_ws/install/cpp_pubsub
[0.022s] -- Found ament_cmake: 1.3.10 (/opt/ros/humble/share/ament_cmake/cmake)
[0.109s] -- Found rclcpp: 16.0.10 (/opt/ros/humble/share/rclcpp/cmake)
[0.132s] -- Found rosidl_generator_c: 3.1.5 (/opt/ros/humble/share/rosidl_generator_c/cmake)
[0.133s] -- Found rosidl_adapter: 3.1.5 (/opt/ros/humble/share/rosidl_adapter/cmake)
[0.137s] -- Found rosidl_generator_cpp: 3.1.5 (/opt/ros/humble/share/rosidl_generator_cpp/cmake)
[0.144s] -- Using all available rosidl_typesupport_c: rosidl_typesupport_fastrtps_c;rosidl_typesupport_introspection_c
[0.153s] -- Using all available rosidl_typesupport_cpp: rosidl_typesupport_fastrtps_cpp;rosidl_typesupport_introspection_cpp
[0.176s] -- Found rmw_implementation_cmake: 6.1.2 (/opt/ros/humble/share/rmw_implementation_cmake/cmake)
[0.177s] -- Found rmw_fastrtps_cpp: 6.2.7 (/opt/ros/humble/share/rmw_fastrtps_cpp/cmake)
[0.279s] -- Using RMW implementation 'rmw_fastrtps_cpp' as default
[0.313s] -- Found ament_lint_auto: 0.12.11 (/opt/ros/humble/share/ament_lint_auto/cmake)
[0.360s] -- Added test 'cppcheck' to perform static code analysis on C / C++ code
[0.360s] -- Configured cppcheck include dirs: 
[0.360s] -- Configured cppcheck exclude dirs and/or files: 
[0.360s] -- Added test 'lint_cmake' to check CMake code style
[0.361s] -- Added test 'uncrustify' to check C / C++ code style
[0.361s] -- Configured uncrustify additional arguments: 
[0.361s] -- Added test 'xmllint' to check XML markup files
[0.361s] -- Configuring done
[0.370s] -- Generating done
[0.371s] -- Build files have been written to: /home/mk/lab_ws/build/cpp_pubsub
[0.377s] Invoked command in '/home/mk/lab_ws/build/cpp_pubsub' returned '0': CMAKE_PREFIX_PATH=/home/mk/lab_ws/install/my_publisher_pkg:/opt/ros/humble /usr/bin/cmake /home/mk/lab_ws/src/cpp_pubsub -DCMAKE_INSTALL_PREFIX=/home/mk/lab_ws/install/cpp_pubsub
[0.379s] Invoking command in '/home/mk/lab_ws/build/cpp_pubsub': CMAKE_PREFIX_PATH=/home/mk/lab_ws/install/my_publisher_pkg:/opt/ros/humble /usr/bin/cmake --build /home/mk/lab_ws/build/cpp_pubsub -- -j12 -l12
[0.422s] [ 50%] [32mBuilding CXX object CMakeFiles/listener.dir/src/subscriber.cpp.o[0m
[0.422s] [ 50%] [32mBuilding CXX object CMakeFiles/talker.dir/src/publisher.cpp.o[0m
[3.639s] [ 75%] [32m[1mLinking CXX executable talker[0m
[3.787s] [ 75%] Built target talker
[6.343s] [100%] [32m[1mLinking CXX executable listener[0m
[6.576s] [100%] Built target listener
[6.586s] Invoked command in '/home/mk/lab_ws/build/cpp_pubsub' returned '0': CMAKE_PREFIX_PATH=/home/mk/lab_ws/install/my_publisher_pkg:/opt/ros/humble /usr/bin/cmake --build /home/mk/lab_ws/build/cpp_pubsub -- -j12 -l12
[6.617s] Invoking command in '/home/mk/lab_ws/build/cpp_pubsub': CMAKE_PREFIX_PATH=/home/mk/lab_ws/install/my_publisher_pkg:/opt/ros/humble /usr/bin/cmake --install /home/mk/lab_ws/build/cpp_pubsub
[6.623s] -- Install configuration: ""
[6.623s] -- Installing: /home/mk/lab_ws/install/cpp_pubsub/lib/cpp_pubsub/talker
[6.624s] -- Set runtime path of "/home/mk/lab_ws/install/cpp_pubsub/lib/cpp_pubsub/talker" to ""
[6.624s] -- Up-to-date: /home/mk/lab_ws/install/cpp_pubsub/lib/cpp_pubsub/talker
[6.624s] -- Installing: /home/mk/lab_ws/install/cpp_pubsub/lib/cpp_pubsub/listener
[6.627s] -- Set runtime path of "/home/mk/lab_ws/install/cpp_pubsub/lib/cpp_pubsub/listener" to ""
[6.627s] -- Installing: /home/mk/lab_ws/install/cpp_pubsub/share/ament_index/resource_index/package_run_dependencies/cpp_pubsub
[6.628s] -- Installing: /home/mk/lab_ws/install/cpp_pubsub/share/ament_index/resource_index/parent_prefix_path/cpp_pubsub
[6.628s] -- Installing: /home/mk/lab_ws/install/cpp_pubsub/share/cpp_pubsub/environment/ament_prefix_path.sh
[6.628s] -- Installing: /home/mk/lab_ws/install/cpp_pubsub/share/cpp_pubsub/environment/ament_prefix_path.dsv
[6.628s] -- Installing: /home/mk/lab_ws/install/cpp_pubsub/share/cpp_pubsub/environment/path.sh
[6.628s] -- Installing: /home/mk/lab_ws/install/cpp_pubsub/share/cpp_pubsub/environment/path.dsv
[6.628s] -- Installing: /home/mk/lab_ws/install/cpp_pubsub/share/cpp_pubsub/local_setup.bash
[6.628s] -- Installing: /home/mk/lab_ws/install/cpp_pubsub/share/cpp_pubsub/local_setup.sh
[6.628s] -- Installing: /home/mk/lab_ws/install/cpp_pubsub/share/cpp_pubsub/local_setup.zsh
[6.629s] -- Installing: /home/mk/lab_ws/install/cpp_pubsub/share/cpp_pubsub/local_setup.dsv
[6.629s] -- Installing: /home/mk/lab_ws/install/cpp_pubsub/share/cpp_pubsub/package.dsv
[6.629s] -- Installing: /home/mk/lab_ws/install/cpp_pubsub/share/ament_index/resource_index/packages/cpp_pubsub
[6.629s] -- Installing: /home/mk/lab_ws/install/cpp_pubsub/share/cpp_pubsub/cmake/cpp_pubsubConfig.cmake
[6.629s] -- Installing: /home/mk/lab_ws/install/cpp_pubsub/share/cpp_pubsub/cmake/cpp_pubsubConfig-version.cmake
[6.629s] -- Installing: /home/mk/lab_ws/install/cpp_pubsub/share/cpp_pubsub/package.xml
[6.631s] Invoked command in '/home/mk/lab_ws/build/cpp_pubsub' returned '0': CMAKE_PREFIX_PATH=/home/mk/lab_ws/install/my_publisher_pkg:/opt/ros/humble /usr/bin/cmake --install /home/mk/lab_ws/build/cpp_pubsub
