[0.212s] Invoking command in '/home/mk/lab_ws/build/turtle_controller': CMAKE_PREFIX_PATH=${CMAKE_PREFIX_PATH}:/home/mk/lab_ws/install/my_publisher_pkg:/opt/ros/humble /usr/bin/cmake /home/mk/lab_ws/src/turtle_controller -DCMAKE_INSTALL_PREFIX=/home/mk/lab_ws/install/turtle_controller
[0.255s] -- The C compiler identification is GNU 11.4.0
[0.300s] -- The CXX compiler identification is GNU 11.4.0
[0.306s] -- Detecting C compiler ABI info
[0.363s] -- Detecting C compiler ABI info - done
[0.368s] -- Check for working C compiler: /usr/bin/cc - skipped
[0.368s] -- Detecting C compile features
[0.369s] -- Detecting C compile features - done
[0.371s] -- Detecting CXX compiler ABI info
[0.436s] -- Detecting CXX compiler ABI info - done
[0.441s] -- Check for working CXX compiler: /usr/bin/c++ - skipped
[0.441s] -- Detecting CXX compile features
[0.441s] -- Detecting CXX compile features - done
[0.444s] -- Found ament_cmake: 1.3.10 (/opt/ros/humble/share/ament_cmake/cmake)
[0.555s] -- Found Python3: /usr/bin/python3 (found version "3.10.12") found components: Interpreter 
[0.626s] -- Found rclcpp: 16.0.10 (/opt/ros/humble/share/rclcpp/cmake)
[0.666s] -- Found rosidl_generator_c: 3.1.5 (/opt/ros/humble/share/rosidl_generator_c/cmake)
[0.670s] -- Found rosidl_adapter: 3.1.5 (/opt/ros/humble/share/rosidl_adapter/cmake)
[0.678s] -- Found rosidl_generator_cpp: 3.1.5 (/opt/ros/humble/share/rosidl_generator_cpp/cmake)
[0.689s] -- Using all available rosidl_typesupport_c: rosidl_typesupport_fastrtps_c;rosidl_typesupport_introspection_c
[0.704s] -- Using all available rosidl_typesupport_cpp: rosidl_typesupport_fastrtps_cpp;rosidl_typesupport_introspection_cpp
[0.744s] -- Found rmw_implementation_cmake: 6.1.2 (/opt/ros/humble/share/rmw_implementation_cmake/cmake)
[0.746s] -- Found rmw_fastrtps_cpp: 6.2.7 (/opt/ros/humble/share/rmw_fastrtps_cpp/cmake)
[0.820s] -- Found OpenSSL: /usr/lib/x86_64-linux-gnu/libcrypto.so (found version "3.0.2")  
[0.843s] -- Found FastRTPS: /opt/ros/humble/include  
[0.877s] -- Using RMW implementation 'rmw_fastrtps_cpp' as default
[0.885s] -- Looking for pthread.h
[0.943s] -- Looking for pthread.h - found
[0.943s] -- Performing Test CMAKE_HAVE_LIBC_PTHREAD
[1.001s] -- Performing Test CMAKE_HAVE_LIBC_PTHREAD - Success
[1.002s] -- Found Threads: TRUE  
[1.039s] -- Found turtlesim: 1.4.2 (/opt/ros/humble/share/turtlesim/cmake)
[1.068s] -- Found geometry_msgs: 4.2.4 (/opt/ros/humble/share/geometry_msgs/cmake)
[1.081s] -- Found ament_lint_auto: 0.12.11 (/opt/ros/humble/share/ament_lint_auto/cmake)
[1.140s] -- Added test 'cppcheck' to perform static code analysis on C / C++ code
[1.140s] -- Configured cppcheck include dirs: 
[1.140s] -- Configured cppcheck exclude dirs and/or files: 
[1.140s] -- Added test 'lint_cmake' to check CMake code style
[1.141s] -- Added test 'uncrustify' to check C / C++ code style
[1.141s] -- Configured uncrustify additional arguments: 
[1.142s] -- Added test 'xmllint' to check XML markup files
[1.143s] -- Configuring done
[1.151s] -- Generating done
[1.152s] -- Build files have been written to: /home/mk/lab_ws/build/turtle_controller
[1.160s] Invoked command in '/home/mk/lab_ws/build/turtle_controller' returned '0': CMAKE_PREFIX_PATH=${CMAKE_PREFIX_PATH}:/home/mk/lab_ws/install/my_publisher_pkg:/opt/ros/humble /usr/bin/cmake /home/mk/lab_ws/src/turtle_controller -DCMAKE_INSTALL_PREFIX=/home/mk/lab_ws/install/turtle_controller
[1.162s] Invoking command in '/home/mk/lab_ws/build/turtle_controller': CMAKE_PREFIX_PATH=${CMAKE_PREFIX_PATH}:/home/mk/lab_ws/install/my_publisher_pkg:/opt/ros/humble /usr/bin/cmake --build /home/mk/lab_ws/build/turtle_controller -- -j12 -l12
[1.205s] [ 50%] [32mBuilding CXX object CMakeFiles/turtle_controller.dir/src/turtle_controller.cpp.o[0m
[3.090s] [01m[K/home/mk/lab_ws/src/turtle_controller/src/turtle_controller.cpp:[m[K In member function ‘[01m[Kvoid TurtleController::moveToCorner(float, float)[m[K’:
[3.090s] [01m[K/home/mk/lab_ws/src/turtle_controller/src/turtle_controller.cpp:102:29:[m[K [01;35m[Kwarning: [m[Kunused parameter ‘[01m[Kx[m[K’ [[01;35m[K]8;;https://gcc.gnu.org/onlinedocs/gcc/Warning-Options.html#index-Wunused-parameter-Wunused-parameter]8;;[m[K]
[3.090s]   102 |     void moveToCorner([01;35m[Kfloat x[m[K, float y)
[3.090s]       |                       [01;35m[K~~~~~~^[m[K
[3.090s] [01m[K/home/mk/lab_ws/src/turtle_controller/src/turtle_controller.cpp:102:38:[m[K [01;35m[Kwarning: [m[Kunused parameter ‘[01m[Ky[m[K’ [[01;35m[K]8;;https://gcc.gnu.org/onlinedocs/gcc/Warning-Options.html#index-Wunused-parameter-Wunused-parameter]8;;[m[K]
[3.090s]   102 |     void moveToCorner(float x, [01;35m[Kfloat y[m[K)
[3.090s]       |                                [01;35m[K~~~~~~^[m[K
[5.903s] [100%] [32m[1mLinking CXX executable turtle_controller[0m
[6.111s] [100%] Built target turtle_controller
[6.121s] Invoked command in '/home/mk/lab_ws/build/turtle_controller' returned '0': CMAKE_PREFIX_PATH=${CMAKE_PREFIX_PATH}:/home/mk/lab_ws/install/my_publisher_pkg:/opt/ros/humble /usr/bin/cmake --build /home/mk/lab_ws/build/turtle_controller -- -j12 -l12
[6.144s] Invoking command in '/home/mk/lab_ws/build/turtle_controller': CMAKE_PREFIX_PATH=${CMAKE_PREFIX_PATH}:/home/mk/lab_ws/install/my_publisher_pkg:/opt/ros/humble /usr/bin/cmake --install /home/mk/lab_ws/build/turtle_controller
[6.150s] -- Install configuration: ""
[6.150s] -- Installing: /home/mk/lab_ws/install/turtle_controller/lib/turtle_controller/turtle_controller
[6.152s] -- Set runtime path of "/home/mk/lab_ws/install/turtle_controller/lib/turtle_controller/turtle_controller" to ""
[6.152s] -- Installing: /home/mk/lab_ws/install/turtle_controller/share/ament_index/resource_index/package_run_dependencies/turtle_controller
[6.152s] -- Installing: /home/mk/lab_ws/install/turtle_controller/share/ament_index/resource_index/parent_prefix_path/turtle_controller
[6.152s] -- Installing: /home/mk/lab_ws/install/turtle_controller/share/turtle_controller/environment/ament_prefix_path.sh
[6.152s] -- Installing: /home/mk/lab_ws/install/turtle_controller/share/turtle_controller/environment/ament_prefix_path.dsv
[6.152s] -- Installing: /home/mk/lab_ws/install/turtle_controller/share/turtle_controller/environment/path.sh
[6.153s] -- Installing: /home/mk/lab_ws/install/turtle_controller/share/turtle_controller/environment/path.dsv
[6.153s] -- Installing: /home/mk/lab_ws/install/turtle_controller/share/turtle_controller/local_setup.bash
[6.153s] -- Installing: /home/mk/lab_ws/install/turtle_controller/share/turtle_controller/local_setup.sh
[6.153s] -- Installing: /home/mk/lab_ws/install/turtle_controller/share/turtle_controller/local_setup.zsh
[6.153s] -- Installing: /home/mk/lab_ws/install/turtle_controller/share/turtle_controller/local_setup.dsv
[6.153s] -- Installing: /home/mk/lab_ws/install/turtle_controller/share/turtle_controller/package.dsv
[6.153s] -- Installing: /home/mk/lab_ws/install/turtle_controller/share/ament_index/resource_index/packages/turtle_controller
[6.153s] -- Installing: /home/mk/lab_ws/install/turtle_controller/share/turtle_controller/cmake/turtle_controllerConfig.cmake
[6.154s] -- Installing: /home/mk/lab_ws/install/turtle_controller/share/turtle_controller/cmake/turtle_controllerConfig-version.cmake
[6.154s] -- Installing: /home/mk/lab_ws/install/turtle_controller/share/turtle_controller/package.xml
[6.155s] Invoked command in '/home/mk/lab_ws/build/turtle_controller' returned '0': CMAKE_PREFIX_PATH=${CMAKE_PREFIX_PATH}:/home/mk/lab_ws/install/my_publisher_pkg:/opt/ros/humble /usr/bin/cmake --install /home/mk/lab_ws/build/turtle_controller
