[0.211s] Invoking command in '/home/mk/lab_ws/build/turtle_spawner': CMAKE_PREFIX_PATH=${CMAKE_PREFIX_PATH}:/home/mk/lab_ws/install/my_publisher_pkg:/opt/ros/humble /usr/bin/cmake /home/mk/lab_ws/src/turtle_spawner -DCMAKE_INSTALL_PREFIX=/home/mk/lab_ws/install/turtle_spawner
[0.220s] -- Found ament_cmake: 1.3.10 (/opt/ros/humble/share/ament_cmake/cmake)
[0.318s] -- Found rclcpp: 16.0.10 (/opt/ros/humble/share/rclcpp/cmake)
[0.361s] -- Found rosidl_generator_c: 3.1.5 (/opt/ros/humble/share/rosidl_generator_c/cmake)
[0.366s] -- Found rosidl_adapter: 3.1.5 (/opt/ros/humble/share/rosidl_adapter/cmake)
[0.375s] -- Found rosidl_generator_cpp: 3.1.5 (/opt/ros/humble/share/rosidl_generator_cpp/cmake)
[0.387s] -- Using all available rosidl_typesupport_c: rosidl_typesupport_fastrtps_c;rosidl_typesupport_introspection_c
[0.402s] -- Using all available rosidl_typesupport_cpp: rosidl_typesupport_fastrtps_cpp;rosidl_typesupport_introspection_cpp
[0.445s] -- Found rmw_implementation_cmake: 6.1.2 (/opt/ros/humble/share/rmw_implementation_cmake/cmake)
[0.448s] -- Found rmw_fastrtps_cpp: 6.2.7 (/opt/ros/humble/share/rmw_fastrtps_cpp/cmake)
[0.530s] -- Found OpenSSL: /usr/lib/x86_64-linux-gnu/libcrypto.so (found version "3.0.2")  
[0.555s] -- Found FastRTPS: /opt/ros/humble/include  
[0.591s] -- Using RMW implementation 'rmw_fastrtps_cpp' as default
[0.600s] -- Looking for pthread.h
[0.662s] -- Looking for pthread.h - found
[0.662s] -- Performing Test CMAKE_HAVE_LIBC_PTHREAD
[0.723s] -- Performing Test CMAKE_HAVE_LIBC_PTHREAD - Success
[0.724s] -- Found Threads: TRUE  
[0.771s] -- Found turtlesim: 1.4.2 (/opt/ros/humble/share/turtlesim/cmake)
[0.813s] -- Found ament_lint_auto: 0.12.11 (/opt/ros/humble/share/ament_lint_auto/cmake)
[0.875s] -- Added test 'cppcheck' to perform static code analysis on C / C++ code
[0.875s] -- Configured cppcheck include dirs: 
[0.875s] -- Configured cppcheck exclude dirs and/or files: 
[0.876s] -- Added test 'lint_cmake' to check CMake code style
[0.877s] -- Added test 'uncrustify' to check C / C++ code style
[0.877s] -- Configured uncrustify additional arguments: 
[0.877s] -- Added test 'xmllint' to check XML markup files
[0.878s] -- Configuring done
[0.881s] [31mCMake Error at CMakeLists.txt:16 (add_executable):
[0.881s]   Cannot find source file:
[0.881s] 
[0.881s]     src/turtle_spawn.cpp
[0.881s] 
[0.881s]   Tried extensions .c .C .c++ .cc .cpp .cxx .cu .mpp .m .M .mm .ixx .cppm .h
[0.881s]   .hh .h++ .hm .hpp .hxx .in .txx .f .F .for .f77 .f90 .f95 .f03 .hip .ispc
[0.881s] 
[0.881s] [0m
[0.881s] [31mCMake Error at CMakeLists.txt:16 (add_executable):
[0.882s]   No SOURCES given to target: turtle_spawn
[0.882s] 
[0.882s] [0m
[0.882s] [0mCMake Generate step failed.  Build files cannot be regenerated correctly.[0m
[0.888s] Invoked command in '/home/mk/lab_ws/build/turtle_spawner' returned '1': CMAKE_PREFIX_PATH=${CMAKE_PREFIX_PATH}:/home/mk/lab_ws/install/my_publisher_pkg:/opt/ros/humble /usr/bin/cmake /home/mk/lab_ws/src/turtle_spawner -DCMAKE_INSTALL_PREFIX=/home/mk/lab_ws/install/turtle_spawner
