[0.010s] Invoking command in '/home/mk/lab_ws/build/cpp_pubsub': CMAKE_PREFIX_PATH=${CMAKE_PREFIX_PATH}:/home/mk/lab_ws/install/my_publisher_pkg:/opt/ros/humble /usr/bin/cmake --build /home/mk/lab_ws/build/cpp_pubsub -- -j12 -l12
[0.048s] [35m[1mConsolidate compiler generated dependencies of target listener[0m
[0.048s] [35m[1mConsolidate compiler generated dependencies of target talker[0m
[0.063s] [100%] Built target listener
[0.063s] [100%] Built target talker
[0.215s] Invoked command in '/home/mk/lab_ws/build/cpp_pubsub' returned '0': CMAKE_PREFIX_PATH=${CMAKE_PREFIX_PATH}:/home/mk/lab_ws/install/my_publisher_pkg:/opt/ros/humble /usr/bin/cmake --build /home/mk/lab_ws/build/cpp_pubsub -- -j12 -l12
[0.248s] Invoking command in '/home/mk/lab_ws/build/cpp_pubsub': CMAKE_PREFIX_PATH=${CMAKE_PREFIX_PATH}:/home/mk/lab_ws/install/my_publisher_pkg:/opt/ros/humble /usr/bin/cmake --install /home/mk/lab_ws/build/cpp_pubsub
[0.254s] -- Install configuration: ""
[0.254s] -- Up-to-date: /home/mk/lab_ws/install/cpp_pubsub/lib/cpp_pubsub/talker
[0.254s] -- Up-to-date: /home/mk/lab_ws/install/cpp_pubsub/lib/cpp_pubsub/talker
[0.255s] -- Up-to-date: /home/mk/lab_ws/install/cpp_pubsub/lib/cpp_pubsub/listener
[0.255s] -- Up-to-date: /home/mk/lab_ws/install/cpp_pubsub/share/ament_index/resource_index/package_run_dependencies/cpp_pubsub
[0.255s] -- Up-to-date: /home/mk/lab_ws/install/cpp_pubsub/share/ament_index/resource_index/parent_prefix_path/cpp_pubsub
[0.255s] -- Up-to-date: /home/mk/lab_ws/install/cpp_pubsub/share/cpp_pubsub/environment/ament_prefix_path.sh
[0.255s] -- Up-to-date: /home/mk/lab_ws/install/cpp_pubsub/share/cpp_pubsub/environment/ament_prefix_path.dsv
[0.255s] -- Up-to-date: /home/mk/lab_ws/install/cpp_pubsub/share/cpp_pubsub/environment/path.sh
[0.255s] -- Up-to-date: /home/mk/lab_ws/install/cpp_pubsub/share/cpp_pubsub/environment/path.dsv
[0.255s] -- Up-to-date: /home/mk/lab_ws/install/cpp_pubsub/share/cpp_pubsub/local_setup.bash
[0.255s] -- Up-to-date: /home/mk/lab_ws/install/cpp_pubsub/share/cpp_pubsub/local_setup.sh
[0.255s] -- Up-to-date: /home/mk/lab_ws/install/cpp_pubsub/share/cpp_pubsub/local_setup.zsh
[0.255s] -- Up-to-date: /home/mk/lab_ws/install/cpp_pubsub/share/cpp_pubsub/local_setup.dsv
[0.255s] -- Installing: /home/mk/lab_ws/install/cpp_pubsub/share/cpp_pubsub/package.dsv
[0.255s] -- Up-to-date: /home/mk/lab_ws/install/cpp_pubsub/share/ament_index/resource_index/packages/cpp_pubsub
[0.255s] -- Up-to-date: /home/mk/lab_ws/install/cpp_pubsub/share/cpp_pubsub/cmake/cpp_pubsubConfig.cmake
[0.255s] -- Up-to-date: /home/mk/lab_ws/install/cpp_pubsub/share/cpp_pubsub/cmake/cpp_pubsubConfig-version.cmake
[0.256s] -- Up-to-date: /home/mk/lab_ws/install/cpp_pubsub/share/cpp_pubsub/package.xml
[0.257s] Invoked command in '/home/mk/lab_ws/build/cpp_pubsub' returned '0': CMAKE_PREFIX_PATH=${CMAKE_PREFIX_PATH}:/home/mk/lab_ws/install/my_publisher_pkg:/opt/ros/humble /usr/bin/cmake --install /home/mk/lab_ws/build/cpp_pubsub
