/home/mk/lab_ws/install/my_publisher_pkg/lib/python3.10/site-packages/my_publisher_pkg/move_turtle.py
/home/mk/lab_ws/install/my_publisher_pkg/lib/python3.10/site-packages/my_publisher_pkg/turtle_controller.py
/home/mk/lab_ws/install/my_publisher_pkg/lib/python3.10/site-packages/my_publisher_pkg/__init__.py
/home/mk/lab_ws/install/my_publisher_pkg/lib/python3.10/site-packages/my_publisher_pkg/my_publisher.py
/home/mk/lab_ws/install/my_publisher_pkg/lib/python3.10/site-packages/my_publisher_pkg/pose_subscriber.py
/home/mk/lab_ws/install/my_publisher_pkg/lib/python3.10/site-packages/my_publisher_pkg/__pycache__/move_turtle.cpython-310.pyc
/home/mk/lab_ws/install/my_publisher_pkg/lib/python3.10/site-packages/my_publisher_pkg/__pycache__/turtle_controller.cpython-310.pyc
/home/mk/lab_ws/install/my_publisher_pkg/lib/python3.10/site-packages/my_publisher_pkg/__pycache__/__init__.cpython-310.pyc
/home/mk/lab_ws/install/my_publisher_pkg/lib/python3.10/site-packages/my_publisher_pkg/__pycache__/my_publisher.cpython-310.pyc
/home/mk/lab_ws/install/my_publisher_pkg/lib/python3.10/site-packages/my_publisher_pkg/__pycache__/pose_subscriber.cpython-310.pyc
/home/mk/lab_ws/install/my_publisher_pkg/share/ament_index/resource_index/packages/my_publisher_pkg
/home/mk/lab_ws/install/my_publisher_pkg/share/my_publisher_pkg/package.xml
/home/mk/lab_ws/install/my_publisher_pkg/lib/python3.10/site-packages/my_publisher_pkg-0.0.0-py3.10.egg-info/PKG-INFO
/home/mk/lab_ws/install/my_publisher_pkg/lib/python3.10/site-packages/my_publisher_pkg-0.0.0-py3.10.egg-info/requires.txt
/home/mk/lab_ws/install/my_publisher_pkg/lib/python3.10/site-packages/my_publisher_pkg-0.0.0-py3.10.egg-info/dependency_links.txt
/home/mk/lab_ws/install/my_publisher_pkg/lib/python3.10/site-packages/my_publisher_pkg-0.0.0-py3.10.egg-info/SOURCES.txt
/home/mk/lab_ws/install/my_publisher_pkg/lib/python3.10/site-packages/my_publisher_pkg-0.0.0-py3.10.egg-info/entry_points.txt
/home/mk/lab_ws/install/my_publisher_pkg/lib/python3.10/site-packages/my_publisher_pkg-0.0.0-py3.10.egg-info/top_level.txt
/home/mk/lab_ws/install/my_publisher_pkg/lib/python3.10/site-packages/my_publisher_pkg-0.0.0-py3.10.egg-info/zip-safe
/home/mk/lab_ws/install/my_publisher_pkg/lib/my_publisher_pkg/move_turtle
/home/mk/lab_ws/install/my_publisher_pkg/lib/my_publisher_pkg/my_publisher
/home/mk/lab_ws/install/my_publisher_pkg/lib/my_publisher_pkg/pose_subscriber
/home/mk/lab_ws/install/my_publisher_pkg/lib/my_publisher_pkg/turtle_controller
