[0.076s] DEBUG:colcon:Command line arguments: ['/usr/bin/colcon', 'build']
[0.076s] DEBUG:colcon:Parsed command line arguments: Namespace(log_base=None, log_level=None, verb_name='build', build_base='build', install_base='install', merge_install=False, symlink_install=False, test_result_base=None, continue_on_error=False, executor='parallel', parallel_workers=12, event_handlers=None, ignore_user_meta=False, metas=['./colcon.meta'], base_paths=['.'], packages_ignore=None, packages_ignore_regex=None, paths=None, packages_up_to=None, packages_up_to_regex=None, packages_above=None, packages_above_and_dependencies=None, packages_above_depth=None, packages_select_by_dep=None, packages_skip_by_dep=None, packages_skip_up_to=None, packages_select_build_failed=False, packages_skip_build_finished=False, packages_select_test_failures=False, packages_skip_test_passed=False, packages_select=None, packages_skip=None, packages_select_regex=None, packages_skip_regex=None, packages_start=None, packages_end=None, allow_overriding=[], cmake_args=None, cmake_target=None, cmake_target_skip_unavailable=False, cmake_clean_cache=False, cmake_clean_first=False, cmake_force_configure=False, ament_cmake_args=None, catkin_cmake_args=None, catkin_skip_building_tests=False, mixin_files=None, mixin=None, verb_parser=<colcon_mixin.mixin.mixin_argument.MixinArgumentDecorator object at 0x710b0e06da50>, verb_extension=<colcon_core.verb.build.BuildVerb object at 0x710b0e06d480>, main=<bound method BuildVerb.main of <colcon_core.verb.build.BuildVerb object at 0x710b0e06d480>>, mixin_verb=('build',))
[0.217s] Level 1:colcon.colcon_core.package_discovery:discover_packages(colcon_meta) check parameters
[0.217s] Level 1:colcon.colcon_core.package_discovery:discover_packages(recursive) check parameters
[0.217s] Level 1:colcon.colcon_core.package_discovery:discover_packages(ignore) check parameters
[0.217s] Level 1:colcon.colcon_core.package_discovery:discover_packages(path) check parameters
[0.217s] Level 1:colcon.colcon_core.package_discovery:discover_packages(colcon_meta) discover
[0.217s] Level 1:colcon.colcon_core.package_discovery:discover_packages(recursive) discover
[0.217s] INFO:colcon.colcon_core.package_discovery:Crawling recursively for packages in '/home/mk/lab_ws'
[0.217s] Level 1:colcon.colcon_core.package_identification:_identify(.) by extensions ['ignore', 'ignore_ament_install']
[0.217s] Level 1:colcon.colcon_core.package_identification:_identify(.) by extension 'ignore'
[0.217s] Level 1:colcon.colcon_core.package_identification:_identify(.) by extension 'ignore_ament_install'
[0.217s] Level 1:colcon.colcon_core.package_identification:_identify(.) by extensions ['colcon_pkg']
[0.217s] Level 1:colcon.colcon_core.package_identification:_identify(.) by extension 'colcon_pkg'
[0.217s] Level 1:colcon.colcon_core.package_identification:_identify(.) by extensions ['colcon_meta']
[0.217s] Level 1:colcon.colcon_core.package_identification:_identify(.) by extension 'colcon_meta'
[0.217s] Level 1:colcon.colcon_core.package_identification:_identify(.) by extensions ['ros']
[0.217s] Level 1:colcon.colcon_core.package_identification:_identify(.) by extension 'ros'
[0.233s] Level 1:colcon.colcon_core.package_identification:_identify(.) by extensions ['cmake', 'python']
[0.233s] Level 1:colcon.colcon_core.package_identification:_identify(.) by extension 'cmake'
[0.233s] Level 1:colcon.colcon_core.package_identification:_identify(.) by extension 'python'
[0.233s] Level 1:colcon.colcon_core.package_identification:_identify(.) by extensions ['python_setup_py']
[0.233s] Level 1:colcon.colcon_core.package_identification:_identify(.) by extension 'python_setup_py'
[0.234s] Level 1:colcon.colcon_core.package_identification:_identify(build) by extensions ['ignore', 'ignore_ament_install']
[0.234s] Level 1:colcon.colcon_core.package_identification:_identify(build) by extension 'ignore'
[0.234s] Level 1:colcon.colcon_core.package_identification:_identify(build) ignored
[0.234s] Level 1:colcon.colcon_core.package_identification:_identify(install) by extensions ['ignore', 'ignore_ament_install']
[0.234s] Level 1:colcon.colcon_core.package_identification:_identify(install) by extension 'ignore'
[0.234s] Level 1:colcon.colcon_core.package_identification:_identify(install) ignored
[0.234s] Level 1:colcon.colcon_core.package_identification:_identify(log) by extensions ['ignore', 'ignore_ament_install']
[0.234s] Level 1:colcon.colcon_core.package_identification:_identify(log) by extension 'ignore'
[0.234s] Level 1:colcon.colcon_core.package_identification:_identify(log) ignored
[0.234s] Level 1:colcon.colcon_core.package_identification:_identify(my_publisher_pkg) by extensions ['ignore', 'ignore_ament_install']
[0.234s] Level 1:colcon.colcon_core.package_identification:_identify(my_publisher_pkg) by extension 'ignore'
[0.234s] Level 1:colcon.colcon_core.package_identification:_identify(my_publisher_pkg) by extension 'ignore_ament_install'
[0.234s] Level 1:colcon.colcon_core.package_identification:_identify(my_publisher_pkg) by extensions ['colcon_pkg']
[0.234s] Level 1:colcon.colcon_core.package_identification:_identify(my_publisher_pkg) by extension 'colcon_pkg'
[0.234s] Level 1:colcon.colcon_core.package_identification:_identify(my_publisher_pkg) by extensions ['colcon_meta']
[0.234s] Level 1:colcon.colcon_core.package_identification:_identify(my_publisher_pkg) by extension 'colcon_meta'
[0.234s] Level 1:colcon.colcon_core.package_identification:_identify(my_publisher_pkg) by extensions ['ros']
[0.234s] Level 1:colcon.colcon_core.package_identification:_identify(my_publisher_pkg) by extension 'ros'
[0.236s] DEBUG:colcon.colcon_core.package_identification:Package 'my_publisher_pkg' with type 'ros.ament_python' and name 'my_publisher_pkg'
[0.236s] Level 1:colcon.colcon_core.package_identification:_identify(src) by extensions ['ignore', 'ignore_ament_install']
[0.236s] Level 1:colcon.colcon_core.package_identification:_identify(src) by extension 'ignore'
[0.236s] Level 1:colcon.colcon_core.package_identification:_identify(src) by extension 'ignore_ament_install'
[0.236s] Level 1:colcon.colcon_core.package_identification:_identify(src) by extensions ['colcon_pkg']
[0.236s] Level 1:colcon.colcon_core.package_identification:_identify(src) by extension 'colcon_pkg'
[0.236s] Level 1:colcon.colcon_core.package_identification:_identify(src) by extensions ['colcon_meta']
[0.236s] Level 1:colcon.colcon_core.package_identification:_identify(src) by extension 'colcon_meta'
[0.236s] Level 1:colcon.colcon_core.package_identification:_identify(src) by extensions ['ros']
[0.236s] Level 1:colcon.colcon_core.package_identification:_identify(src) by extension 'ros'
[0.236s] Level 1:colcon.colcon_core.package_identification:_identify(src) by extensions ['cmake', 'python']
[0.236s] Level 1:colcon.colcon_core.package_identification:_identify(src) by extension 'cmake'
[0.236s] Level 1:colcon.colcon_core.package_identification:_identify(src) by extension 'python'
[0.236s] Level 1:colcon.colcon_core.package_identification:_identify(src) by extensions ['python_setup_py']
[0.236s] Level 1:colcon.colcon_core.package_identification:_identify(src) by extension 'python_setup_py'
[0.237s] Level 1:colcon.colcon_core.package_identification:_identify(src/cpp_pubsub) by extensions ['ignore', 'ignore_ament_install']
[0.237s] Level 1:colcon.colcon_core.package_identification:_identify(src/cpp_pubsub) by extension 'ignore'
[0.237s] Level 1:colcon.colcon_core.package_identification:_identify(src/cpp_pubsub) by extension 'ignore_ament_install'
[0.237s] Level 1:colcon.colcon_core.package_identification:_identify(src/cpp_pubsub) by extensions ['colcon_pkg']
[0.237s] Level 1:colcon.colcon_core.package_identification:_identify(src/cpp_pubsub) by extension 'colcon_pkg'
[0.237s] Level 1:colcon.colcon_core.package_identification:_identify(src/cpp_pubsub) by extensions ['colcon_meta']
[0.237s] Level 1:colcon.colcon_core.package_identification:_identify(src/cpp_pubsub) by extension 'colcon_meta'
[0.237s] Level 1:colcon.colcon_core.package_identification:_identify(src/cpp_pubsub) by extensions ['ros']
[0.237s] Level 1:colcon.colcon_core.package_identification:_identify(src/cpp_pubsub) by extension 'ros'
[0.237s] DEBUG:colcon.colcon_core.package_identification:Package 'src/cpp_pubsub' with type 'ros.ament_cmake' and name 'cpp_pubsub'
[0.237s] Level 1:colcon.colcon_core.package_identification:_identify(src/turtle_controller) by extensions ['ignore', 'ignore_ament_install']
[0.237s] Level 1:colcon.colcon_core.package_identification:_identify(src/turtle_controller) by extension 'ignore'
[0.237s] Level 1:colcon.colcon_core.package_identification:_identify(src/turtle_controller) by extension 'ignore_ament_install'
[0.237s] Level 1:colcon.colcon_core.package_identification:_identify(src/turtle_controller) by extensions ['colcon_pkg']
[0.237s] Level 1:colcon.colcon_core.package_identification:_identify(src/turtle_controller) by extension 'colcon_pkg'
[0.237s] Level 1:colcon.colcon_core.package_identification:_identify(src/turtle_controller) by extensions ['colcon_meta']
[0.238s] Level 1:colcon.colcon_core.package_identification:_identify(src/turtle_controller) by extension 'colcon_meta'
[0.238s] Level 1:colcon.colcon_core.package_identification:_identify(src/turtle_controller) by extensions ['ros']
[0.238s] Level 1:colcon.colcon_core.package_identification:_identify(src/turtle_controller) by extension 'ros'
[0.238s] DEBUG:colcon.colcon_core.package_identification:Package 'src/turtle_controller' with type 'ros.ament_cmake' and name 'turtle_controller'
[0.238s] Level 1:colcon.colcon_core.package_identification:_identify(src/turtle_spawner) by extensions ['ignore', 'ignore_ament_install']
[0.238s] Level 1:colcon.colcon_core.package_identification:_identify(src/turtle_spawner) by extension 'ignore'
[0.238s] Level 1:colcon.colcon_core.package_identification:_identify(src/turtle_spawner) by extension 'ignore_ament_install'
[0.238s] Level 1:colcon.colcon_core.package_identification:_identify(src/turtle_spawner) by extensions ['colcon_pkg']
[0.238s] Level 1:colcon.colcon_core.package_identification:_identify(src/turtle_spawner) by extension 'colcon_pkg'
[0.238s] Level 1:colcon.colcon_core.package_identification:_identify(src/turtle_spawner) by extensions ['colcon_meta']
[0.238s] Level 1:colcon.colcon_core.package_identification:_identify(src/turtle_spawner) by extension 'colcon_meta'
[0.238s] Level 1:colcon.colcon_core.package_identification:_identify(src/turtle_spawner) by extensions ['ros']
[0.238s] Level 1:colcon.colcon_core.package_identification:_identify(src/turtle_spawner) by extension 'ros'
[0.239s] DEBUG:colcon.colcon_core.package_identification:Package 'src/turtle_spawner' with type 'ros.ament_cmake' and name 'turtle_spawner'
[0.239s] Level 1:colcon.colcon_core.package_discovery:discover_packages(recursive) using defaults
[0.239s] Level 1:colcon.colcon_core.package_discovery:discover_packages(ignore) discover
[0.239s] Level 1:colcon.colcon_core.package_discovery:discover_packages(ignore) using defaults
[0.239s] Level 1:colcon.colcon_core.package_discovery:discover_packages(path) discover
[0.239s] Level 1:colcon.colcon_core.package_discovery:discover_packages(path) using defaults
[0.252s] Level 1:colcon.colcon_core.package_discovery:discover_packages(prefix_path) check parameters
[0.252s] Level 1:colcon.colcon_core.package_discovery:discover_packages(prefix_path) discover
[0.254s] DEBUG:colcon.colcon_installed_package_information.package_discovery:Found 3 installed packages in /home/mk/lab_ws/install
[0.255s] DEBUG:colcon.colcon_installed_package_information.package_discovery:Found 383 installed packages in /opt/ros/humble
[0.257s] Level 1:colcon.colcon_core.package_discovery:discover_packages(prefix_path) using defaults
[0.289s] Level 5:colcon.colcon_core.verb:set package 'cpp_pubsub' build argument 'cmake_args' from command line to 'None'
[0.289s] Level 5:colcon.colcon_core.verb:set package 'cpp_pubsub' build argument 'cmake_target' from command line to 'None'
[0.289s] Level 5:colcon.colcon_core.verb:set package 'cpp_pubsub' build argument 'cmake_target_skip_unavailable' from command line to 'False'
[0.289s] Level 5:colcon.colcon_core.verb:set package 'cpp_pubsub' build argument 'cmake_clean_cache' from command line to 'False'
[0.289s] Level 5:colcon.colcon_core.verb:set package 'cpp_pubsub' build argument 'cmake_clean_first' from command line to 'False'
[0.289s] Level 5:colcon.colcon_core.verb:set package 'cpp_pubsub' build argument 'cmake_force_configure' from command line to 'False'
[0.289s] Level 5:colcon.colcon_core.verb:set package 'cpp_pubsub' build argument 'ament_cmake_args' from command line to 'None'
[0.289s] Level 5:colcon.colcon_core.verb:set package 'cpp_pubsub' build argument 'catkin_cmake_args' from command line to 'None'
[0.289s] Level 5:colcon.colcon_core.verb:set package 'cpp_pubsub' build argument 'catkin_skip_building_tests' from command line to 'False'
[0.289s] DEBUG:colcon.colcon_core.verb:Building package 'cpp_pubsub' with the following arguments: {'ament_cmake_args': None, 'build_base': '/home/mk/lab_ws/build/cpp_pubsub', 'catkin_cmake_args': None, 'catkin_skip_building_tests': False, 'cmake_args': None, 'cmake_clean_cache': False, 'cmake_clean_first': False, 'cmake_force_configure': False, 'cmake_target': None, 'cmake_target_skip_unavailable': False, 'install_base': '/home/mk/lab_ws/install/cpp_pubsub', 'merge_install': False, 'path': '/home/mk/lab_ws/src/cpp_pubsub', 'symlink_install': False, 'test_result_base': None}
[0.290s] Level 5:colcon.colcon_core.verb:set package 'my_publisher_pkg' build argument 'cmake_args' from command line to 'None'
[0.290s] Level 5:colcon.colcon_core.verb:set package 'my_publisher_pkg' build argument 'cmake_target' from command line to 'None'
[0.290s] Level 5:colcon.colcon_core.verb:set package 'my_publisher_pkg' build argument 'cmake_target_skip_unavailable' from command line to 'False'
[0.290s] Level 5:colcon.colcon_core.verb:set package 'my_publisher_pkg' build argument 'cmake_clean_cache' from command line to 'False'
[0.290s] Level 5:colcon.colcon_core.verb:set package 'my_publisher_pkg' build argument 'cmake_clean_first' from command line to 'False'
[0.290s] Level 5:colcon.colcon_core.verb:set package 'my_publisher_pkg' build argument 'cmake_force_configure' from command line to 'False'
[0.290s] Level 5:colcon.colcon_core.verb:set package 'my_publisher_pkg' build argument 'ament_cmake_args' from command line to 'None'
[0.290s] Level 5:colcon.colcon_core.verb:set package 'my_publisher_pkg' build argument 'catkin_cmake_args' from command line to 'None'
[0.290s] Level 5:colcon.colcon_core.verb:set package 'my_publisher_pkg' build argument 'catkin_skip_building_tests' from command line to 'False'
[0.290s] DEBUG:colcon.colcon_core.verb:Building package 'my_publisher_pkg' with the following arguments: {'ament_cmake_args': None, 'build_base': '/home/mk/lab_ws/build/my_publisher_pkg', 'catkin_cmake_args': None, 'catkin_skip_building_tests': False, 'cmake_args': None, 'cmake_clean_cache': False, 'cmake_clean_first': False, 'cmake_force_configure': False, 'cmake_target': None, 'cmake_target_skip_unavailable': False, 'install_base': '/home/mk/lab_ws/install/my_publisher_pkg', 'merge_install': False, 'path': '/home/mk/lab_ws/my_publisher_pkg', 'symlink_install': False, 'test_result_base': None}
[0.290s] Level 5:colcon.colcon_core.verb:set package 'turtle_controller' build argument 'cmake_args' from command line to 'None'
[0.290s] Level 5:colcon.colcon_core.verb:set package 'turtle_controller' build argument 'cmake_target' from command line to 'None'
[0.290s] Level 5:colcon.colcon_core.verb:set package 'turtle_controller' build argument 'cmake_target_skip_unavailable' from command line to 'False'
[0.290s] Level 5:colcon.colcon_core.verb:set package 'turtle_controller' build argument 'cmake_clean_cache' from command line to 'False'
[0.290s] Level 5:colcon.colcon_core.verb:set package 'turtle_controller' build argument 'cmake_clean_first' from command line to 'False'
[0.290s] Level 5:colcon.colcon_core.verb:set package 'turtle_controller' build argument 'cmake_force_configure' from command line to 'False'
[0.290s] Level 5:colcon.colcon_core.verb:set package 'turtle_controller' build argument 'ament_cmake_args' from command line to 'None'
[0.290s] Level 5:colcon.colcon_core.verb:set package 'turtle_controller' build argument 'catkin_cmake_args' from command line to 'None'
[0.290s] Level 5:colcon.colcon_core.verb:set package 'turtle_controller' build argument 'catkin_skip_building_tests' from command line to 'False'
[0.290s] DEBUG:colcon.colcon_core.verb:Building package 'turtle_controller' with the following arguments: {'ament_cmake_args': None, 'build_base': '/home/mk/lab_ws/build/turtle_controller', 'catkin_cmake_args': None, 'catkin_skip_building_tests': False, 'cmake_args': None, 'cmake_clean_cache': False, 'cmake_clean_first': False, 'cmake_force_configure': False, 'cmake_target': None, 'cmake_target_skip_unavailable': False, 'install_base': '/home/mk/lab_ws/install/turtle_controller', 'merge_install': False, 'path': '/home/mk/lab_ws/src/turtle_controller', 'symlink_install': False, 'test_result_base': None}
[0.290s] Level 5:colcon.colcon_core.verb:set package 'turtle_spawner' build argument 'cmake_args' from command line to 'None'
[0.290s] Level 5:colcon.colcon_core.verb:set package 'turtle_spawner' build argument 'cmake_target' from command line to 'None'
[0.290s] Level 5:colcon.colcon_core.verb:set package 'turtle_spawner' build argument 'cmake_target_skip_unavailable' from command line to 'False'
[0.290s] Level 5:colcon.colcon_core.verb:set package 'turtle_spawner' build argument 'cmake_clean_cache' from command line to 'False'
[0.290s] Level 5:colcon.colcon_core.verb:set package 'turtle_spawner' build argument 'cmake_clean_first' from command line to 'False'
[0.290s] Level 5:colcon.colcon_core.verb:set package 'turtle_spawner' build argument 'cmake_force_configure' from command line to 'False'
[0.291s] Level 5:colcon.colcon_core.verb:set package 'turtle_spawner' build argument 'ament_cmake_args' from command line to 'None'
[0.291s] Level 5:colcon.colcon_core.verb:set package 'turtle_spawner' build argument 'catkin_cmake_args' from command line to 'None'
[0.291s] Level 5:colcon.colcon_core.verb:set package 'turtle_spawner' build argument 'catkin_skip_building_tests' from command line to 'False'
[0.291s] DEBUG:colcon.colcon_core.verb:Building package 'turtle_spawner' with the following arguments: {'ament_cmake_args': None, 'build_base': '/home/mk/lab_ws/build/turtle_spawner', 'catkin_cmake_args': None, 'catkin_skip_building_tests': False, 'cmake_args': None, 'cmake_clean_cache': False, 'cmake_clean_first': False, 'cmake_force_configure': False, 'cmake_target': None, 'cmake_target_skip_unavailable': False, 'install_base': '/home/mk/lab_ws/install/turtle_spawner', 'merge_install': False, 'path': '/home/mk/lab_ws/src/turtle_spawner', 'symlink_install': False, 'test_result_base': None}
[0.291s] INFO:colcon.colcon_core.executor:Executing jobs using 'parallel' executor
[0.291s] DEBUG:colcon.colcon_parallel_executor.executor.parallel:run_until_complete
[0.292s] INFO:colcon.colcon_ros.task.ament_cmake.build:Building ROS package in '/home/mk/lab_ws/src/cpp_pubsub' with build type 'ament_cmake'
[0.292s] INFO:colcon.colcon_cmake.task.cmake.build:Building CMake package in '/home/mk/lab_ws/src/cpp_pubsub'
[0.293s] INFO:colcon.colcon_core.plugin_system:Skipping extension 'colcon_core.shell.bat': Not used on non-Windows systems
[0.293s] INFO:colcon.colcon_core.shell:Skip shell extension 'powershell' for command environment: Not usable outside of PowerShell
[0.293s] DEBUG:colcon.colcon_core.shell:Skip shell extension 'dsv' for command environment
[0.296s] INFO:colcon.colcon_ros.task.ament_python.build:Building ROS package in '/home/mk/lab_ws/my_publisher_pkg' with build type 'ament_python'
[0.296s] Level 1:colcon.colcon_core.shell:create_environment_hook('my_publisher_pkg', 'ament_prefix_path')
[0.296s] INFO:colcon.colcon_core.shell:Creating environment hook '/home/mk/lab_ws/install/my_publisher_pkg/share/my_publisher_pkg/hook/ament_prefix_path.ps1'
[0.297s] INFO:colcon.colcon_core.shell:Creating environment descriptor '/home/mk/lab_ws/install/my_publisher_pkg/share/my_publisher_pkg/hook/ament_prefix_path.dsv'
[0.297s] INFO:colcon.colcon_core.shell:Creating environment hook '/home/mk/lab_ws/install/my_publisher_pkg/share/my_publisher_pkg/hook/ament_prefix_path.sh'
[0.298s] INFO:colcon.colcon_core.shell:Skip shell extension 'powershell' for command environment: Not usable outside of PowerShell
[0.298s] DEBUG:colcon.colcon_core.shell:Skip shell extension 'dsv' for command environment
[0.300s] INFO:colcon.colcon_ros.task.ament_cmake.build:Building ROS package in '/home/mk/lab_ws/src/turtle_controller' with build type 'ament_cmake'
[0.300s] INFO:colcon.colcon_cmake.task.cmake.build:Building CMake package in '/home/mk/lab_ws/src/turtle_controller'
[0.301s] INFO:colcon.colcon_core.shell:Skip shell extension 'powershell' for command environment: Not usable outside of PowerShell
[0.301s] DEBUG:colcon.colcon_core.shell:Skip shell extension 'dsv' for command environment
[0.303s] INFO:colcon.colcon_ros.task.ament_cmake.build:Building ROS package in '/home/mk/lab_ws/src/turtle_spawner' with build type 'ament_cmake'
[0.303s] INFO:colcon.colcon_cmake.task.cmake.build:Building CMake package in '/home/mk/lab_ws/src/turtle_spawner'
[0.303s] INFO:colcon.colcon_core.shell:Skip shell extension 'powershell' for command environment: Not usable outside of PowerShell
[0.303s] DEBUG:colcon.colcon_core.shell:Skip shell extension 'dsv' for command environment
[0.310s] DEBUG:colcon.colcon_core.event_handler.log_command:Invoking command in '/home/mk/lab_ws/build/cpp_pubsub': CMAKE_PREFIX_PATH=${CMAKE_PREFIX_PATH}:/home/mk/lab_ws/install/my_publisher_pkg:/opt/ros/humble /usr/bin/cmake --build /home/mk/lab_ws/build/cpp_pubsub -- -j12 -l12
[0.507s] INFO:colcon.colcon_core.task.python.build:Building Python package in '/home/mk/lab_ws/my_publisher_pkg'
[0.507s] INFO:colcon.colcon_core.shell:Skip shell extension 'powershell' for command environment: Not usable outside of PowerShell
[0.507s] DEBUG:colcon.colcon_core.shell:Skip shell extension 'dsv' for command environment
[0.513s] DEBUG:colcon.colcon_core.event_handler.log_command:Invoking command in '/home/mk/lab_ws/build/turtle_controller': CMAKE_PREFIX_PATH=${CMAKE_PREFIX_PATH}:/home/mk/lab_ws/install/my_publisher_pkg:/opt/ros/humble /usr/bin/cmake /home/mk/lab_ws/src/turtle_controller -DCMAKE_INSTALL_PREFIX=/home/mk/lab_ws/install/turtle_controller
[0.516s] DEBUG:colcon.colcon_core.event_handler.log_command:Invoking command in '/home/mk/lab_ws/build/turtle_spawner': CMAKE_PREFIX_PATH=${CMAKE_PREFIX_PATH}:/home/mk/lab_ws/install/my_publisher_pkg:/opt/ros/humble /usr/bin/cmake --build /home/mk/lab_ws/build/turtle_spawner -- -j12 -l12
[0.517s] DEBUG:colcon.colcon_core.event_handler.log_command:Invoked command in '/home/mk/lab_ws/build/cpp_pubsub' returned '0': CMAKE_PREFIX_PATH=${CMAKE_PREFIX_PATH}:/home/mk/lab_ws/install/my_publisher_pkg:/opt/ros/humble /usr/bin/cmake --build /home/mk/lab_ws/build/cpp_pubsub -- -j12 -l12
[0.550s] DEBUG:colcon.colcon_core.event_handler.log_command:Invoking command in '/home/mk/lab_ws/build/cpp_pubsub': CMAKE_PREFIX_PATH=${CMAKE_PREFIX_PATH}:/home/mk/lab_ws/install/my_publisher_pkg:/opt/ros/humble /usr/bin/cmake --install /home/mk/lab_ws/build/cpp_pubsub
[0.560s] Level 1:colcon.colcon_core.environment:create_environment_scripts_only(cpp_pubsub)
[0.560s] DEBUG:colcon.colcon_core.event_handler.log_command:Invoked command in '/home/mk/lab_ws/build/cpp_pubsub' returned '0': CMAKE_PREFIX_PATH=${CMAKE_PREFIX_PATH}:/home/mk/lab_ws/install/my_publisher_pkg:/opt/ros/humble /usr/bin/cmake --install /home/mk/lab_ws/build/cpp_pubsub
[0.562s] Level 1:colcon.colcon_core.environment:checking '/home/mk/lab_ws/install/cpp_pubsub' for CMake module files
[0.562s] Level 1:colcon.colcon_core.environment:checking '/home/mk/lab_ws/install/cpp_pubsub' for CMake config files
[0.562s] Level 1:colcon.colcon_core.shell:create_environment_hook('cpp_pubsub', 'cmake_prefix_path')
[0.562s] INFO:colcon.colcon_core.shell:Creating environment hook '/home/mk/lab_ws/install/cpp_pubsub/share/cpp_pubsub/hook/cmake_prefix_path.ps1'
[0.563s] INFO:colcon.colcon_core.shell:Creating environment descriptor '/home/mk/lab_ws/install/cpp_pubsub/share/cpp_pubsub/hook/cmake_prefix_path.dsv'
[0.563s] INFO:colcon.colcon_core.shell:Creating environment hook '/home/mk/lab_ws/install/cpp_pubsub/share/cpp_pubsub/hook/cmake_prefix_path.sh'
[0.564s] Level 1:colcon.colcon_core.environment:checking '/home/mk/lab_ws/install/cpp_pubsub/lib'
[0.564s] Level 1:colcon.colcon_core.environment:checking '/home/mk/lab_ws/install/cpp_pubsub/bin'
[0.564s] Level 1:colcon.colcon_core.environment:checking '/home/mk/lab_ws/install/cpp_pubsub/lib/pkgconfig/cpp_pubsub.pc'
[0.564s] Level 1:colcon.colcon_core.environment:checking '/home/mk/lab_ws/install/cpp_pubsub/lib/python3.10/site-packages'
[0.564s] Level 1:colcon.colcon_core.environment:checking '/home/mk/lab_ws/install/cpp_pubsub/bin'
[0.564s] INFO:colcon.colcon_core.shell:Creating package script '/home/mk/lab_ws/install/cpp_pubsub/share/cpp_pubsub/package.ps1'
[0.565s] INFO:colcon.colcon_core.shell:Creating package descriptor '/home/mk/lab_ws/install/cpp_pubsub/share/cpp_pubsub/package.dsv'
[0.566s] INFO:colcon.colcon_core.shell:Creating package script '/home/mk/lab_ws/install/cpp_pubsub/share/cpp_pubsub/package.sh'
[0.566s] INFO:colcon.colcon_core.shell:Creating package script '/home/mk/lab_ws/install/cpp_pubsub/share/cpp_pubsub/package.bash'
[0.567s] INFO:colcon.colcon_core.shell:Creating package script '/home/mk/lab_ws/install/cpp_pubsub/share/cpp_pubsub/package.zsh'
[0.567s] Level 1:colcon.colcon_core.environment:create_file_with_runtime_dependencies(/home/mk/lab_ws/install/cpp_pubsub/share/colcon-core/packages/cpp_pubsub)
[0.577s] DEBUG:colcon.colcon_core.event_handler.log_command:Invoked command in '/home/mk/lab_ws/build/turtle_spawner' returned '0': CMAKE_PREFIX_PATH=${CMAKE_PREFIX_PATH}:/home/mk/lab_ws/install/my_publisher_pkg:/opt/ros/humble /usr/bin/cmake --build /home/mk/lab_ws/build/turtle_spawner -- -j12 -l12
[0.591s] Level 1:colcon.colcon_core.environment:create_environment_scripts_only(cpp_pubsub)
[0.592s] Level 1:colcon.colcon_core.environment:checking '/home/mk/lab_ws/install/cpp_pubsub' for CMake module files
[0.592s] Level 1:colcon.colcon_core.environment:checking '/home/mk/lab_ws/install/cpp_pubsub' for CMake config files
[0.593s] Level 1:colcon.colcon_core.shell:create_environment_hook('cpp_pubsub', 'cmake_prefix_path')
[0.593s] INFO:colcon.colcon_core.shell:Creating environment hook '/home/mk/lab_ws/install/cpp_pubsub/share/cpp_pubsub/hook/cmake_prefix_path.ps1'
[0.593s] INFO:colcon.colcon_core.shell:Creating environment descriptor '/home/mk/lab_ws/install/cpp_pubsub/share/cpp_pubsub/hook/cmake_prefix_path.dsv'
[0.593s] INFO:colcon.colcon_core.shell:Creating environment hook '/home/mk/lab_ws/install/cpp_pubsub/share/cpp_pubsub/hook/cmake_prefix_path.sh'
[0.594s] Level 1:colcon.colcon_core.environment:checking '/home/mk/lab_ws/install/cpp_pubsub/lib'
[0.594s] Level 1:colcon.colcon_core.environment:checking '/home/mk/lab_ws/install/cpp_pubsub/bin'
[0.594s] Level 1:colcon.colcon_core.environment:checking '/home/mk/lab_ws/install/cpp_pubsub/lib/pkgconfig/cpp_pubsub.pc'
[0.594s] Level 1:colcon.colcon_core.environment:checking '/home/mk/lab_ws/install/cpp_pubsub/lib/python3.10/site-packages'
[0.594s] Level 1:colcon.colcon_core.environment:checking '/home/mk/lab_ws/install/cpp_pubsub/bin'
[0.595s] INFO:colcon.colcon_core.shell:Creating package script '/home/mk/lab_ws/install/cpp_pubsub/share/cpp_pubsub/package.ps1'
[0.595s] INFO:colcon.colcon_core.shell:Creating package descriptor '/home/mk/lab_ws/install/cpp_pubsub/share/cpp_pubsub/package.dsv'
[0.595s] INFO:colcon.colcon_core.shell:Creating package script '/home/mk/lab_ws/install/cpp_pubsub/share/cpp_pubsub/package.sh'
[0.596s] INFO:colcon.colcon_core.shell:Creating package script '/home/mk/lab_ws/install/cpp_pubsub/share/cpp_pubsub/package.bash'
[0.596s] INFO:colcon.colcon_core.shell:Creating package script '/home/mk/lab_ws/install/cpp_pubsub/share/cpp_pubsub/package.zsh'
[0.596s] Level 1:colcon.colcon_core.environment:create_file_with_runtime_dependencies(/home/mk/lab_ws/install/cpp_pubsub/share/colcon-core/packages/cpp_pubsub)
[0.600s] DEBUG:colcon.colcon_core.event_handler.log_command:Invoking command in '/home/mk/lab_ws/build/turtle_spawner': CMAKE_PREFIX_PATH=${CMAKE_PREFIX_PATH}:/home/mk/lab_ws/install/my_publisher_pkg:/opt/ros/humble /usr/bin/cmake --install /home/mk/lab_ws/build/turtle_spawner
[0.610s] Level 1:colcon.colcon_core.environment:create_environment_scripts_only(turtle_spawner)
[0.610s] Level 1:colcon.colcon_core.environment:checking '/home/mk/lab_ws/install/turtle_spawner' for CMake module files
[0.610s] DEBUG:colcon.colcon_core.event_handler.log_command:Invoked command in '/home/mk/lab_ws/build/turtle_spawner' returned '0': CMAKE_PREFIX_PATH=${CMAKE_PREFIX_PATH}:/home/mk/lab_ws/install/my_publisher_pkg:/opt/ros/humble /usr/bin/cmake --install /home/mk/lab_ws/build/turtle_spawner
[0.610s] Level 1:colcon.colcon_core.environment:checking '/home/mk/lab_ws/install/turtle_spawner' for CMake config files
[0.611s] Level 1:colcon.colcon_core.shell:create_environment_hook('turtle_spawner', 'cmake_prefix_path')
[0.611s] INFO:colcon.colcon_core.shell:Creating environment hook '/home/mk/lab_ws/install/turtle_spawner/share/turtle_spawner/hook/cmake_prefix_path.ps1'
[0.611s] INFO:colcon.colcon_core.shell:Creating environment descriptor '/home/mk/lab_ws/install/turtle_spawner/share/turtle_spawner/hook/cmake_prefix_path.dsv'
[0.611s] INFO:colcon.colcon_core.shell:Creating environment hook '/home/mk/lab_ws/install/turtle_spawner/share/turtle_spawner/hook/cmake_prefix_path.sh'
[0.612s] Level 1:colcon.colcon_core.environment:checking '/home/mk/lab_ws/install/turtle_spawner/lib'
[0.612s] Level 1:colcon.colcon_core.environment:checking '/home/mk/lab_ws/install/turtle_spawner/bin'
[0.612s] Level 1:colcon.colcon_core.environment:checking '/home/mk/lab_ws/install/turtle_spawner/lib/pkgconfig/turtle_spawner.pc'
[0.612s] Level 1:colcon.colcon_core.environment:checking '/home/mk/lab_ws/install/turtle_spawner/lib/python3.10/site-packages'
[0.612s] Level 1:colcon.colcon_core.environment:checking '/home/mk/lab_ws/install/turtle_spawner/bin'
[0.612s] INFO:colcon.colcon_core.shell:Creating package script '/home/mk/lab_ws/install/turtle_spawner/share/turtle_spawner/package.ps1'
[0.613s] INFO:colcon.colcon_core.shell:Creating package descriptor '/home/mk/lab_ws/install/turtle_spawner/share/turtle_spawner/package.dsv'
[0.613s] INFO:colcon.colcon_core.shell:Creating package script '/home/mk/lab_ws/install/turtle_spawner/share/turtle_spawner/package.sh'
[0.613s] INFO:colcon.colcon_core.shell:Creating package script '/home/mk/lab_ws/install/turtle_spawner/share/turtle_spawner/package.bash'
[0.614s] INFO:colcon.colcon_core.shell:Creating package script '/home/mk/lab_ws/install/turtle_spawner/share/turtle_spawner/package.zsh'
[0.614s] Level 1:colcon.colcon_core.environment:create_file_with_runtime_dependencies(/home/mk/lab_ws/install/turtle_spawner/share/colcon-core/packages/turtle_spawner)
[0.635s] Level 1:colcon.colcon_core.environment:create_environment_scripts_only(turtle_spawner)
[0.635s] Level 1:colcon.colcon_core.environment:checking '/home/mk/lab_ws/install/turtle_spawner' for CMake module files
[0.636s] Level 1:colcon.colcon_core.environment:checking '/home/mk/lab_ws/install/turtle_spawner' for CMake config files
[0.636s] Level 1:colcon.colcon_core.shell:create_environment_hook('turtle_spawner', 'cmake_prefix_path')
[0.636s] INFO:colcon.colcon_core.shell:Creating environment hook '/home/mk/lab_ws/install/turtle_spawner/share/turtle_spawner/hook/cmake_prefix_path.ps1'
[0.636s] INFO:colcon.colcon_core.shell:Creating environment descriptor '/home/mk/lab_ws/install/turtle_spawner/share/turtle_spawner/hook/cmake_prefix_path.dsv'
[0.637s] INFO:colcon.colcon_core.shell:Creating environment hook '/home/mk/lab_ws/install/turtle_spawner/share/turtle_spawner/hook/cmake_prefix_path.sh'
[0.637s] Level 1:colcon.colcon_core.environment:checking '/home/mk/lab_ws/install/turtle_spawner/lib'
[0.637s] Level 1:colcon.colcon_core.environment:checking '/home/mk/lab_ws/install/turtle_spawner/bin'
[0.637s] Level 1:colcon.colcon_core.environment:checking '/home/mk/lab_ws/install/turtle_spawner/lib/pkgconfig/turtle_spawner.pc'
[0.637s] Level 1:colcon.colcon_core.environment:checking '/home/mk/lab_ws/install/turtle_spawner/lib/python3.10/site-packages'
[0.638s] Level 1:colcon.colcon_core.environment:checking '/home/mk/lab_ws/install/turtle_spawner/bin'
[0.638s] INFO:colcon.colcon_core.shell:Creating package script '/home/mk/lab_ws/install/turtle_spawner/share/turtle_spawner/package.ps1'
[0.638s] INFO:colcon.colcon_core.shell:Creating package descriptor '/home/mk/lab_ws/install/turtle_spawner/share/turtle_spawner/package.dsv'
[0.638s] INFO:colcon.colcon_core.shell:Creating package script '/home/mk/lab_ws/install/turtle_spawner/share/turtle_spawner/package.sh'
[0.639s] INFO:colcon.colcon_core.shell:Creating package script '/home/mk/lab_ws/install/turtle_spawner/share/turtle_spawner/package.bash'
[0.639s] INFO:colcon.colcon_core.shell:Creating package script '/home/mk/lab_ws/install/turtle_spawner/share/turtle_spawner/package.zsh'
[0.639s] Level 1:colcon.colcon_core.environment:create_file_with_runtime_dependencies(/home/mk/lab_ws/install/turtle_spawner/share/colcon-core/packages/turtle_spawner)
[0.805s] DEBUG:colcon.colcon_core.event_handler.log_command:Invoking command in '/home/mk/lab_ws/my_publisher_pkg': PYTHONPATH=/home/mk/lab_ws/build/my_publisher_pkg/prefix_override:/usr/lib/python3/dist-packages/colcon_core/task/python/colcon_distutils_commands:/home/mk/lab_ws/install/my_publisher_pkg/lib/python3.10/site-packages:${PYTHONPATH} /usr/bin/python3 -W ignore:setup.py install is deprecated setup.py egg_info --egg-base ../build/my_publisher_pkg build --build-base /home/mk/lab_ws/build/my_publisher_pkg/build install --record /home/mk/lab_ws/build/my_publisher_pkg/install.log --single-version-externally-managed install_data
[1.043s] Level 1:colcon.colcon_core.environment:checking '/home/mk/lab_ws/install/my_publisher_pkg' for CMake module files
[1.043s] DEBUG:colcon.colcon_core.event_handler.log_command:Invoked command in '/home/mk/lab_ws/my_publisher_pkg' returned '0': PYTHONPATH=/home/mk/lab_ws/build/my_publisher_pkg/prefix_override:/usr/lib/python3/dist-packages/colcon_core/task/python/colcon_distutils_commands:/home/mk/lab_ws/install/my_publisher_pkg/lib/python3.10/site-packages:${PYTHONPATH} /usr/bin/python3 -W ignore:setup.py install is deprecated setup.py egg_info --egg-base ../build/my_publisher_pkg build --build-base /home/mk/lab_ws/build/my_publisher_pkg/build install --record /home/mk/lab_ws/build/my_publisher_pkg/install.log --single-version-externally-managed install_data
[1.044s] Level 1:colcon.colcon_core.environment:checking '/home/mk/lab_ws/install/my_publisher_pkg' for CMake config files
[1.044s] Level 1:colcon.colcon_core.environment:checking '/home/mk/lab_ws/install/my_publisher_pkg/lib'
[1.044s] Level 1:colcon.colcon_core.environment:checking '/home/mk/lab_ws/install/my_publisher_pkg/bin'
[1.044s] Level 1:colcon.colcon_core.environment:checking '/home/mk/lab_ws/install/my_publisher_pkg/lib/pkgconfig/my_publisher_pkg.pc'
[1.044s] Level 1:colcon.colcon_core.environment:checking '/home/mk/lab_ws/install/my_publisher_pkg/lib/python3.10/site-packages'
[1.044s] Level 1:colcon.colcon_core.shell:create_environment_hook('my_publisher_pkg', 'pythonpath')
[1.045s] INFO:colcon.colcon_core.shell:Creating environment hook '/home/mk/lab_ws/install/my_publisher_pkg/share/my_publisher_pkg/hook/pythonpath.ps1'
[1.045s] INFO:colcon.colcon_core.shell:Creating environment descriptor '/home/mk/lab_ws/install/my_publisher_pkg/share/my_publisher_pkg/hook/pythonpath.dsv'
[1.045s] INFO:colcon.colcon_core.shell:Creating environment hook '/home/mk/lab_ws/install/my_publisher_pkg/share/my_publisher_pkg/hook/pythonpath.sh'
[1.046s] Level 1:colcon.colcon_core.environment:checking '/home/mk/lab_ws/install/my_publisher_pkg/bin'
[1.046s] Level 1:colcon.colcon_core.environment:create_environment_scripts_only(my_publisher_pkg)
[1.046s] INFO:colcon.colcon_core.shell:Creating package script '/home/mk/lab_ws/install/my_publisher_pkg/share/my_publisher_pkg/package.ps1'
[1.046s] INFO:colcon.colcon_core.shell:Creating package descriptor '/home/mk/lab_ws/install/my_publisher_pkg/share/my_publisher_pkg/package.dsv'
[1.047s] INFO:colcon.colcon_core.shell:Creating package script '/home/mk/lab_ws/install/my_publisher_pkg/share/my_publisher_pkg/package.sh'
[1.047s] INFO:colcon.colcon_core.shell:Creating package script '/home/mk/lab_ws/install/my_publisher_pkg/share/my_publisher_pkg/package.bash'
[1.048s] INFO:colcon.colcon_core.shell:Creating package script '/home/mk/lab_ws/install/my_publisher_pkg/share/my_publisher_pkg/package.zsh'
[1.048s] Level 1:colcon.colcon_core.environment:create_file_with_runtime_dependencies(/home/mk/lab_ws/install/my_publisher_pkg/share/colcon-core/packages/my_publisher_pkg)
[1.461s] DEBUG:colcon.colcon_core.event_handler.log_command:Invoked command in '/home/mk/lab_ws/build/turtle_controller' returned '0': CMAKE_PREFIX_PATH=${CMAKE_PREFIX_PATH}:/home/mk/lab_ws/install/my_publisher_pkg:/opt/ros/humble /usr/bin/cmake /home/mk/lab_ws/src/turtle_controller -DCMAKE_INSTALL_PREFIX=/home/mk/lab_ws/install/turtle_controller
[1.462s] DEBUG:colcon.colcon_core.event_handler.log_command:Invoking command in '/home/mk/lab_ws/build/turtle_controller': CMAKE_PREFIX_PATH=${CMAKE_PREFIX_PATH}:/home/mk/lab_ws/install/my_publisher_pkg:/opt/ros/humble /usr/bin/cmake --build /home/mk/lab_ws/build/turtle_controller -- -j12 -l12
[6.422s] DEBUG:colcon.colcon_core.event_handler.log_command:Invoked command in '/home/mk/lab_ws/build/turtle_controller' returned '0': CMAKE_PREFIX_PATH=${CMAKE_PREFIX_PATH}:/home/mk/lab_ws/install/my_publisher_pkg:/opt/ros/humble /usr/bin/cmake --build /home/mk/lab_ws/build/turtle_controller -- -j12 -l12
[6.445s] DEBUG:colcon.colcon_core.event_handler.log_command:Invoking command in '/home/mk/lab_ws/build/turtle_controller': CMAKE_PREFIX_PATH=${CMAKE_PREFIX_PATH}:/home/mk/lab_ws/install/my_publisher_pkg:/opt/ros/humble /usr/bin/cmake --install /home/mk/lab_ws/build/turtle_controller
[6.456s] Level 1:colcon.colcon_core.environment:create_environment_scripts_only(turtle_controller)
[6.456s] DEBUG:colcon.colcon_core.event_handler.log_command:Invoked command in '/home/mk/lab_ws/build/turtle_controller' returned '0': CMAKE_PREFIX_PATH=${CMAKE_PREFIX_PATH}:/home/mk/lab_ws/install/my_publisher_pkg:/opt/ros/humble /usr/bin/cmake --install /home/mk/lab_ws/build/turtle_controller
[6.456s] Level 1:colcon.colcon_core.environment:checking '/home/mk/lab_ws/install/turtle_controller' for CMake module files
[6.457s] Level 1:colcon.colcon_core.environment:checking '/home/mk/lab_ws/install/turtle_controller' for CMake config files
[6.457s] Level 1:colcon.colcon_core.shell:create_environment_hook('turtle_controller', 'cmake_prefix_path')
[6.457s] INFO:colcon.colcon_core.shell:Creating environment hook '/home/mk/lab_ws/install/turtle_controller/share/turtle_controller/hook/cmake_prefix_path.ps1'
[6.457s] INFO:colcon.colcon_core.shell:Creating environment descriptor '/home/mk/lab_ws/install/turtle_controller/share/turtle_controller/hook/cmake_prefix_path.dsv'
[6.458s] INFO:colcon.colcon_core.shell:Creating environment hook '/home/mk/lab_ws/install/turtle_controller/share/turtle_controller/hook/cmake_prefix_path.sh'
[6.458s] Level 1:colcon.colcon_core.environment:checking '/home/mk/lab_ws/install/turtle_controller/lib'
[6.458s] Level 1:colcon.colcon_core.environment:checking '/home/mk/lab_ws/install/turtle_controller/bin'
[6.458s] Level 1:colcon.colcon_core.environment:checking '/home/mk/lab_ws/install/turtle_controller/lib/pkgconfig/turtle_controller.pc'
[6.458s] Level 1:colcon.colcon_core.environment:checking '/home/mk/lab_ws/install/turtle_controller/lib/python3.10/site-packages'
[6.458s] Level 1:colcon.colcon_core.environment:checking '/home/mk/lab_ws/install/turtle_controller/bin'
[6.459s] INFO:colcon.colcon_core.shell:Creating package script '/home/mk/lab_ws/install/turtle_controller/share/turtle_controller/package.ps1'
[6.459s] INFO:colcon.colcon_core.shell:Creating package descriptor '/home/mk/lab_ws/install/turtle_controller/share/turtle_controller/package.dsv'
[6.459s] INFO:colcon.colcon_core.shell:Creating package script '/home/mk/lab_ws/install/turtle_controller/share/turtle_controller/package.sh'
[6.459s] INFO:colcon.colcon_core.shell:Creating package script '/home/mk/lab_ws/install/turtle_controller/share/turtle_controller/package.bash'
[6.460s] INFO:colcon.colcon_core.shell:Creating package script '/home/mk/lab_ws/install/turtle_controller/share/turtle_controller/package.zsh'
[6.460s] Level 1:colcon.colcon_core.environment:create_file_with_runtime_dependencies(/home/mk/lab_ws/install/turtle_controller/share/colcon-core/packages/turtle_controller)
[6.482s] Level 1:colcon.colcon_core.environment:create_environment_scripts_only(turtle_controller)
[6.482s] Level 1:colcon.colcon_core.environment:checking '/home/mk/lab_ws/install/turtle_controller' for CMake module files
[6.482s] Level 1:colcon.colcon_core.environment:checking '/home/mk/lab_ws/install/turtle_controller' for CMake config files
[6.483s] Level 1:colcon.colcon_core.shell:create_environment_hook('turtle_controller', 'cmake_prefix_path')
[6.483s] INFO:colcon.colcon_core.shell:Creating environment hook '/home/mk/lab_ws/install/turtle_controller/share/turtle_controller/hook/cmake_prefix_path.ps1'
[6.483s] INFO:colcon.colcon_core.shell:Creating environment descriptor '/home/mk/lab_ws/install/turtle_controller/share/turtle_controller/hook/cmake_prefix_path.dsv'
[6.484s] INFO:colcon.colcon_core.shell:Creating environment hook '/home/mk/lab_ws/install/turtle_controller/share/turtle_controller/hook/cmake_prefix_path.sh'
[6.484s] Level 1:colcon.colcon_core.environment:checking '/home/mk/lab_ws/install/turtle_controller/lib'
[6.484s] Level 1:colcon.colcon_core.environment:checking '/home/mk/lab_ws/install/turtle_controller/bin'
[6.484s] Level 1:colcon.colcon_core.environment:checking '/home/mk/lab_ws/install/turtle_controller/lib/pkgconfig/turtle_controller.pc'
[6.485s] Level 1:colcon.colcon_core.environment:checking '/home/mk/lab_ws/install/turtle_controller/lib/python3.10/site-packages'
[6.485s] Level 1:colcon.colcon_core.environment:checking '/home/mk/lab_ws/install/turtle_controller/bin'
[6.485s] INFO:colcon.colcon_core.shell:Creating package script '/home/mk/lab_ws/install/turtle_controller/share/turtle_controller/package.ps1'
[6.486s] INFO:colcon.colcon_core.shell:Creating package descriptor '/home/mk/lab_ws/install/turtle_controller/share/turtle_controller/package.dsv'
[6.486s] INFO:colcon.colcon_core.shell:Creating package script '/home/mk/lab_ws/install/turtle_controller/share/turtle_controller/package.sh'
[6.486s] INFO:colcon.colcon_core.shell:Creating package script '/home/mk/lab_ws/install/turtle_controller/share/turtle_controller/package.bash'
[6.487s] INFO:colcon.colcon_core.shell:Creating package script '/home/mk/lab_ws/install/turtle_controller/share/turtle_controller/package.zsh'
[6.487s] Level 1:colcon.colcon_core.environment:create_file_with_runtime_dependencies(/home/mk/lab_ws/install/turtle_controller/share/colcon-core/packages/turtle_controller)
[6.487s] DEBUG:colcon.colcon_parallel_executor.executor.parallel:closing loop
[6.488s] DEBUG:colcon.colcon_parallel_executor.executor.parallel:loop closed
[6.488s] DEBUG:colcon.colcon_parallel_executor.executor.parallel:run_until_complete finished with '0'
[6.488s] DEBUG:colcon.colcon_core.event_reactor:joining thread
[6.492s] INFO:colcon.colcon_core.plugin_system:Skipping extension 'colcon_notification.desktop_notification.terminal_notifier': Not used on non-Darwin systems
[6.492s] INFO:colcon.colcon_core.plugin_system:Skipping extension 'colcon_notification.desktop_notification.win32': Not used on non-Windows systems
[6.492s] INFO:colcon.colcon_notification.desktop_notification:Sending desktop notification using 'notify2'
[6.625s] DEBUG:colcon.colcon_core.event_reactor:joined thread
[6.625s] INFO:colcon.colcon_core.shell:Creating prefix script '/home/mk/lab_ws/install/local_setup.ps1'
[6.626s] INFO:colcon.colcon_core.shell:Creating prefix util module '/home/mk/lab_ws/install/_local_setup_util_ps1.py'
[6.627s] INFO:colcon.colcon_core.shell:Creating prefix chain script '/home/mk/lab_ws/install/setup.ps1'
[6.628s] INFO:colcon.colcon_core.shell:Creating prefix script '/home/mk/lab_ws/install/local_setup.sh'
[6.628s] INFO:colcon.colcon_core.shell:Creating prefix util module '/home/mk/lab_ws/install/_local_setup_util_sh.py'
[6.628s] INFO:colcon.colcon_core.shell:Creating prefix chain script '/home/mk/lab_ws/install/setup.sh'
[6.629s] INFO:colcon.colcon_core.shell:Creating prefix script '/home/mk/lab_ws/install/local_setup.bash'
[6.629s] INFO:colcon.colcon_core.shell:Creating prefix chain script '/home/mk/lab_ws/install/setup.bash'
[6.630s] INFO:colcon.colcon_core.shell:Creating prefix script '/home/mk/lab_ws/install/local_setup.zsh'
[6.630s] INFO:colcon.colcon_core.shell:Creating prefix chain script '/home/mk/lab_ws/install/setup.zsh'
