[0.015s] Invoking command in '/home/mk/lab_ws/build/cpp_pubsub': CMAKE_PREFIX_PATH=${CMAKE_PREFIX_PATH}:/home/mk/lab_ws/install/my_publisher_pkg:/opt/ros/humble /usr/bin/cmake --build /home/mk/lab_ws/build/cpp_pubsub -- -j12 -l12
[0.217s] [100%] Built target talker
[0.218s] [100%] Built target listener
[0.220s] Invoked command in '/home/mk/lab_ws/build/cpp_pubsub' returned '0': CMAKE_PREFIX_PATH=${CMAKE_PREFIX_PATH}:/home/mk/lab_ws/install/my_publisher_pkg:/opt/ros/humble /usr/bin/cmake --build /home/mk/lab_ws/build/cpp_pubsub -- -j12 -l12
[0.250s] Invoking command in '/home/mk/lab_ws/build/cpp_pubsub': CMAKE_PREFIX_PATH=${CMAKE_PREFIX_PATH}:/home/mk/lab_ws/install/my_publisher_pkg:/opt/ros/humble /usr/bin/cmake --install /home/mk/lab_ws/build/cpp_pubsub
[0.257s] -- Install configuration: ""
[0.257s] -- Up-to-date: /home/mk/lab_ws/install/cpp_pubsub/lib/cpp_pubsub/talker
[0.257s] -- Up-to-date: /home/mk/lab_ws/install/cpp_pubsub/lib/cpp_pubsub/talker
[0.258s] -- Up-to-date: /home/mk/lab_ws/install/cpp_pubsub/lib/cpp_pubsub/listener
[0.258s] -- Up-to-date: /home/mk/lab_ws/install/cpp_pubsub/share/ament_index/resource_index/package_run_dependencies/cpp_pubsub
[0.258s] -- Up-to-date: /home/mk/lab_ws/install/cpp_pubsub/share/ament_index/resource_index/parent_prefix_path/cpp_pubsub
[0.258s] -- Up-to-date: /home/mk/lab_ws/install/cpp_pubsub/share/cpp_pubsub/environment/ament_prefix_path.sh
[0.258s] -- Up-to-date: /home/mk/lab_ws/install/cpp_pubsub/share/cpp_pubsub/environment/ament_prefix_path.dsv
[0.258s] -- Up-to-date: /home/mk/lab_ws/install/cpp_pubsub/share/cpp_pubsub/environment/path.sh
[0.258s] -- Up-to-date: /home/mk/lab_ws/install/cpp_pubsub/share/cpp_pubsub/environment/path.dsv
[0.258s] -- Up-to-date: /home/mk/lab_ws/install/cpp_pubsub/share/cpp_pubsub/local_setup.bash
[0.258s] -- Up-to-date: /home/mk/lab_ws/install/cpp_pubsub/share/cpp_pubsub/local_setup.sh
[0.258s] -- Up-to-date: /home/mk/lab_ws/install/cpp_pubsub/share/cpp_pubsub/local_setup.zsh
[0.258s] -- Up-to-date: /home/mk/lab_ws/install/cpp_pubsub/share/cpp_pubsub/local_setup.dsv
[0.258s] -- Installing: /home/mk/lab_ws/install/cpp_pubsub/share/cpp_pubsub/package.dsv
[0.258s] -- Up-to-date: /home/mk/lab_ws/install/cpp_pubsub/share/ament_index/resource_index/packages/cpp_pubsub
[0.258s] -- Up-to-date: /home/mk/lab_ws/install/cpp_pubsub/share/cpp_pubsub/cmake/cpp_pubsubConfig.cmake
[0.259s] -- Up-to-date: /home/mk/lab_ws/install/cpp_pubsub/share/cpp_pubsub/cmake/cpp_pubsubConfig-version.cmake
[0.259s] -- Up-to-date: /home/mk/lab_ws/install/cpp_pubsub/share/cpp_pubsub/package.xml
[0.260s] Invoked command in '/home/mk/lab_ws/build/cpp_pubsub' returned '0': CMAKE_PREFIX_PATH=${CMAKE_PREFIX_PATH}:/home/mk/lab_ws/install/my_publisher_pkg:/opt/ros/humble /usr/bin/cmake --install /home/mk/lab_ws/build/cpp_pubsub
