[0.514s] Invoking command in '/home/mk/lab_ws/my_publisher_pkg': PYTHONPATH=/home/mk/lab_ws/build/my_publisher_pkg/prefix_override:/usr/lib/python3/dist-packages/colcon_core/task/python/colcon_distutils_commands:/home/mk/lab_ws/install/my_publisher_pkg/lib/python3.10/site-packages:${PYTHONPATH} /usr/bin/python3 -W ignore:setup.py install is deprecated setup.py egg_info --egg-base ../build/my_publisher_pkg build --build-base /home/mk/lab_ws/build/my_publisher_pkg/build install --record /home/mk/lab_ws/build/my_publisher_pkg/install.log --single-version-externally-managed install_data
[0.727s] running egg_info
[0.727s] writing ../build/my_publisher_pkg/my_publisher_pkg.egg-info/PKG-INFO
[0.727s] writing dependency_links to ../build/my_publisher_pkg/my_publisher_pkg.egg-info/dependency_links.txt
[0.727s] writing entry points to ../build/my_publisher_pkg/my_publisher_pkg.egg-info/entry_points.txt
[0.728s] writing requirements to ../build/my_publisher_pkg/my_publisher_pkg.egg-info/requires.txt
[0.728s] writing top-level names to ../build/my_publisher_pkg/my_publisher_pkg.egg-info/top_level.txt
[0.729s] reading manifest file '../build/my_publisher_pkg/my_publisher_pkg.egg-info/SOURCES.txt'
[0.730s] writing manifest file '../build/my_publisher_pkg/my_publisher_pkg.egg-info/SOURCES.txt'
[0.730s] running build
[0.730s] running build_py
[0.730s] running install
[0.730s] running install_lib
[0.731s] running install_data
[0.731s] running install_egg_info
[0.733s] removing '/home/mk/lab_ws/install/my_publisher_pkg/lib/python3.10/site-packages/my_publisher_pkg-0.0.0-py3.10.egg-info' (and everything under it)
[0.733s] Copying ../build/my_publisher_pkg/my_publisher_pkg.egg-info to /home/mk/lab_ws/install/my_publisher_pkg/lib/python3.10/site-packages/my_publisher_pkg-0.0.0-py3.10.egg-info
[0.734s] running install_scripts
[0.750s] Installing move_turtle script to /home/mk/lab_ws/install/my_publisher_pkg/lib/my_publisher_pkg
[0.750s] Installing my_publisher script to /home/mk/lab_ws/install/my_publisher_pkg/lib/my_publisher_pkg
[0.750s] Installing pose_subscriber script to /home/mk/lab_ws/install/my_publisher_pkg/lib/my_publisher_pkg
[0.750s] writing list of installed files to '/home/mk/lab_ws/build/my_publisher_pkg/install.log'
[0.774s] Invoked command in '/home/mk/lab_ws/my_publisher_pkg' returned '0': PYTHONPATH=/home/mk/lab_ws/build/my_publisher_pkg/prefix_override:/usr/lib/python3/dist-packages/colcon_core/task/python/colcon_distutils_commands:/home/mk/lab_ws/install/my_publisher_pkg/lib/python3.10/site-packages:${PYTHONPATH} /usr/bin/python3 -W ignore:setup.py install is deprecated setup.py egg_info --egg-base ../build/my_publisher_pkg build --build-base /home/mk/lab_ws/build/my_publisher_pkg/build install --record /home/mk/lab_ws/build/my_publisher_pkg/install.log --single-version-externally-managed install_data
