[0.541s] Invoking command in '/home/mk/lab_ws/my_publisher_pkg': PYTHONPATH=/home/mk/lab_ws/build/my_publisher_pkg/prefix_override:/usr/lib/python3/dist-packages/colcon_core/task/python/colcon_distutils_commands:/home/mk/lab_ws/install/my_publisher_pkg/lib/python3.10/site-packages:${PYTHONPATH} /usr/bin/python3 -W ignore:setup.py install is deprecated setup.py egg_info --egg-base ../build/my_publisher_pkg build --build-base /home/mk/lab_ws/build/my_publisher_pkg/build install --record /home/mk/lab_ws/build/my_publisher_pkg/install.log --single-version-externally-managed install_data
[0.725s] running egg_info
[0.725s] creating ../build/my_publisher_pkg/my_publisher_pkg.egg-info
[0.726s] writing ../build/my_publisher_pkg/my_publisher_pkg.egg-info/PKG-INFO
[0.726s] writing dependency_links to ../build/my_publisher_pkg/my_publisher_pkg.egg-info/dependency_links.txt
[0.726s] writing entry points to ../build/my_publisher_pkg/my_publisher_pkg.egg-info/entry_points.txt
[0.726s] writing requirements to ../build/my_publisher_pkg/my_publisher_pkg.egg-info/requires.txt
[0.726s] writing top-level names to ../build/my_publisher_pkg/my_publisher_pkg.egg-info/top_level.txt
[0.726s] writing manifest file '../build/my_publisher_pkg/my_publisher_pkg.egg-info/SOURCES.txt'
[0.728s] reading manifest file '../build/my_publisher_pkg/my_publisher_pkg.egg-info/SOURCES.txt'
[0.728s] writing manifest file '../build/my_publisher_pkg/my_publisher_pkg.egg-info/SOURCES.txt'
[0.728s] running build
[0.728s] running build_py
[0.728s] creating /home/mk/lab_ws/build/my_publisher_pkg/build
[0.728s] creating /home/mk/lab_ws/build/my_publisher_pkg/build/lib
[0.728s] creating /home/mk/lab_ws/build/my_publisher_pkg/build/lib/my_publisher_pkg
[0.728s] copying my_publisher_pkg/__init__.py -> /home/mk/lab_ws/build/my_publisher_pkg/build/lib/my_publisher_pkg
[0.729s] copying my_publisher_pkg/my_publisher.py -> /home/mk/lab_ws/build/my_publisher_pkg/build/lib/my_publisher_pkg
[0.729s] running install
[0.729s] running install_lib
[0.729s] creating /home/mk/lab_ws/install/my_publisher_pkg/lib/python3.10/site-packages/my_publisher_pkg
[0.729s] copying /home/mk/lab_ws/build/my_publisher_pkg/build/lib/my_publisher_pkg/__init__.py -> /home/mk/lab_ws/install/my_publisher_pkg/lib/python3.10/site-packages/my_publisher_pkg
[0.729s] copying /home/mk/lab_ws/build/my_publisher_pkg/build/lib/my_publisher_pkg/my_publisher.py -> /home/mk/lab_ws/install/my_publisher_pkg/lib/python3.10/site-packages/my_publisher_pkg
[0.730s] byte-compiling /home/mk/lab_ws/install/my_publisher_pkg/lib/python3.10/site-packages/my_publisher_pkg/__init__.py to __init__.cpython-310.pyc
[0.730s] byte-compiling /home/mk/lab_ws/install/my_publisher_pkg/lib/python3.10/site-packages/my_publisher_pkg/my_publisher.py to my_publisher.cpython-310.pyc
[0.730s] running install_data
[0.730s] creating /home/mk/lab_ws/install/my_publisher_pkg/share/ament_index
[0.730s] creating /home/mk/lab_ws/install/my_publisher_pkg/share/ament_index/resource_index
[0.731s] creating /home/mk/lab_ws/install/my_publisher_pkg/share/ament_index/resource_index/packages
[0.731s] copying resource/my_publisher_pkg -> /home/mk/lab_ws/install/my_publisher_pkg/share/ament_index/resource_index/packages
[0.731s] copying package.xml -> /home/mk/lab_ws/install/my_publisher_pkg/share/my_publisher_pkg
[0.731s] running install_egg_info
[0.732s] Copying ../build/my_publisher_pkg/my_publisher_pkg.egg-info to /home/mk/lab_ws/install/my_publisher_pkg/lib/python3.10/site-packages/my_publisher_pkg-0.0.0-py3.10.egg-info
[0.733s] running install_scripts
[0.747s] Installing my_publisher script to /home/mk/lab_ws/install/my_publisher_pkg/lib/my_publisher_pkg
[0.748s] writing list of installed files to '/home/mk/lab_ws/build/my_publisher_pkg/install.log'
[0.767s] Invoked command in '/home/mk/lab_ws/my_publisher_pkg' returned '0': PYTHONPATH=/home/mk/lab_ws/build/my_publisher_pkg/prefix_override:/usr/lib/python3/dist-packages/colcon_core/task/python/colcon_distutils_commands:/home/mk/lab_ws/install/my_publisher_pkg/lib/python3.10/site-packages:${PYTHONPATH} /usr/bin/python3 -W ignore:setup.py install is deprecated setup.py egg_info --egg-base ../build/my_publisher_pkg build --build-base /home/mk/lab_ws/build/my_publisher_pkg/build install --record /home/mk/lab_ws/build/my_publisher_pkg/install.log --single-version-externally-managed install_data
