[0.215s] Invoking command in '/home/mk/lab_ws/build/turtle_spawner': CMAKE_PREFIX_PATH=${CMAKE_PREFIX_PATH}:/home/mk/lab_ws/install/my_publisher_pkg:/opt/ros/humble /usr/bin/cmake --build /home/mk/lab_ws/build/turtle_spawner -- -j12 -l12
[0.263s] [100%] Built target turtle_spawn
[0.275s] Invoked command in '/home/mk/lab_ws/build/turtle_spawner' returned '0': CMAKE_PREFIX_PATH=${CMAKE_PREFIX_PATH}:/home/mk/lab_ws/install/my_publisher_pkg:/opt/ros/humble /usr/bin/cmake --build /home/mk/lab_ws/build/turtle_spawner -- -j12 -l12
[0.298s] Invoking command in '/home/mk/lab_ws/build/turtle_spawner': CMAKE_PREFIX_PATH=${CMAKE_PREFIX_PATH}:/home/mk/lab_ws/install/my_publisher_pkg:/opt/ros/humble /usr/bin/cmake --install /home/mk/lab_ws/build/turtle_spawner
[0.305s] -- Install configuration: ""
[0.305s] -- Up-to-date: /home/mk/lab_ws/install/turtle_spawner/lib/turtle_spawner/turtle_spawn
[0.305s] -- Up-to-date: /home/mk/lab_ws/install/turtle_spawner/share/ament_index/resource_index/package_run_dependencies/turtle_spawner
[0.306s] -- Up-to-date: /home/mk/lab_ws/install/turtle_spawner/share/ament_index/resource_index/parent_prefix_path/turtle_spawner
[0.306s] -- Up-to-date: /home/mk/lab_ws/install/turtle_spawner/share/turtle_spawner/environment/ament_prefix_path.sh
[0.306s] -- Up-to-date: /home/mk/lab_ws/install/turtle_spawner/share/turtle_spawner/environment/ament_prefix_path.dsv
[0.306s] -- Up-to-date: /home/mk/lab_ws/install/turtle_spawner/share/turtle_spawner/environment/path.sh
[0.306s] -- Up-to-date: /home/mk/lab_ws/install/turtle_spawner/share/turtle_spawner/environment/path.dsv
[0.306s] -- Up-to-date: /home/mk/lab_ws/install/turtle_spawner/share/turtle_spawner/local_setup.bash
[0.306s] -- Up-to-date: /home/mk/lab_ws/install/turtle_spawner/share/turtle_spawner/local_setup.sh
[0.306s] -- Up-to-date: /home/mk/lab_ws/install/turtle_spawner/share/turtle_spawner/local_setup.zsh
[0.306s] -- Up-to-date: /home/mk/lab_ws/install/turtle_spawner/share/turtle_spawner/local_setup.dsv
[0.306s] -- Installing: /home/mk/lab_ws/install/turtle_spawner/share/turtle_spawner/package.dsv
[0.306s] -- Up-to-date: /home/mk/lab_ws/install/turtle_spawner/share/ament_index/resource_index/packages/turtle_spawner
[0.306s] -- Up-to-date: /home/mk/lab_ws/install/turtle_spawner/share/turtle_spawner/cmake/turtle_spawnerConfig.cmake
[0.306s] -- Up-to-date: /home/mk/lab_ws/install/turtle_spawner/share/turtle_spawner/cmake/turtle_spawnerConfig-version.cmake
[0.307s] -- Up-to-date: /home/mk/lab_ws/install/turtle_spawner/share/turtle_spawner/package.xml
[0.308s] Invoked command in '/home/mk/lab_ws/build/turtle_spawner' returned '0': CMAKE_PREFIX_PATH=${CMAKE_PREFIX_PATH}:/home/mk/lab_ws/install/my_publisher_pkg:/opt/ros/humble /usr/bin/cmake --install /home/mk/lab_ws/build/turtle_spawner
