-- Found ament_cmake: 1.3.10 (/opt/ros/humble/share/ament_cmake/cmake)
-- Found rclcpp: 16.0.10 (/opt/ros/humble/share/rclcpp/cmake)
-- Found rosidl_generator_c: 3.1.5 (/opt/ros/humble/share/rosidl_generator_c/cmake)
-- Found rosidl_adapter: 3.1.5 (/opt/ros/humble/share/rosidl_adapter/cmake)
-- Found rosidl_generator_cpp: 3.1.5 (/opt/ros/humble/share/rosidl_generator_cpp/cmake)
-- Using all available rosidl_typesupport_c: rosidl_typesupport_fastrtps_c;rosidl_typesupport_introspection_c
-- Using all available rosidl_typesupport_cpp: rosidl_typesupport_fastrtps_cpp;rosidl_typesupport_introspection_cpp
-- Found rmw_implementation_cmake: 6.1.2 (/opt/ros/humble/share/rmw_implementation_cmake/cmake)
-- Found rmw_fastrtps_cpp: 6.2.7 (/opt/ros/humble/share/rmw_fastrtps_cpp/cmake)
-- Using RMW implementation 'rmw_fastrtps_cpp' as default
-- Found turtlesim: 1.4.2 (/opt/ros/humble/share/turtlesim/cmake)
-- Found ament_lint_auto: 0.12.11 (/opt/ros/humble/share/ament_lint_auto/cmake)
-- Added test 'cppcheck' to perform static code analysis on C / C++ code
-- Configured cppcheck include dirs: 
-- Configured cppcheck exclude dirs and/or files: 
-- Added test 'lint_cmake' to check CMake code style
-- Added test 'uncrustify' to check C / C++ code style
-- Configured uncrustify additional arguments: 
-- Added test 'xmllint' to check XML markup files
-- Configuring done
-- Generating done
-- Build files have been written to: /home/mk/lab_ws/build/turtle_spawner
[ 50%] [32mBuilding CXX object CMakeFiles/turtle_spawn.dir/src/turtle_spawner.cpp.o[0m
[100%] [32m[1mLinking CXX executable turtle_spawn[0m
[100%] Built target turtle_spawn
-- Install configuration: ""
-- Installing: /home/mk/lab_ws/install/turtle_spawner/lib/turtle_spawner/turtle_spawn
-- Set runtime path of "/home/mk/lab_ws/install/turtle_spawner/lib/turtle_spawner/turtle_spawn" to ""
-- Installing: /home/mk/lab_ws/install/turtle_spawner/share/ament_index/resource_index/package_run_dependencies/turtle_spawner
-- Installing: /home/mk/lab_ws/install/turtle_spawner/share/ament_index/resource_index/parent_prefix_path/turtle_spawner
-- Installing: /home/mk/lab_ws/install/turtle_spawner/share/turtle_spawner/environment/ament_prefix_path.sh
-- Installing: /home/mk/lab_ws/install/turtle_spawner/share/turtle_spawner/environment/ament_prefix_path.dsv
-- Installing: /home/mk/lab_ws/install/turtle_spawner/share/turtle_spawner/environment/path.sh
-- Installing: /home/mk/lab_ws/install/turtle_spawner/share/turtle_spawner/environment/path.dsv
-- Installing: /home/mk/lab_ws/install/turtle_spawner/share/turtle_spawner/local_setup.bash
-- Installing: /home/mk/lab_ws/install/turtle_spawner/share/turtle_spawner/local_setup.sh
-- Installing: /home/mk/lab_ws/install/turtle_spawner/share/turtle_spawner/local_setup.zsh
-- Installing: /home/mk/lab_ws/install/turtle_spawner/share/turtle_spawner/local_setup.dsv
-- Installing: /home/mk/lab_ws/install/turtle_spawner/share/turtle_spawner/package.dsv
-- Installing: /home/mk/lab_ws/install/turtle_spawner/share/ament_index/resource_index/packages/turtle_spawner
-- Installing: /home/mk/lab_ws/install/turtle_spawner/share/turtle_spawner/cmake/turtle_spawnerConfig.cmake
-- Installing: /home/mk/lab_ws/install/turtle_spawner/share/turtle_spawner/cmake/turtle_spawnerConfig-version.cmake
-- Installing: /home/mk/lab_ws/install/turtle_spawner/share/turtle_spawner/package.xml
