[0.077s] DEBUG:colcon:Command line arguments: ['/usr/bin/colcon', 'build']
[0.077s] DEBUG:colcon:Parsed command line arguments: Namespace(log_base=None, log_level=None, verb_name='build', build_base='build', install_base='install', merge_install=False, symlink_install=False, test_result_base=None, continue_on_error=False, executor='parallel', parallel_workers=12, event_handlers=None, ignore_user_meta=False, metas=['./colcon.meta'], base_paths=['.'], packages_ignore=None, packages_ignore_regex=None, paths=None, packages_up_to=None, packages_up_to_regex=None, packages_above=None, packages_above_and_dependencies=None, packages_above_depth=None, packages_select_by_dep=None, packages_skip_by_dep=None, packages_skip_up_to=None, packages_select_build_failed=False, packages_skip_build_finished=False, packages_select_test_failures=False, packages_skip_test_passed=False, packages_select=None, packages_skip=None, packages_select_regex=None, packages_skip_regex=None, packages_start=None, packages_end=None, allow_overriding=[], cmake_args=None, cmake_target=None, cmake_target_skip_unavailable=False, cmake_clean_cache=False, cmake_clean_first=False, cmake_force_configure=False, ament_cmake_args=None, catkin_cmake_args=None, catkin_skip_building_tests=False, mixin_files=None, mixin=None, verb_parser=<colcon_mixin.mixin.mixin_argument.MixinArgumentDecorator object at 0x7b4789e65a50>, verb_extension=<colcon_core.verb.build.BuildVerb object at 0x7b4789e65480>, main=<bound method BuildVerb.main of <colcon_core.verb.build.BuildVerb object at 0x7b4789e65480>>, mixin_verb=('build',))
[0.214s] Level 1:colcon.colcon_core.package_discovery:discover_packages(colcon_meta) check parameters
[0.214s] Level 1:colcon.colcon_core.package_discovery:discover_packages(recursive) check parameters
[0.214s] Level 1:colcon.colcon_core.package_discovery:discover_packages(ignore) check parameters
[0.214s] Level 1:colcon.colcon_core.package_discovery:discover_packages(path) check parameters
[0.214s] Level 1:colcon.colcon_core.package_discovery:discover_packages(colcon_meta) discover
[0.215s] Level 1:colcon.colcon_core.package_discovery:discover_packages(recursive) discover
[0.215s] INFO:colcon.colcon_core.package_discovery:Crawling recursively for packages in '/home/mk/lab_ws'
[0.215s] Level 1:colcon.colcon_core.package_identification:_identify(.) by extensions ['ignore', 'ignore_ament_install']
[0.215s] Level 1:colcon.colcon_core.package_identification:_identify(.) by extension 'ignore'
[0.215s] Level 1:colcon.colcon_core.package_identification:_identify(.) by extension 'ignore_ament_install'
[0.215s] Level 1:colcon.colcon_core.package_identification:_identify(.) by extensions ['colcon_pkg']
[0.215s] Level 1:colcon.colcon_core.package_identification:_identify(.) by extension 'colcon_pkg'
[0.215s] Level 1:colcon.colcon_core.package_identification:_identify(.) by extensions ['colcon_meta']
[0.215s] Level 1:colcon.colcon_core.package_identification:_identify(.) by extension 'colcon_meta'
[0.215s] Level 1:colcon.colcon_core.package_identification:_identify(.) by extensions ['ros']
[0.215s] Level 1:colcon.colcon_core.package_identification:_identify(.) by extension 'ros'
[0.230s] Level 1:colcon.colcon_core.package_identification:_identify(.) by extensions ['cmake', 'python']
[0.230s] Level 1:colcon.colcon_core.package_identification:_identify(.) by extension 'cmake'
[0.230s] Level 1:colcon.colcon_core.package_identification:_identify(.) by extension 'python'
[0.230s] Level 1:colcon.colcon_core.package_identification:_identify(.) by extensions ['python_setup_py']
[0.230s] Level 1:colcon.colcon_core.package_identification:_identify(.) by extension 'python_setup_py'
[0.231s] Level 1:colcon.colcon_core.package_identification:_identify(build) by extensions ['ignore', 'ignore_ament_install']
[0.231s] Level 1:colcon.colcon_core.package_identification:_identify(build) by extension 'ignore'
[0.231s] Level 1:colcon.colcon_core.package_identification:_identify(build) ignored
[0.231s] Level 1:colcon.colcon_core.package_identification:_identify(install) by extensions ['ignore', 'ignore_ament_install']
[0.231s] Level 1:colcon.colcon_core.package_identification:_identify(install) by extension 'ignore'
[0.231s] Level 1:colcon.colcon_core.package_identification:_identify(install) ignored
[0.231s] Level 1:colcon.colcon_core.package_identification:_identify(log) by extensions ['ignore', 'ignore_ament_install']
[0.231s] Level 1:colcon.colcon_core.package_identification:_identify(log) by extension 'ignore'
[0.231s] Level 1:colcon.colcon_core.package_identification:_identify(log) ignored
[0.231s] Level 1:colcon.colcon_core.package_identification:_identify(my_publisher_pkg) by extensions ['ignore', 'ignore_ament_install']
[0.231s] Level 1:colcon.colcon_core.package_identification:_identify(my_publisher_pkg) by extension 'ignore'
[0.231s] Level 1:colcon.colcon_core.package_identification:_identify(my_publisher_pkg) by extension 'ignore_ament_install'
[0.231s] Level 1:colcon.colcon_core.package_identification:_identify(my_publisher_pkg) by extensions ['colcon_pkg']
[0.231s] Level 1:colcon.colcon_core.package_identification:_identify(my_publisher_pkg) by extension 'colcon_pkg'
[0.231s] Level 1:colcon.colcon_core.package_identification:_identify(my_publisher_pkg) by extensions ['colcon_meta']
[0.231s] Level 1:colcon.colcon_core.package_identification:_identify(my_publisher_pkg) by extension 'colcon_meta'
[0.231s] Level 1:colcon.colcon_core.package_identification:_identify(my_publisher_pkg) by extensions ['ros']
[0.231s] Level 1:colcon.colcon_core.package_identification:_identify(my_publisher_pkg) by extension 'ros'
[0.233s] DEBUG:colcon.colcon_core.package_identification:Package 'my_publisher_pkg' with type 'ros.ament_python' and name 'my_publisher_pkg'
[0.233s] Level 1:colcon.colcon_core.package_identification:_identify(src) by extensions ['ignore', 'ignore_ament_install']
[0.233s] Level 1:colcon.colcon_core.package_identification:_identify(src) by extension 'ignore'
[0.233s] Level 1:colcon.colcon_core.package_identification:_identify(src) by extension 'ignore_ament_install'
[0.233s] Level 1:colcon.colcon_core.package_identification:_identify(src) by extensions ['colcon_pkg']
[0.233s] Level 1:colcon.colcon_core.package_identification:_identify(src) by extension 'colcon_pkg'
[0.233s] Level 1:colcon.colcon_core.package_identification:_identify(src) by extensions ['colcon_meta']
[0.233s] Level 1:colcon.colcon_core.package_identification:_identify(src) by extension 'colcon_meta'
[0.233s] Level 1:colcon.colcon_core.package_identification:_identify(src) by extensions ['ros']
[0.233s] Level 1:colcon.colcon_core.package_identification:_identify(src) by extension 'ros'
[0.233s] Level 1:colcon.colcon_core.package_identification:_identify(src) by extensions ['cmake', 'python']
[0.233s] Level 1:colcon.colcon_core.package_identification:_identify(src) by extension 'cmake'
[0.233s] Level 1:colcon.colcon_core.package_identification:_identify(src) by extension 'python'
[0.233s] Level 1:colcon.colcon_core.package_identification:_identify(src) by extensions ['python_setup_py']
[0.233s] Level 1:colcon.colcon_core.package_identification:_identify(src) by extension 'python_setup_py'
[0.234s] Level 1:colcon.colcon_core.package_identification:_identify(src/cpp_pubsub) by extensions ['ignore', 'ignore_ament_install']
[0.234s] Level 1:colcon.colcon_core.package_identification:_identify(src/cpp_pubsub) by extension 'ignore'
[0.234s] Level 1:colcon.colcon_core.package_identification:_identify(src/cpp_pubsub) by extension 'ignore_ament_install'
[0.234s] Level 1:colcon.colcon_core.package_identification:_identify(src/cpp_pubsub) by extensions ['colcon_pkg']
[0.234s] Level 1:colcon.colcon_core.package_identification:_identify(src/cpp_pubsub) by extension 'colcon_pkg'
[0.234s] Level 1:colcon.colcon_core.package_identification:_identify(src/cpp_pubsub) by extensions ['colcon_meta']
[0.234s] Level 1:colcon.colcon_core.package_identification:_identify(src/cpp_pubsub) by extension 'colcon_meta'
[0.234s] Level 1:colcon.colcon_core.package_identification:_identify(src/cpp_pubsub) by extensions ['ros']
[0.234s] Level 1:colcon.colcon_core.package_identification:_identify(src/cpp_pubsub) by extension 'ros'
[0.234s] DEBUG:colcon.colcon_core.package_identification:Package 'src/cpp_pubsub' with type 'ros.ament_cmake' and name 'cpp_pubsub'
[0.234s] Level 1:colcon.colcon_core.package_identification:_identify(src/turtle_spawner) by extensions ['ignore', 'ignore_ament_install']
[0.234s] Level 1:colcon.colcon_core.package_identification:_identify(src/turtle_spawner) by extension 'ignore'
[0.234s] Level 1:colcon.colcon_core.package_identification:_identify(src/turtle_spawner) by extension 'ignore_ament_install'
[0.234s] Level 1:colcon.colcon_core.package_identification:_identify(src/turtle_spawner) by extensions ['colcon_pkg']
[0.234s] Level 1:colcon.colcon_core.package_identification:_identify(src/turtle_spawner) by extension 'colcon_pkg'
[0.235s] Level 1:colcon.colcon_core.package_identification:_identify(src/turtle_spawner) by extensions ['colcon_meta']
[0.235s] Level 1:colcon.colcon_core.package_identification:_identify(src/turtle_spawner) by extension 'colcon_meta'
[0.235s] Level 1:colcon.colcon_core.package_identification:_identify(src/turtle_spawner) by extensions ['ros']
[0.235s] Level 1:colcon.colcon_core.package_identification:_identify(src/turtle_spawner) by extension 'ros'
[0.235s] DEBUG:colcon.colcon_core.package_identification:Package 'src/turtle_spawner' with type 'ros.ament_cmake' and name 'turtle_spawner'
[0.235s] Level 1:colcon.colcon_core.package_discovery:discover_packages(recursive) using defaults
[0.235s] Level 1:colcon.colcon_core.package_discovery:discover_packages(ignore) discover
[0.235s] Level 1:colcon.colcon_core.package_discovery:discover_packages(ignore) using defaults
[0.235s] Level 1:colcon.colcon_core.package_discovery:discover_packages(path) discover
[0.235s] Level 1:colcon.colcon_core.package_discovery:discover_packages(path) using defaults
[0.248s] Level 1:colcon.colcon_core.package_discovery:discover_packages(prefix_path) check parameters
[0.249s] Level 1:colcon.colcon_core.package_discovery:discover_packages(prefix_path) discover
[0.250s] DEBUG:colcon.colcon_installed_package_information.package_discovery:Found 3 installed packages in /home/mk/lab_ws/install
[0.251s] DEBUG:colcon.colcon_installed_package_information.package_discovery:Found 383 installed packages in /opt/ros/humble
[0.253s] Level 1:colcon.colcon_core.package_discovery:discover_packages(prefix_path) using defaults
[0.286s] Level 5:colcon.colcon_core.verb:set package 'cpp_pubsub' build argument 'cmake_args' from command line to 'None'
[0.286s] Level 5:colcon.colcon_core.verb:set package 'cpp_pubsub' build argument 'cmake_target' from command line to 'None'
[0.286s] Level 5:colcon.colcon_core.verb:set package 'cpp_pubsub' build argument 'cmake_target_skip_unavailable' from command line to 'False'
[0.286s] Level 5:colcon.colcon_core.verb:set package 'cpp_pubsub' build argument 'cmake_clean_cache' from command line to 'False'
[0.286s] Level 5:colcon.colcon_core.verb:set package 'cpp_pubsub' build argument 'cmake_clean_first' from command line to 'False'
[0.286s] Level 5:colcon.colcon_core.verb:set package 'cpp_pubsub' build argument 'cmake_force_configure' from command line to 'False'
[0.286s] Level 5:colcon.colcon_core.verb:set package 'cpp_pubsub' build argument 'ament_cmake_args' from command line to 'None'
[0.286s] Level 5:colcon.colcon_core.verb:set package 'cpp_pubsub' build argument 'catkin_cmake_args' from command line to 'None'
[0.286s] Level 5:colcon.colcon_core.verb:set package 'cpp_pubsub' build argument 'catkin_skip_building_tests' from command line to 'False'
[0.286s] DEBUG:colcon.colcon_core.verb:Building package 'cpp_pubsub' with the following arguments: {'ament_cmake_args': None, 'build_base': '/home/mk/lab_ws/build/cpp_pubsub', 'catkin_cmake_args': None, 'catkin_skip_building_tests': False, 'cmake_args': None, 'cmake_clean_cache': False, 'cmake_clean_first': False, 'cmake_force_configure': False, 'cmake_target': None, 'cmake_target_skip_unavailable': False, 'install_base': '/home/mk/lab_ws/install/cpp_pubsub', 'merge_install': False, 'path': '/home/mk/lab_ws/src/cpp_pubsub', 'symlink_install': False, 'test_result_base': None}
[0.286s] Level 5:colcon.colcon_core.verb:set package 'my_publisher_pkg' build argument 'cmake_args' from command line to 'None'
[0.286s] Level 5:colcon.colcon_core.verb:set package 'my_publisher_pkg' build argument 'cmake_target' from command line to 'None'
[0.286s] Level 5:colcon.colcon_core.verb:set package 'my_publisher_pkg' build argument 'cmake_target_skip_unavailable' from command line to 'False'
[0.286s] Level 5:colcon.colcon_core.verb:set package 'my_publisher_pkg' build argument 'cmake_clean_cache' from command line to 'False'
[0.286s] Level 5:colcon.colcon_core.verb:set package 'my_publisher_pkg' build argument 'cmake_clean_first' from command line to 'False'
[0.286s] Level 5:colcon.colcon_core.verb:set package 'my_publisher_pkg' build argument 'cmake_force_configure' from command line to 'False'
[0.286s] Level 5:colcon.colcon_core.verb:set package 'my_publisher_pkg' build argument 'ament_cmake_args' from command line to 'None'
[0.286s] Level 5:colcon.colcon_core.verb:set package 'my_publisher_pkg' build argument 'catkin_cmake_args' from command line to 'None'
[0.286s] Level 5:colcon.colcon_core.verb:set package 'my_publisher_pkg' build argument 'catkin_skip_building_tests' from command line to 'False'
[0.286s] DEBUG:colcon.colcon_core.verb:Building package 'my_publisher_pkg' with the following arguments: {'ament_cmake_args': None, 'build_base': '/home/mk/lab_ws/build/my_publisher_pkg', 'catkin_cmake_args': None, 'catkin_skip_building_tests': False, 'cmake_args': None, 'cmake_clean_cache': False, 'cmake_clean_first': False, 'cmake_force_configure': False, 'cmake_target': None, 'cmake_target_skip_unavailable': False, 'install_base': '/home/mk/lab_ws/install/my_publisher_pkg', 'merge_install': False, 'path': '/home/mk/lab_ws/my_publisher_pkg', 'symlink_install': False, 'test_result_base': None}
[0.287s] Level 5:colcon.colcon_core.verb:set package 'turtle_spawner' build argument 'cmake_args' from command line to 'None'
[0.287s] Level 5:colcon.colcon_core.verb:set package 'turtle_spawner' build argument 'cmake_target' from command line to 'None'
[0.287s] Level 5:colcon.colcon_core.verb:set package 'turtle_spawner' build argument 'cmake_target_skip_unavailable' from command line to 'False'
[0.287s] Level 5:colcon.colcon_core.verb:set package 'turtle_spawner' build argument 'cmake_clean_cache' from command line to 'False'
[0.287s] Level 5:colcon.colcon_core.verb:set package 'turtle_spawner' build argument 'cmake_clean_first' from command line to 'False'
[0.287s] Level 5:colcon.colcon_core.verb:set package 'turtle_spawner' build argument 'cmake_force_configure' from command line to 'False'
[0.287s] Level 5:colcon.colcon_core.verb:set package 'turtle_spawner' build argument 'ament_cmake_args' from command line to 'None'
[0.287s] Level 5:colcon.colcon_core.verb:set package 'turtle_spawner' build argument 'catkin_cmake_args' from command line to 'None'
[0.287s] Level 5:colcon.colcon_core.verb:set package 'turtle_spawner' build argument 'catkin_skip_building_tests' from command line to 'False'
[0.287s] DEBUG:colcon.colcon_core.verb:Building package 'turtle_spawner' with the following arguments: {'ament_cmake_args': None, 'build_base': '/home/mk/lab_ws/build/turtle_spawner', 'catkin_cmake_args': None, 'catkin_skip_building_tests': False, 'cmake_args': None, 'cmake_clean_cache': False, 'cmake_clean_first': False, 'cmake_force_configure': False, 'cmake_target': None, 'cmake_target_skip_unavailable': False, 'install_base': '/home/mk/lab_ws/install/turtle_spawner', 'merge_install': False, 'path': '/home/mk/lab_ws/src/turtle_spawner', 'symlink_install': False, 'test_result_base': None}
[0.287s] INFO:colcon.colcon_core.executor:Executing jobs using 'parallel' executor
[0.288s] DEBUG:colcon.colcon_parallel_executor.executor.parallel:run_until_complete
[0.288s] INFO:colcon.colcon_ros.task.ament_cmake.build:Building ROS package in '/home/mk/lab_ws/src/cpp_pubsub' with build type 'ament_cmake'
[0.288s] INFO:colcon.colcon_cmake.task.cmake.build:Building CMake package in '/home/mk/lab_ws/src/cpp_pubsub'
[0.290s] INFO:colcon.colcon_core.plugin_system:Skipping extension 'colcon_core.shell.bat': Not used on non-Windows systems
[0.290s] INFO:colcon.colcon_core.shell:Skip shell extension 'powershell' for command environment: Not usable outside of PowerShell
[0.290s] DEBUG:colcon.colcon_core.shell:Skip shell extension 'dsv' for command environment
[0.293s] INFO:colcon.colcon_ros.task.ament_python.build:Building ROS package in '/home/mk/lab_ws/my_publisher_pkg' with build type 'ament_python'
[0.293s] Level 1:colcon.colcon_core.shell:create_environment_hook('my_publisher_pkg', 'ament_prefix_path')
[0.293s] INFO:colcon.colcon_core.shell:Creating environment hook '/home/mk/lab_ws/install/my_publisher_pkg/share/my_publisher_pkg/hook/ament_prefix_path.ps1'
[0.293s] INFO:colcon.colcon_core.shell:Creating environment descriptor '/home/mk/lab_ws/install/my_publisher_pkg/share/my_publisher_pkg/hook/ament_prefix_path.dsv'
[0.294s] INFO:colcon.colcon_core.shell:Creating environment hook '/home/mk/lab_ws/install/my_publisher_pkg/share/my_publisher_pkg/hook/ament_prefix_path.sh'
[0.294s] INFO:colcon.colcon_core.shell:Skip shell extension 'powershell' for command environment: Not usable outside of PowerShell
[0.294s] DEBUG:colcon.colcon_core.shell:Skip shell extension 'dsv' for command environment
[0.296s] INFO:colcon.colcon_ros.task.ament_cmake.build:Building ROS package in '/home/mk/lab_ws/src/turtle_spawner' with build type 'ament_cmake'
[0.297s] INFO:colcon.colcon_cmake.task.cmake.build:Building CMake package in '/home/mk/lab_ws/src/turtle_spawner'
[0.297s] INFO:colcon.colcon_core.shell:Skip shell extension 'powershell' for command environment: Not usable outside of PowerShell
[0.297s] DEBUG:colcon.colcon_core.shell:Skip shell extension 'dsv' for command environment
[0.303s] DEBUG:colcon.colcon_core.event_handler.log_command:Invoking command in '/home/mk/lab_ws/build/cpp_pubsub': CMAKE_PREFIX_PATH=${CMAKE_PREFIX_PATH}:/home/mk/lab_ws/install/my_publisher_pkg:/opt/ros/humble /usr/bin/cmake --build /home/mk/lab_ws/build/cpp_pubsub -- -j12 -l12
[0.499s] INFO:colcon.colcon_core.task.python.build:Building Python package in '/home/mk/lab_ws/my_publisher_pkg'
[0.500s] INFO:colcon.colcon_core.shell:Skip shell extension 'powershell' for command environment: Not usable outside of PowerShell
[0.500s] DEBUG:colcon.colcon_core.shell:Skip shell extension 'dsv' for command environment
[0.507s] DEBUG:colcon.colcon_core.event_handler.log_command:Invoking command in '/home/mk/lab_ws/build/turtle_spawner': CMAKE_PREFIX_PATH=${CMAKE_PREFIX_PATH}:/home/mk/lab_ws/install/my_publisher_pkg:/opt/ros/humble /usr/bin/cmake /home/mk/lab_ws/src/turtle_spawner -DCMAKE_INSTALL_PREFIX=/home/mk/lab_ws/install/turtle_spawner
[0.507s] DEBUG:colcon.colcon_core.event_handler.log_command:Invoked command in '/home/mk/lab_ws/build/cpp_pubsub' returned '0': CMAKE_PREFIX_PATH=${CMAKE_PREFIX_PATH}:/home/mk/lab_ws/install/my_publisher_pkg:/opt/ros/humble /usr/bin/cmake --build /home/mk/lab_ws/build/cpp_pubsub -- -j12 -l12
[0.538s] DEBUG:colcon.colcon_core.event_handler.log_command:Invoking command in '/home/mk/lab_ws/build/cpp_pubsub': CMAKE_PREFIX_PATH=${CMAKE_PREFIX_PATH}:/home/mk/lab_ws/install/my_publisher_pkg:/opt/ros/humble /usr/bin/cmake --install /home/mk/lab_ws/build/cpp_pubsub
[0.548s] Level 1:colcon.colcon_core.environment:create_environment_scripts_only(cpp_pubsub)
[0.549s] DEBUG:colcon.colcon_core.event_handler.log_command:Invoked command in '/home/mk/lab_ws/build/cpp_pubsub' returned '0': CMAKE_PREFIX_PATH=${CMAKE_PREFIX_PATH}:/home/mk/lab_ws/install/my_publisher_pkg:/opt/ros/humble /usr/bin/cmake --install /home/mk/lab_ws/build/cpp_pubsub
[0.551s] Level 1:colcon.colcon_core.environment:checking '/home/mk/lab_ws/install/cpp_pubsub' for CMake module files
[0.551s] Level 1:colcon.colcon_core.environment:checking '/home/mk/lab_ws/install/cpp_pubsub' for CMake config files
[0.551s] Level 1:colcon.colcon_core.shell:create_environment_hook('cpp_pubsub', 'cmake_prefix_path')
[0.551s] INFO:colcon.colcon_core.shell:Creating environment hook '/home/mk/lab_ws/install/cpp_pubsub/share/cpp_pubsub/hook/cmake_prefix_path.ps1'
[0.552s] INFO:colcon.colcon_core.shell:Creating environment descriptor '/home/mk/lab_ws/install/cpp_pubsub/share/cpp_pubsub/hook/cmake_prefix_path.dsv'
[0.552s] INFO:colcon.colcon_core.shell:Creating environment hook '/home/mk/lab_ws/install/cpp_pubsub/share/cpp_pubsub/hook/cmake_prefix_path.sh'
[0.552s] Level 1:colcon.colcon_core.environment:checking '/home/mk/lab_ws/install/cpp_pubsub/lib'
[0.553s] Level 1:colcon.colcon_core.environment:checking '/home/mk/lab_ws/install/cpp_pubsub/bin'
[0.553s] Level 1:colcon.colcon_core.environment:checking '/home/mk/lab_ws/install/cpp_pubsub/lib/pkgconfig/cpp_pubsub.pc'
[0.553s] Level 1:colcon.colcon_core.environment:checking '/home/mk/lab_ws/install/cpp_pubsub/lib/python3.10/site-packages'
[0.553s] Level 1:colcon.colcon_core.environment:checking '/home/mk/lab_ws/install/cpp_pubsub/bin'
[0.553s] INFO:colcon.colcon_core.shell:Creating package script '/home/mk/lab_ws/install/cpp_pubsub/share/cpp_pubsub/package.ps1'
[0.554s] INFO:colcon.colcon_core.shell:Creating package descriptor '/home/mk/lab_ws/install/cpp_pubsub/share/cpp_pubsub/package.dsv'
[0.554s] INFO:colcon.colcon_core.shell:Creating package script '/home/mk/lab_ws/install/cpp_pubsub/share/cpp_pubsub/package.sh'
[0.555s] INFO:colcon.colcon_core.shell:Creating package script '/home/mk/lab_ws/install/cpp_pubsub/share/cpp_pubsub/package.bash'
[0.555s] INFO:colcon.colcon_core.shell:Creating package script '/home/mk/lab_ws/install/cpp_pubsub/share/cpp_pubsub/package.zsh'
[0.556s] Level 1:colcon.colcon_core.environment:create_file_with_runtime_dependencies(/home/mk/lab_ws/install/cpp_pubsub/share/colcon-core/packages/cpp_pubsub)
[0.581s] Level 1:colcon.colcon_core.environment:create_environment_scripts_only(cpp_pubsub)
[0.581s] Level 1:colcon.colcon_core.environment:checking '/home/mk/lab_ws/install/cpp_pubsub' for CMake module files
[0.581s] Level 1:colcon.colcon_core.environment:checking '/home/mk/lab_ws/install/cpp_pubsub' for CMake config files
[0.582s] Level 1:colcon.colcon_core.shell:create_environment_hook('cpp_pubsub', 'cmake_prefix_path')
[0.582s] INFO:colcon.colcon_core.shell:Creating environment hook '/home/mk/lab_ws/install/cpp_pubsub/share/cpp_pubsub/hook/cmake_prefix_path.ps1'
[0.582s] INFO:colcon.colcon_core.shell:Creating environment descriptor '/home/mk/lab_ws/install/cpp_pubsub/share/cpp_pubsub/hook/cmake_prefix_path.dsv'
[0.583s] INFO:colcon.colcon_core.shell:Creating environment hook '/home/mk/lab_ws/install/cpp_pubsub/share/cpp_pubsub/hook/cmake_prefix_path.sh'
[0.583s] Level 1:colcon.colcon_core.environment:checking '/home/mk/lab_ws/install/cpp_pubsub/lib'
[0.583s] Level 1:colcon.colcon_core.environment:checking '/home/mk/lab_ws/install/cpp_pubsub/bin'
[0.583s] Level 1:colcon.colcon_core.environment:checking '/home/mk/lab_ws/install/cpp_pubsub/lib/pkgconfig/cpp_pubsub.pc'
[0.583s] Level 1:colcon.colcon_core.environment:checking '/home/mk/lab_ws/install/cpp_pubsub/lib/python3.10/site-packages'
[0.584s] Level 1:colcon.colcon_core.environment:checking '/home/mk/lab_ws/install/cpp_pubsub/bin'
[0.584s] INFO:colcon.colcon_core.shell:Creating package script '/home/mk/lab_ws/install/cpp_pubsub/share/cpp_pubsub/package.ps1'
[0.584s] INFO:colcon.colcon_core.shell:Creating package descriptor '/home/mk/lab_ws/install/cpp_pubsub/share/cpp_pubsub/package.dsv'
[0.585s] INFO:colcon.colcon_core.shell:Creating package script '/home/mk/lab_ws/install/cpp_pubsub/share/cpp_pubsub/package.sh'
[0.585s] INFO:colcon.colcon_core.shell:Creating package script '/home/mk/lab_ws/install/cpp_pubsub/share/cpp_pubsub/package.bash'
[0.585s] INFO:colcon.colcon_core.shell:Creating package script '/home/mk/lab_ws/install/cpp_pubsub/share/cpp_pubsub/package.zsh'
[0.586s] Level 1:colcon.colcon_core.environment:create_file_with_runtime_dependencies(/home/mk/lab_ws/install/cpp_pubsub/share/colcon-core/packages/cpp_pubsub)
[0.790s] DEBUG:colcon.colcon_core.event_handler.log_command:Invoking command in '/home/mk/lab_ws/my_publisher_pkg': PYTHONPATH=/home/mk/lab_ws/build/my_publisher_pkg/prefix_override:/usr/lib/python3/dist-packages/colcon_core/task/python/colcon_distutils_commands:/home/mk/lab_ws/install/my_publisher_pkg/lib/python3.10/site-packages:${PYTHONPATH} /usr/bin/python3 -W ignore:setup.py install is deprecated setup.py egg_info --egg-base ../build/my_publisher_pkg build --build-base /home/mk/lab_ws/build/my_publisher_pkg/build install --record /home/mk/lab_ws/build/my_publisher_pkg/install.log --single-version-externally-managed install_data
[0.886s] DEBUG:colcon.colcon_core.event_handler.log_command:Invoked command in '/home/mk/lab_ws/build/turtle_spawner' returned '0': CMAKE_PREFIX_PATH=${CMAKE_PREFIX_PATH}:/home/mk/lab_ws/install/my_publisher_pkg:/opt/ros/humble /usr/bin/cmake /home/mk/lab_ws/src/turtle_spawner -DCMAKE_INSTALL_PREFIX=/home/mk/lab_ws/install/turtle_spawner
[0.888s] DEBUG:colcon.colcon_core.event_handler.log_command:Invoking command in '/home/mk/lab_ws/build/turtle_spawner': CMAKE_PREFIX_PATH=${CMAKE_PREFIX_PATH}:/home/mk/lab_ws/install/my_publisher_pkg:/opt/ros/humble /usr/bin/cmake --build /home/mk/lab_ws/build/turtle_spawner -- -j12 -l12
[1.021s] Level 1:colcon.colcon_core.environment:checking '/home/mk/lab_ws/install/my_publisher_pkg' for CMake module files
[1.022s] DEBUG:colcon.colcon_core.event_handler.log_command:Invoked command in '/home/mk/lab_ws/my_publisher_pkg' returned '0': PYTHONPATH=/home/mk/lab_ws/build/my_publisher_pkg/prefix_override:/usr/lib/python3/dist-packages/colcon_core/task/python/colcon_distutils_commands:/home/mk/lab_ws/install/my_publisher_pkg/lib/python3.10/site-packages:${PYTHONPATH} /usr/bin/python3 -W ignore:setup.py install is deprecated setup.py egg_info --egg-base ../build/my_publisher_pkg build --build-base /home/mk/lab_ws/build/my_publisher_pkg/build install --record /home/mk/lab_ws/build/my_publisher_pkg/install.log --single-version-externally-managed install_data
[1.022s] Level 1:colcon.colcon_core.environment:checking '/home/mk/lab_ws/install/my_publisher_pkg' for CMake config files
[1.023s] Level 1:colcon.colcon_core.environment:checking '/home/mk/lab_ws/install/my_publisher_pkg/lib'
[1.023s] Level 1:colcon.colcon_core.environment:checking '/home/mk/lab_ws/install/my_publisher_pkg/bin'
[1.023s] Level 1:colcon.colcon_core.environment:checking '/home/mk/lab_ws/install/my_publisher_pkg/lib/pkgconfig/my_publisher_pkg.pc'
[1.023s] Level 1:colcon.colcon_core.environment:checking '/home/mk/lab_ws/install/my_publisher_pkg/lib/python3.10/site-packages'
[1.023s] Level 1:colcon.colcon_core.shell:create_environment_hook('my_publisher_pkg', 'pythonpath')
[1.023s] INFO:colcon.colcon_core.shell:Creating environment hook '/home/mk/lab_ws/install/my_publisher_pkg/share/my_publisher_pkg/hook/pythonpath.ps1'
[1.024s] INFO:colcon.colcon_core.shell:Creating environment descriptor '/home/mk/lab_ws/install/my_publisher_pkg/share/my_publisher_pkg/hook/pythonpath.dsv'
[1.024s] INFO:colcon.colcon_core.shell:Creating environment hook '/home/mk/lab_ws/install/my_publisher_pkg/share/my_publisher_pkg/hook/pythonpath.sh'
[1.024s] Level 1:colcon.colcon_core.environment:checking '/home/mk/lab_ws/install/my_publisher_pkg/bin'
[1.024s] Level 1:colcon.colcon_core.environment:create_environment_scripts_only(my_publisher_pkg)
[1.025s] INFO:colcon.colcon_core.shell:Creating package script '/home/mk/lab_ws/install/my_publisher_pkg/share/my_publisher_pkg/package.ps1'
[1.025s] INFO:colcon.colcon_core.shell:Creating package descriptor '/home/mk/lab_ws/install/my_publisher_pkg/share/my_publisher_pkg/package.dsv'
[1.025s] INFO:colcon.colcon_core.shell:Creating package script '/home/mk/lab_ws/install/my_publisher_pkg/share/my_publisher_pkg/package.sh'
[1.026s] INFO:colcon.colcon_core.shell:Creating package script '/home/mk/lab_ws/install/my_publisher_pkg/share/my_publisher_pkg/package.bash'
[1.026s] INFO:colcon.colcon_core.shell:Creating package script '/home/mk/lab_ws/install/my_publisher_pkg/share/my_publisher_pkg/package.zsh'
[1.026s] Level 1:colcon.colcon_core.environment:create_file_with_runtime_dependencies(/home/mk/lab_ws/install/my_publisher_pkg/share/colcon-core/packages/my_publisher_pkg)
[3.572s] DEBUG:colcon.colcon_core.event_handler.log_command:Invoked command in '/home/mk/lab_ws/build/turtle_spawner' returned '0': CMAKE_PREFIX_PATH=${CMAKE_PREFIX_PATH}:/home/mk/lab_ws/install/my_publisher_pkg:/opt/ros/humble /usr/bin/cmake --build /home/mk/lab_ws/build/turtle_spawner -- -j12 -l12
[3.594s] DEBUG:colcon.colcon_core.event_handler.log_command:Invoking command in '/home/mk/lab_ws/build/turtle_spawner': CMAKE_PREFIX_PATH=${CMAKE_PREFIX_PATH}:/home/mk/lab_ws/install/my_publisher_pkg:/opt/ros/humble /usr/bin/cmake --install /home/mk/lab_ws/build/turtle_spawner
[3.605s] Level 1:colcon.colcon_core.environment:create_environment_scripts_only(turtle_spawner)
[3.605s] DEBUG:colcon.colcon_core.event_handler.log_command:Invoked command in '/home/mk/lab_ws/build/turtle_spawner' returned '0': CMAKE_PREFIX_PATH=${CMAKE_PREFIX_PATH}:/home/mk/lab_ws/install/my_publisher_pkg:/opt/ros/humble /usr/bin/cmake --install /home/mk/lab_ws/build/turtle_spawner
[3.605s] Level 1:colcon.colcon_core.environment:checking '/home/mk/lab_ws/install/turtle_spawner' for CMake module files
[3.605s] Level 1:colcon.colcon_core.environment:checking '/home/mk/lab_ws/install/turtle_spawner' for CMake config files
[3.606s] Level 1:colcon.colcon_core.shell:create_environment_hook('turtle_spawner', 'cmake_prefix_path')
[3.606s] INFO:colcon.colcon_core.shell:Creating environment hook '/home/mk/lab_ws/install/turtle_spawner/share/turtle_spawner/hook/cmake_prefix_path.ps1'
[3.606s] INFO:colcon.colcon_core.shell:Creating environment descriptor '/home/mk/lab_ws/install/turtle_spawner/share/turtle_spawner/hook/cmake_prefix_path.dsv'
[3.606s] INFO:colcon.colcon_core.shell:Creating environment hook '/home/mk/lab_ws/install/turtle_spawner/share/turtle_spawner/hook/cmake_prefix_path.sh'
[3.607s] Level 1:colcon.colcon_core.environment:checking '/home/mk/lab_ws/install/turtle_spawner/lib'
[3.607s] Level 1:colcon.colcon_core.environment:checking '/home/mk/lab_ws/install/turtle_spawner/bin'
[3.607s] Level 1:colcon.colcon_core.environment:checking '/home/mk/lab_ws/install/turtle_spawner/lib/pkgconfig/turtle_spawner.pc'
[3.607s] Level 1:colcon.colcon_core.environment:checking '/home/mk/lab_ws/install/turtle_spawner/lib/python3.10/site-packages'
[3.607s] Level 1:colcon.colcon_core.environment:checking '/home/mk/lab_ws/install/turtle_spawner/bin'
[3.607s] INFO:colcon.colcon_core.shell:Creating package script '/home/mk/lab_ws/install/turtle_spawner/share/turtle_spawner/package.ps1'
[3.608s] INFO:colcon.colcon_core.shell:Creating package descriptor '/home/mk/lab_ws/install/turtle_spawner/share/turtle_spawner/package.dsv'
[3.608s] INFO:colcon.colcon_core.shell:Creating package script '/home/mk/lab_ws/install/turtle_spawner/share/turtle_spawner/package.sh'
[3.608s] INFO:colcon.colcon_core.shell:Creating package script '/home/mk/lab_ws/install/turtle_spawner/share/turtle_spawner/package.bash'
[3.608s] INFO:colcon.colcon_core.shell:Creating package script '/home/mk/lab_ws/install/turtle_spawner/share/turtle_spawner/package.zsh'
[3.609s] Level 1:colcon.colcon_core.environment:create_file_with_runtime_dependencies(/home/mk/lab_ws/install/turtle_spawner/share/colcon-core/packages/turtle_spawner)
[3.630s] Level 1:colcon.colcon_core.environment:create_environment_scripts_only(turtle_spawner)
[3.630s] Level 1:colcon.colcon_core.environment:checking '/home/mk/lab_ws/install/turtle_spawner' for CMake module files
[3.630s] Level 1:colcon.colcon_core.environment:checking '/home/mk/lab_ws/install/turtle_spawner' for CMake config files
[3.630s] Level 1:colcon.colcon_core.shell:create_environment_hook('turtle_spawner', 'cmake_prefix_path')
[3.630s] INFO:colcon.colcon_core.shell:Creating environment hook '/home/mk/lab_ws/install/turtle_spawner/share/turtle_spawner/hook/cmake_prefix_path.ps1'
[3.631s] INFO:colcon.colcon_core.shell:Creating environment descriptor '/home/mk/lab_ws/install/turtle_spawner/share/turtle_spawner/hook/cmake_prefix_path.dsv'
[3.631s] INFO:colcon.colcon_core.shell:Creating environment hook '/home/mk/lab_ws/install/turtle_spawner/share/turtle_spawner/hook/cmake_prefix_path.sh'
[3.631s] Level 1:colcon.colcon_core.environment:checking '/home/mk/lab_ws/install/turtle_spawner/lib'
[3.631s] Level 1:colcon.colcon_core.environment:checking '/home/mk/lab_ws/install/turtle_spawner/bin'
[3.631s] Level 1:colcon.colcon_core.environment:checking '/home/mk/lab_ws/install/turtle_spawner/lib/pkgconfig/turtle_spawner.pc'
[3.632s] Level 1:colcon.colcon_core.environment:checking '/home/mk/lab_ws/install/turtle_spawner/lib/python3.10/site-packages'
[3.632s] Level 1:colcon.colcon_core.environment:checking '/home/mk/lab_ws/install/turtle_spawner/bin'
[3.632s] INFO:colcon.colcon_core.shell:Creating package script '/home/mk/lab_ws/install/turtle_spawner/share/turtle_spawner/package.ps1'
[3.632s] INFO:colcon.colcon_core.shell:Creating package descriptor '/home/mk/lab_ws/install/turtle_spawner/share/turtle_spawner/package.dsv'
[3.633s] INFO:colcon.colcon_core.shell:Creating package script '/home/mk/lab_ws/install/turtle_spawner/share/turtle_spawner/package.sh'
[3.633s] INFO:colcon.colcon_core.shell:Creating package script '/home/mk/lab_ws/install/turtle_spawner/share/turtle_spawner/package.bash'
[3.633s] INFO:colcon.colcon_core.shell:Creating package script '/home/mk/lab_ws/install/turtle_spawner/share/turtle_spawner/package.zsh'
[3.634s] Level 1:colcon.colcon_core.environment:create_file_with_runtime_dependencies(/home/mk/lab_ws/install/turtle_spawner/share/colcon-core/packages/turtle_spawner)
[3.634s] DEBUG:colcon.colcon_parallel_executor.executor.parallel:closing loop
[3.634s] DEBUG:colcon.colcon_parallel_executor.executor.parallel:loop closed
[3.634s] DEBUG:colcon.colcon_parallel_executor.executor.parallel:run_until_complete finished with '0'
[3.634s] DEBUG:colcon.colcon_core.event_reactor:joining thread
[3.638s] INFO:colcon.colcon_core.plugin_system:Skipping extension 'colcon_notification.desktop_notification.terminal_notifier': Not used on non-Darwin systems
[3.638s] INFO:colcon.colcon_core.plugin_system:Skipping extension 'colcon_notification.desktop_notification.win32': Not used on non-Windows systems
[3.638s] INFO:colcon.colcon_notification.desktop_notification:Sending desktop notification using 'notify2'
[3.766s] DEBUG:colcon.colcon_core.event_reactor:joined thread
[3.767s] INFO:colcon.colcon_core.shell:Creating prefix script '/home/mk/lab_ws/install/local_setup.ps1'
[3.768s] INFO:colcon.colcon_core.shell:Creating prefix util module '/home/mk/lab_ws/install/_local_setup_util_ps1.py'
[3.769s] INFO:colcon.colcon_core.shell:Creating prefix chain script '/home/mk/lab_ws/install/setup.ps1'
[3.770s] INFO:colcon.colcon_core.shell:Creating prefix script '/home/mk/lab_ws/install/local_setup.sh'
[3.770s] INFO:colcon.colcon_core.shell:Creating prefix util module '/home/mk/lab_ws/install/_local_setup_util_sh.py'
[3.770s] INFO:colcon.colcon_core.shell:Creating prefix chain script '/home/mk/lab_ws/install/setup.sh'
[3.771s] INFO:colcon.colcon_core.shell:Creating prefix script '/home/mk/lab_ws/install/local_setup.bash'
[3.771s] INFO:colcon.colcon_core.shell:Creating prefix chain script '/home/mk/lab_ws/install/setup.bash'
[3.772s] INFO:colcon.colcon_core.shell:Creating prefix script '/home/mk/lab_ws/install/local_setup.zsh'
[3.772s] INFO:colcon.colcon_core.shell:Creating prefix chain script '/home/mk/lab_ws/install/setup.zsh'
