running egg_info
writing ../build/my_publisher_pkg/my_publisher_pkg.egg-info/PKG-INFO
writing dependency_links to ../build/my_publisher_pkg/my_publisher_pkg.egg-info/dependency_links.txt
writing entry points to ../build/my_publisher_pkg/my_publisher_pkg.egg-info/entry_points.txt
writing requirements to ../build/my_publisher_pkg/my_publisher_pkg.egg-info/requires.txt
writing top-level names to ../build/my_publisher_pkg/my_publisher_pkg.egg-info/top_level.txt
reading manifest file '../build/my_publisher_pkg/my_publisher_pkg.egg-info/SOURCES.txt'
writing manifest file '../build/my_publisher_pkg/my_publisher_pkg.egg-info/SOURCES.txt'
running build
running build_py
copying my_publisher_pkg/my_publisher.py -> /home/mk/lab_ws/build/my_publisher_pkg/build/lib/my_publisher_pkg
running install
running install_lib
copying /home/mk/lab_ws/build/my_publisher_pkg/build/lib/my_publisher_pkg/my_publisher.py -> /home/mk/lab_ws/install/my_publisher_pkg/lib/python3.10/site-packages/my_publisher_pkg
byte-compiling /home/mk/lab_ws/install/my_publisher_pkg/lib/python3.10/site-packages/my_publisher_pkg/my_publisher.py to my_publisher.cpython-310.pyc
running install_data
running install_egg_info
removing '/home/mk/lab_ws/install/my_publisher_pkg/lib/python3.10/site-packages/my_publisher_pkg-0.0.0-py3.10.egg-info' (and everything under it)
Copying ../build/my_publisher_pkg/my_publisher_pkg.egg-info to /home/mk/lab_ws/install/my_publisher_pkg/lib/python3.10/site-packages/my_publisher_pkg-0.0.0-py3.10.egg-info
running install_scripts
Installing my_publisher script to /home/mk/lab_ws/install/my_publisher_pkg/lib/my_publisher_pkg
writing list of installed files to '/home/mk/lab_ws/build/my_publisher_pkg/install.log'
