[0.081s] DEBUG:colcon:Command line arguments: ['/usr/bin/colcon', 'build']
[0.081s] DEBUG:colcon:Parsed command line arguments: Namespace(log_base=None, log_level=None, verb_name='build', build_base='build', install_base='install', merge_install=False, symlink_install=False, test_result_base=None, continue_on_error=False, executor='parallel', parallel_workers=12, event_handlers=None, ignore_user_meta=False, metas=['./colcon.meta'], base_paths=['.'], packages_ignore=None, packages_ignore_regex=None, paths=None, packages_up_to=None, packages_up_to_regex=None, packages_above=None, packages_above_and_dependencies=None, packages_above_depth=None, packages_select_by_dep=None, packages_skip_by_dep=None, packages_skip_up_to=None, packages_select_build_failed=False, packages_skip_build_finished=False, packages_select_test_failures=False, packages_skip_test_passed=False, packages_select=None, packages_skip=None, packages_select_regex=None, packages_skip_regex=None, packages_start=None, packages_end=None, allow_overriding=[], cmake_args=None, cmake_target=None, cmake_target_skip_unavailable=False, cmake_clean_cache=False, cmake_clean_first=False, cmake_force_configure=False, ament_cmake_args=None, catkin_cmake_args=None, catkin_skip_building_tests=False, mixin_files=None, mixin=None, verb_parser=<colcon_mixin.mixin.mixin_argument.MixinArgumentDecorator object at 0x73676bc6d9f0>, verb_extension=<colcon_core.verb.build.BuildVerb object at 0x73676bc6d420>, main=<bound method BuildVerb.main of <colcon_core.verb.build.BuildVerb object at 0x73676bc6d420>>, mixin_verb=('build',))
[0.226s] Level 1:colcon.colcon_core.package_discovery:discover_packages(colcon_meta) check parameters
[0.226s] Level 1:colcon.colcon_core.package_discovery:discover_packages(recursive) check parameters
[0.226s] Level 1:colcon.colcon_core.package_discovery:discover_packages(ignore) check parameters
[0.226s] Level 1:colcon.colcon_core.package_discovery:discover_packages(path) check parameters
[0.226s] Level 1:colcon.colcon_core.package_discovery:discover_packages(colcon_meta) discover
[0.226s] Level 1:colcon.colcon_core.package_discovery:discover_packages(recursive) discover
[0.226s] INFO:colcon.colcon_core.package_discovery:Crawling recursively for packages in '/home/mk/lab_ws'
[0.226s] Level 1:colcon.colcon_core.package_identification:_identify(.) by extensions ['ignore', 'ignore_ament_install']
[0.226s] Level 1:colcon.colcon_core.package_identification:_identify(.) by extension 'ignore'
[0.226s] Level 1:colcon.colcon_core.package_identification:_identify(.) by extension 'ignore_ament_install'
[0.226s] Level 1:colcon.colcon_core.package_identification:_identify(.) by extensions ['colcon_pkg']
[0.226s] Level 1:colcon.colcon_core.package_identification:_identify(.) by extension 'colcon_pkg'
[0.226s] Level 1:colcon.colcon_core.package_identification:_identify(.) by extensions ['colcon_meta']
[0.226s] Level 1:colcon.colcon_core.package_identification:_identify(.) by extension 'colcon_meta'
[0.226s] Level 1:colcon.colcon_core.package_identification:_identify(.) by extensions ['ros']
[0.226s] Level 1:colcon.colcon_core.package_identification:_identify(.) by extension 'ros'
[0.249s] Level 1:colcon.colcon_core.package_identification:_identify(.) by extensions ['cmake', 'python']
[0.249s] Level 1:colcon.colcon_core.package_identification:_identify(.) by extension 'cmake'
[0.249s] Level 1:colcon.colcon_core.package_identification:_identify(.) by extension 'python'
[0.249s] Level 1:colcon.colcon_core.package_identification:_identify(.) by extensions ['python_setup_py']
[0.249s] Level 1:colcon.colcon_core.package_identification:_identify(.) by extension 'python_setup_py'
[0.249s] Level 1:colcon.colcon_core.package_identification:_identify(build) by extensions ['ignore', 'ignore_ament_install']
[0.249s] Level 1:colcon.colcon_core.package_identification:_identify(build) by extension 'ignore'
[0.249s] Level 1:colcon.colcon_core.package_identification:_identify(build) ignored
[0.249s] Level 1:colcon.colcon_core.package_identification:_identify(install) by extensions ['ignore', 'ignore_ament_install']
[0.249s] Level 1:colcon.colcon_core.package_identification:_identify(install) by extension 'ignore'
[0.249s] Level 1:colcon.colcon_core.package_identification:_identify(install) ignored
[0.249s] Level 1:colcon.colcon_core.package_identification:_identify(log) by extensions ['ignore', 'ignore_ament_install']
[0.249s] Level 1:colcon.colcon_core.package_identification:_identify(log) by extension 'ignore'
[0.249s] Level 1:colcon.colcon_core.package_identification:_identify(log) ignored
[0.250s] Level 1:colcon.colcon_core.package_identification:_identify(my_publisher_pkg) by extensions ['ignore', 'ignore_ament_install']
[0.250s] Level 1:colcon.colcon_core.package_identification:_identify(my_publisher_pkg) by extension 'ignore'
[0.250s] Level 1:colcon.colcon_core.package_identification:_identify(my_publisher_pkg) by extension 'ignore_ament_install'
[0.250s] Level 1:colcon.colcon_core.package_identification:_identify(my_publisher_pkg) by extensions ['colcon_pkg']
[0.250s] Level 1:colcon.colcon_core.package_identification:_identify(my_publisher_pkg) by extension 'colcon_pkg'
[0.250s] Level 1:colcon.colcon_core.package_identification:_identify(my_publisher_pkg) by extensions ['colcon_meta']
[0.250s] Level 1:colcon.colcon_core.package_identification:_identify(my_publisher_pkg) by extension 'colcon_meta'
[0.250s] Level 1:colcon.colcon_core.package_identification:_identify(my_publisher_pkg) by extensions ['ros']
[0.250s] Level 1:colcon.colcon_core.package_identification:_identify(my_publisher_pkg) by extension 'ros'
[0.252s] DEBUG:colcon.colcon_core.package_identification:Package 'my_publisher_pkg' with type 'ros.ament_python' and name 'my_publisher_pkg'
[0.252s] Level 1:colcon.colcon_core.package_identification:_identify(src) by extensions ['ignore', 'ignore_ament_install']
[0.252s] Level 1:colcon.colcon_core.package_identification:_identify(src) by extension 'ignore'
[0.252s] Level 1:colcon.colcon_core.package_identification:_identify(src) by extension 'ignore_ament_install'
[0.252s] Level 1:colcon.colcon_core.package_identification:_identify(src) by extensions ['colcon_pkg']
[0.252s] Level 1:colcon.colcon_core.package_identification:_identify(src) by extension 'colcon_pkg'
[0.252s] Level 1:colcon.colcon_core.package_identification:_identify(src) by extensions ['colcon_meta']
[0.252s] Level 1:colcon.colcon_core.package_identification:_identify(src) by extension 'colcon_meta'
[0.252s] Level 1:colcon.colcon_core.package_identification:_identify(src) by extensions ['ros']
[0.252s] Level 1:colcon.colcon_core.package_identification:_identify(src) by extension 'ros'
[0.252s] Level 1:colcon.colcon_core.package_identification:_identify(src) by extensions ['cmake', 'python']
[0.252s] Level 1:colcon.colcon_core.package_identification:_identify(src) by extension 'cmake'
[0.252s] Level 1:colcon.colcon_core.package_identification:_identify(src) by extension 'python'
[0.252s] Level 1:colcon.colcon_core.package_identification:_identify(src) by extensions ['python_setup_py']
[0.252s] Level 1:colcon.colcon_core.package_identification:_identify(src) by extension 'python_setup_py'
[0.252s] Level 1:colcon.colcon_core.package_identification:_identify(src/cpp_pubsub) by extensions ['ignore', 'ignore_ament_install']
[0.252s] Level 1:colcon.colcon_core.package_identification:_identify(src/cpp_pubsub) by extension 'ignore'
[0.252s] Level 1:colcon.colcon_core.package_identification:_identify(src/cpp_pubsub) by extension 'ignore_ament_install'
[0.253s] Level 1:colcon.colcon_core.package_identification:_identify(src/cpp_pubsub) by extensions ['colcon_pkg']
[0.253s] Level 1:colcon.colcon_core.package_identification:_identify(src/cpp_pubsub) by extension 'colcon_pkg'
[0.253s] Level 1:colcon.colcon_core.package_identification:_identify(src/cpp_pubsub) by extensions ['colcon_meta']
[0.253s] Level 1:colcon.colcon_core.package_identification:_identify(src/cpp_pubsub) by extension 'colcon_meta'
[0.253s] Level 1:colcon.colcon_core.package_identification:_identify(src/cpp_pubsub) by extensions ['ros']
[0.253s] Level 1:colcon.colcon_core.package_identification:_identify(src/cpp_pubsub) by extension 'ros'
[0.253s] DEBUG:colcon.colcon_core.package_identification:Package 'src/cpp_pubsub' with type 'ros.ament_cmake' and name 'cpp_pubsub'
[0.253s] Level 1:colcon.colcon_core.package_identification:_identify(src/turtle_controller) by extensions ['ignore', 'ignore_ament_install']
[0.253s] Level 1:colcon.colcon_core.package_identification:_identify(src/turtle_controller) by extension 'ignore'
[0.253s] Level 1:colcon.colcon_core.package_identification:_identify(src/turtle_controller) by extension 'ignore_ament_install'
[0.253s] Level 1:colcon.colcon_core.package_identification:_identify(src/turtle_controller) by extensions ['colcon_pkg']
[0.253s] Level 1:colcon.colcon_core.package_identification:_identify(src/turtle_controller) by extension 'colcon_pkg'
[0.253s] Level 1:colcon.colcon_core.package_identification:_identify(src/turtle_controller) by extensions ['colcon_meta']
[0.253s] Level 1:colcon.colcon_core.package_identification:_identify(src/turtle_controller) by extension 'colcon_meta'
[0.254s] Level 1:colcon.colcon_core.package_identification:_identify(src/turtle_controller) by extensions ['ros']
[0.254s] Level 1:colcon.colcon_core.package_identification:_identify(src/turtle_controller) by extension 'ros'
[0.254s] DEBUG:colcon.colcon_core.package_identification:Package 'src/turtle_controller' with type 'ros.ament_cmake' and name 'turtle_controller'
[0.254s] Level 1:colcon.colcon_core.package_identification:_identify(src/turtle_spawner) by extensions ['ignore', 'ignore_ament_install']
[0.254s] Level 1:colcon.colcon_core.package_identification:_identify(src/turtle_spawner) by extension 'ignore'
[0.254s] Level 1:colcon.colcon_core.package_identification:_identify(src/turtle_spawner) by extension 'ignore_ament_install'
[0.254s] Level 1:colcon.colcon_core.package_identification:_identify(src/turtle_spawner) by extensions ['colcon_pkg']
[0.254s] Level 1:colcon.colcon_core.package_identification:_identify(src/turtle_spawner) by extension 'colcon_pkg'
[0.254s] Level 1:colcon.colcon_core.package_identification:_identify(src/turtle_spawner) by extensions ['colcon_meta']
[0.254s] Level 1:colcon.colcon_core.package_identification:_identify(src/turtle_spawner) by extension 'colcon_meta'
[0.254s] Level 1:colcon.colcon_core.package_identification:_identify(src/turtle_spawner) by extensions ['ros']
[0.254s] Level 1:colcon.colcon_core.package_identification:_identify(src/turtle_spawner) by extension 'ros'
[0.255s] DEBUG:colcon.colcon_core.package_identification:Package 'src/turtle_spawner' with type 'ros.ament_cmake' and name 'turtle_spawner'
[0.255s] Level 1:colcon.colcon_core.package_discovery:discover_packages(recursive) using defaults
[0.255s] Level 1:colcon.colcon_core.package_discovery:discover_packages(ignore) discover
[0.255s] Level 1:colcon.colcon_core.package_discovery:discover_packages(ignore) using defaults
[0.255s] Level 1:colcon.colcon_core.package_discovery:discover_packages(path) discover
[0.255s] Level 1:colcon.colcon_core.package_discovery:discover_packages(path) using defaults
[0.270s] Level 1:colcon.colcon_core.package_discovery:discover_packages(prefix_path) check parameters
[0.270s] Level 1:colcon.colcon_core.package_discovery:discover_packages(prefix_path) discover
[0.272s] DEBUG:colcon.colcon_installed_package_information.package_discovery:Found 4 installed packages in /home/mk/lab_ws/install
[0.274s] DEBUG:colcon.colcon_installed_package_information.package_discovery:Found 383 installed packages in /opt/ros/humble
[0.276s] Level 1:colcon.colcon_core.package_discovery:discover_packages(prefix_path) using defaults
[0.314s] Level 5:colcon.colcon_core.verb:set package 'cpp_pubsub' build argument 'cmake_args' from command line to 'None'
[0.314s] Level 5:colcon.colcon_core.verb:set package 'cpp_pubsub' build argument 'cmake_target' from command line to 'None'
[0.314s] Level 5:colcon.colcon_core.verb:set package 'cpp_pubsub' build argument 'cmake_target_skip_unavailable' from command line to 'False'
[0.314s] Level 5:colcon.colcon_core.verb:set package 'cpp_pubsub' build argument 'cmake_clean_cache' from command line to 'False'
[0.314s] Level 5:colcon.colcon_core.verb:set package 'cpp_pubsub' build argument 'cmake_clean_first' from command line to 'False'
[0.314s] Level 5:colcon.colcon_core.verb:set package 'cpp_pubsub' build argument 'cmake_force_configure' from command line to 'False'
[0.314s] Level 5:colcon.colcon_core.verb:set package 'cpp_pubsub' build argument 'ament_cmake_args' from command line to 'None'
[0.314s] Level 5:colcon.colcon_core.verb:set package 'cpp_pubsub' build argument 'catkin_cmake_args' from command line to 'None'
[0.314s] Level 5:colcon.colcon_core.verb:set package 'cpp_pubsub' build argument 'catkin_skip_building_tests' from command line to 'False'
[0.314s] DEBUG:colcon.colcon_core.verb:Building package 'cpp_pubsub' with the following arguments: {'ament_cmake_args': None, 'build_base': '/home/mk/lab_ws/build/cpp_pubsub', 'catkin_cmake_args': None, 'catkin_skip_building_tests': False, 'cmake_args': None, 'cmake_clean_cache': False, 'cmake_clean_first': False, 'cmake_force_configure': False, 'cmake_target': None, 'cmake_target_skip_unavailable': False, 'install_base': '/home/mk/lab_ws/install/cpp_pubsub', 'merge_install': False, 'path': '/home/mk/lab_ws/src/cpp_pubsub', 'symlink_install': False, 'test_result_base': None}
[0.314s] Level 5:colcon.colcon_core.verb:set package 'my_publisher_pkg' build argument 'cmake_args' from command line to 'None'
[0.314s] Level 5:colcon.colcon_core.verb:set package 'my_publisher_pkg' build argument 'cmake_target' from command line to 'None'
[0.315s] Level 5:colcon.colcon_core.verb:set package 'my_publisher_pkg' build argument 'cmake_target_skip_unavailable' from command line to 'False'
[0.315s] Level 5:colcon.colcon_core.verb:set package 'my_publisher_pkg' build argument 'cmake_clean_cache' from command line to 'False'
[0.315s] Level 5:colcon.colcon_core.verb:set package 'my_publisher_pkg' build argument 'cmake_clean_first' from command line to 'False'
[0.315s] Level 5:colcon.colcon_core.verb:set package 'my_publisher_pkg' build argument 'cmake_force_configure' from command line to 'False'
[0.315s] Level 5:colcon.colcon_core.verb:set package 'my_publisher_pkg' build argument 'ament_cmake_args' from command line to 'None'
[0.315s] Level 5:colcon.colcon_core.verb:set package 'my_publisher_pkg' build argument 'catkin_cmake_args' from command line to 'None'
[0.315s] Level 5:colcon.colcon_core.verb:set package 'my_publisher_pkg' build argument 'catkin_skip_building_tests' from command line to 'False'
[0.315s] DEBUG:colcon.colcon_core.verb:Building package 'my_publisher_pkg' with the following arguments: {'ament_cmake_args': None, 'build_base': '/home/mk/lab_ws/build/my_publisher_pkg', 'catkin_cmake_args': None, 'catkin_skip_building_tests': False, 'cmake_args': None, 'cmake_clean_cache': False, 'cmake_clean_first': False, 'cmake_force_configure': False, 'cmake_target': None, 'cmake_target_skip_unavailable': False, 'install_base': '/home/mk/lab_ws/install/my_publisher_pkg', 'merge_install': False, 'path': '/home/mk/lab_ws/my_publisher_pkg', 'symlink_install': False, 'test_result_base': None}
[0.315s] Level 5:colcon.colcon_core.verb:set package 'turtle_controller' build argument 'cmake_args' from command line to 'None'
[0.315s] Level 5:colcon.colcon_core.verb:set package 'turtle_controller' build argument 'cmake_target' from command line to 'None'
[0.315s] Level 5:colcon.colcon_core.verb:set package 'turtle_controller' build argument 'cmake_target_skip_unavailable' from command line to 'False'
[0.315s] Level 5:colcon.colcon_core.verb:set package 'turtle_controller' build argument 'cmake_clean_cache' from command line to 'False'
[0.315s] Level 5:colcon.colcon_core.verb:set package 'turtle_controller' build argument 'cmake_clean_first' from command line to 'False'
[0.315s] Level 5:colcon.colcon_core.verb:set package 'turtle_controller' build argument 'cmake_force_configure' from command line to 'False'
[0.315s] Level 5:colcon.colcon_core.verb:set package 'turtle_controller' build argument 'ament_cmake_args' from command line to 'None'
[0.315s] Level 5:colcon.colcon_core.verb:set package 'turtle_controller' build argument 'catkin_cmake_args' from command line to 'None'
[0.315s] Level 5:colcon.colcon_core.verb:set package 'turtle_controller' build argument 'catkin_skip_building_tests' from command line to 'False'
[0.315s] DEBUG:colcon.colcon_core.verb:Building package 'turtle_controller' with the following arguments: {'ament_cmake_args': None, 'build_base': '/home/mk/lab_ws/build/turtle_controller', 'catkin_cmake_args': None, 'catkin_skip_building_tests': False, 'cmake_args': None, 'cmake_clean_cache': False, 'cmake_clean_first': False, 'cmake_force_configure': False, 'cmake_target': None, 'cmake_target_skip_unavailable': False, 'install_base': '/home/mk/lab_ws/install/turtle_controller', 'merge_install': False, 'path': '/home/mk/lab_ws/src/turtle_controller', 'symlink_install': False, 'test_result_base': None}
[0.315s] Level 5:colcon.colcon_core.verb:set package 'turtle_spawner' build argument 'cmake_args' from command line to 'None'
[0.315s] Level 5:colcon.colcon_core.verb:set package 'turtle_spawner' build argument 'cmake_target' from command line to 'None'
[0.315s] Level 5:colcon.colcon_core.verb:set package 'turtle_spawner' build argument 'cmake_target_skip_unavailable' from command line to 'False'
[0.315s] Level 5:colcon.colcon_core.verb:set package 'turtle_spawner' build argument 'cmake_clean_cache' from command line to 'False'
[0.315s] Level 5:colcon.colcon_core.verb:set package 'turtle_spawner' build argument 'cmake_clean_first' from command line to 'False'
[0.315s] Level 5:colcon.colcon_core.verb:set package 'turtle_spawner' build argument 'cmake_force_configure' from command line to 'False'
[0.316s] Level 5:colcon.colcon_core.verb:set package 'turtle_spawner' build argument 'ament_cmake_args' from command line to 'None'
[0.316s] Level 5:colcon.colcon_core.verb:set package 'turtle_spawner' build argument 'catkin_cmake_args' from command line to 'None'
[0.316s] Level 5:colcon.colcon_core.verb:set package 'turtle_spawner' build argument 'catkin_skip_building_tests' from command line to 'False'
[0.316s] DEBUG:colcon.colcon_core.verb:Building package 'turtle_spawner' with the following arguments: {'ament_cmake_args': None, 'build_base': '/home/mk/lab_ws/build/turtle_spawner', 'catkin_cmake_args': None, 'catkin_skip_building_tests': False, 'cmake_args': None, 'cmake_clean_cache': False, 'cmake_clean_first': False, 'cmake_force_configure': False, 'cmake_target': None, 'cmake_target_skip_unavailable': False, 'install_base': '/home/mk/lab_ws/install/turtle_spawner', 'merge_install': False, 'path': '/home/mk/lab_ws/src/turtle_spawner', 'symlink_install': False, 'test_result_base': None}
[0.316s] INFO:colcon.colcon_core.executor:Executing jobs using 'parallel' executor
[0.317s] DEBUG:colcon.colcon_parallel_executor.executor.parallel:run_until_complete
[0.317s] INFO:colcon.colcon_ros.task.ament_cmake.build:Building ROS package in '/home/mk/lab_ws/src/cpp_pubsub' with build type 'ament_cmake'
[0.317s] INFO:colcon.colcon_cmake.task.cmake.build:Building CMake package in '/home/mk/lab_ws/src/cpp_pubsub'
[0.319s] INFO:colcon.colcon_core.plugin_system:Skipping extension 'colcon_core.shell.bat': Not used on non-Windows systems
[0.320s] INFO:colcon.colcon_core.shell:Skip shell extension 'powershell' for command environment: Not usable outside of PowerShell
[0.320s] DEBUG:colcon.colcon_core.shell:Skip shell extension 'dsv' for command environment
[0.324s] INFO:colcon.colcon_ros.task.ament_python.build:Building ROS package in '/home/mk/lab_ws/my_publisher_pkg' with build type 'ament_python'
[0.324s] Level 1:colcon.colcon_core.shell:create_environment_hook('my_publisher_pkg', 'ament_prefix_path')
[0.324s] INFO:colcon.colcon_core.shell:Creating environment hook '/home/mk/lab_ws/install/my_publisher_pkg/share/my_publisher_pkg/hook/ament_prefix_path.ps1'
[0.325s] INFO:colcon.colcon_core.shell:Creating environment descriptor '/home/mk/lab_ws/install/my_publisher_pkg/share/my_publisher_pkg/hook/ament_prefix_path.dsv'
[0.325s] INFO:colcon.colcon_core.shell:Creating environment hook '/home/mk/lab_ws/install/my_publisher_pkg/share/my_publisher_pkg/hook/ament_prefix_path.sh'
[0.326s] INFO:colcon.colcon_core.shell:Skip shell extension 'powershell' for command environment: Not usable outside of PowerShell
[0.326s] DEBUG:colcon.colcon_core.shell:Skip shell extension 'dsv' for command environment
[0.328s] INFO:colcon.colcon_ros.task.ament_cmake.build:Building ROS package in '/home/mk/lab_ws/src/turtle_controller' with build type 'ament_cmake'
[0.329s] INFO:colcon.colcon_cmake.task.cmake.build:Building CMake package in '/home/mk/lab_ws/src/turtle_controller'
[0.329s] INFO:colcon.colcon_core.shell:Skip shell extension 'powershell' for command environment: Not usable outside of PowerShell
[0.329s] DEBUG:colcon.colcon_core.shell:Skip shell extension 'dsv' for command environment
[0.332s] INFO:colcon.colcon_ros.task.ament_cmake.build:Building ROS package in '/home/mk/lab_ws/src/turtle_spawner' with build type 'ament_cmake'
[0.332s] INFO:colcon.colcon_cmake.task.cmake.build:Building CMake package in '/home/mk/lab_ws/src/turtle_spawner'
[0.332s] INFO:colcon.colcon_core.shell:Skip shell extension 'powershell' for command environment: Not usable outside of PowerShell
[0.332s] DEBUG:colcon.colcon_core.shell:Skip shell extension 'dsv' for command environment
[0.341s] DEBUG:colcon.colcon_core.event_handler.log_command:Invoking command in '/home/mk/lab_ws/build/cpp_pubsub': CMAKE_PREFIX_PATH=${CMAKE_PREFIX_PATH}:/home/mk/lab_ws/install/my_publisher_pkg:/opt/ros/humble /usr/bin/cmake --build /home/mk/lab_ws/build/cpp_pubsub -- -j12 -l12
[0.586s] INFO:colcon.colcon_core.task.python.build:Building Python package in '/home/mk/lab_ws/my_publisher_pkg'
[0.587s] INFO:colcon.colcon_core.shell:Skip shell extension 'powershell' for command environment: Not usable outside of PowerShell
[0.587s] DEBUG:colcon.colcon_core.shell:Skip shell extension 'dsv' for command environment
[0.593s] DEBUG:colcon.colcon_core.event_handler.log_command:Invoking command in '/home/mk/lab_ws/build/turtle_controller': CMAKE_PREFIX_PATH=${CMAKE_PREFIX_PATH}:/home/mk/lab_ws/install/my_publisher_pkg:/opt/ros/humble /usr/bin/cmake --build /home/mk/lab_ws/build/turtle_controller -- -j12 -l12
[0.594s] DEBUG:colcon.colcon_core.event_handler.log_command:Invoked command in '/home/mk/lab_ws/build/cpp_pubsub' returned '0': CMAKE_PREFIX_PATH=${CMAKE_PREFIX_PATH}:/home/mk/lab_ws/install/my_publisher_pkg:/opt/ros/humble /usr/bin/cmake --build /home/mk/lab_ws/build/cpp_pubsub -- -j12 -l12
[0.598s] DEBUG:colcon.colcon_core.event_handler.log_command:Invoking command in '/home/mk/lab_ws/build/turtle_spawner': CMAKE_PREFIX_PATH=${CMAKE_PREFIX_PATH}:/home/mk/lab_ws/install/my_publisher_pkg:/opt/ros/humble /usr/bin/cmake --build /home/mk/lab_ws/build/turtle_spawner -- -j12 -l12
[0.636s] DEBUG:colcon.colcon_core.event_handler.log_command:Invoking command in '/home/mk/lab_ws/build/cpp_pubsub': CMAKE_PREFIX_PATH=${CMAKE_PREFIX_PATH}:/home/mk/lab_ws/install/my_publisher_pkg:/opt/ros/humble /usr/bin/cmake --install /home/mk/lab_ws/build/cpp_pubsub
[0.647s] Level 1:colcon.colcon_core.environment:create_environment_scripts_only(cpp_pubsub)
[0.647s] DEBUG:colcon.colcon_core.event_handler.log_command:Invoked command in '/home/mk/lab_ws/build/cpp_pubsub' returned '0': CMAKE_PREFIX_PATH=${CMAKE_PREFIX_PATH}:/home/mk/lab_ws/install/my_publisher_pkg:/opt/ros/humble /usr/bin/cmake --install /home/mk/lab_ws/build/cpp_pubsub
[0.650s] Level 1:colcon.colcon_core.environment:checking '/home/mk/lab_ws/install/cpp_pubsub' for CMake module files
[0.651s] Level 1:colcon.colcon_core.environment:checking '/home/mk/lab_ws/install/cpp_pubsub' for CMake config files
[0.651s] Level 1:colcon.colcon_core.shell:create_environment_hook('cpp_pubsub', 'cmake_prefix_path')
[0.651s] INFO:colcon.colcon_core.shell:Creating environment hook '/home/mk/lab_ws/install/cpp_pubsub/share/cpp_pubsub/hook/cmake_prefix_path.ps1'
[0.652s] INFO:colcon.colcon_core.shell:Creating environment descriptor '/home/mk/lab_ws/install/cpp_pubsub/share/cpp_pubsub/hook/cmake_prefix_path.dsv'
[0.652s] INFO:colcon.colcon_core.shell:Creating environment hook '/home/mk/lab_ws/install/cpp_pubsub/share/cpp_pubsub/hook/cmake_prefix_path.sh'
[0.653s] Level 1:colcon.colcon_core.environment:checking '/home/mk/lab_ws/install/cpp_pubsub/lib'
[0.653s] Level 1:colcon.colcon_core.environment:checking '/home/mk/lab_ws/install/cpp_pubsub/bin'
[0.653s] Level 1:colcon.colcon_core.environment:checking '/home/mk/lab_ws/install/cpp_pubsub/lib/pkgconfig/cpp_pubsub.pc'
[0.653s] Level 1:colcon.colcon_core.environment:checking '/home/mk/lab_ws/install/cpp_pubsub/lib/python3.10/site-packages'
[0.653s] Level 1:colcon.colcon_core.environment:checking '/home/mk/lab_ws/install/cpp_pubsub/bin'
[0.654s] INFO:colcon.colcon_core.shell:Creating package script '/home/mk/lab_ws/install/cpp_pubsub/share/cpp_pubsub/package.ps1'
[0.655s] INFO:colcon.colcon_core.shell:Creating package descriptor '/home/mk/lab_ws/install/cpp_pubsub/share/cpp_pubsub/package.dsv'
[0.655s] INFO:colcon.colcon_core.shell:Creating package script '/home/mk/lab_ws/install/cpp_pubsub/share/cpp_pubsub/package.sh'
[0.656s] INFO:colcon.colcon_core.shell:Creating package script '/home/mk/lab_ws/install/cpp_pubsub/share/cpp_pubsub/package.bash'
[0.657s] INFO:colcon.colcon_core.shell:Creating package script '/home/mk/lab_ws/install/cpp_pubsub/share/cpp_pubsub/package.zsh'
[0.657s] Level 1:colcon.colcon_core.environment:create_file_with_runtime_dependencies(/home/mk/lab_ws/install/cpp_pubsub/share/colcon-core/packages/cpp_pubsub)
[0.674s] DEBUG:colcon.colcon_core.event_handler.log_command:Invoked command in '/home/mk/lab_ws/build/turtle_spawner' returned '0': CMAKE_PREFIX_PATH=${CMAKE_PREFIX_PATH}:/home/mk/lab_ws/install/my_publisher_pkg:/opt/ros/humble /usr/bin/cmake --build /home/mk/lab_ws/build/turtle_spawner -- -j12 -l12
[0.690s] Level 1:colcon.colcon_core.environment:create_environment_scripts_only(cpp_pubsub)
[0.690s] Level 1:colcon.colcon_core.environment:checking '/home/mk/lab_ws/install/cpp_pubsub' for CMake module files
[0.691s] Level 1:colcon.colcon_core.environment:checking '/home/mk/lab_ws/install/cpp_pubsub' for CMake config files
[0.692s] Level 1:colcon.colcon_core.shell:create_environment_hook('cpp_pubsub', 'cmake_prefix_path')
[0.692s] INFO:colcon.colcon_core.shell:Creating environment hook '/home/mk/lab_ws/install/cpp_pubsub/share/cpp_pubsub/hook/cmake_prefix_path.ps1'
[0.693s] INFO:colcon.colcon_core.shell:Creating environment descriptor '/home/mk/lab_ws/install/cpp_pubsub/share/cpp_pubsub/hook/cmake_prefix_path.dsv'
[0.693s] INFO:colcon.colcon_core.shell:Creating environment hook '/home/mk/lab_ws/install/cpp_pubsub/share/cpp_pubsub/hook/cmake_prefix_path.sh'
[0.694s] Level 1:colcon.colcon_core.environment:checking '/home/mk/lab_ws/install/cpp_pubsub/lib'
[0.694s] Level 1:colcon.colcon_core.environment:checking '/home/mk/lab_ws/install/cpp_pubsub/bin'
[0.694s] Level 1:colcon.colcon_core.environment:checking '/home/mk/lab_ws/install/cpp_pubsub/lib/pkgconfig/cpp_pubsub.pc'
[0.695s] Level 1:colcon.colcon_core.environment:checking '/home/mk/lab_ws/install/cpp_pubsub/lib/python3.10/site-packages'
[0.695s] Level 1:colcon.colcon_core.environment:checking '/home/mk/lab_ws/install/cpp_pubsub/bin'
[0.695s] INFO:colcon.colcon_core.shell:Creating package script '/home/mk/lab_ws/install/cpp_pubsub/share/cpp_pubsub/package.ps1'
[0.696s] INFO:colcon.colcon_core.shell:Creating package descriptor '/home/mk/lab_ws/install/cpp_pubsub/share/cpp_pubsub/package.dsv'
[0.696s] INFO:colcon.colcon_core.shell:Creating package script '/home/mk/lab_ws/install/cpp_pubsub/share/cpp_pubsub/package.sh'
[0.697s] INFO:colcon.colcon_core.shell:Creating package script '/home/mk/lab_ws/install/cpp_pubsub/share/cpp_pubsub/package.bash'
[0.698s] INFO:colcon.colcon_core.shell:Creating package script '/home/mk/lab_ws/install/cpp_pubsub/share/cpp_pubsub/package.zsh'
[0.698s] Level 1:colcon.colcon_core.environment:create_file_with_runtime_dependencies(/home/mk/lab_ws/install/cpp_pubsub/share/colcon-core/packages/cpp_pubsub)
[0.706s] DEBUG:colcon.colcon_core.event_handler.log_command:Invoking command in '/home/mk/lab_ws/build/turtle_spawner': CMAKE_PREFIX_PATH=${CMAKE_PREFIX_PATH}:/home/mk/lab_ws/install/my_publisher_pkg:/opt/ros/humble /usr/bin/cmake --install /home/mk/lab_ws/build/turtle_spawner
[0.719s] Level 1:colcon.colcon_core.environment:create_environment_scripts_only(turtle_spawner)
[0.719s] Level 1:colcon.colcon_core.environment:checking '/home/mk/lab_ws/install/turtle_spawner' for CMake module files
[0.719s] DEBUG:colcon.colcon_core.event_handler.log_command:Invoked command in '/home/mk/lab_ws/build/turtle_spawner' returned '0': CMAKE_PREFIX_PATH=${CMAKE_PREFIX_PATH}:/home/mk/lab_ws/install/my_publisher_pkg:/opt/ros/humble /usr/bin/cmake --install /home/mk/lab_ws/build/turtle_spawner
[0.720s] Level 1:colcon.colcon_core.environment:checking '/home/mk/lab_ws/install/turtle_spawner' for CMake config files
[0.720s] Level 1:colcon.colcon_core.shell:create_environment_hook('turtle_spawner', 'cmake_prefix_path')
[0.720s] INFO:colcon.colcon_core.shell:Creating environment hook '/home/mk/lab_ws/install/turtle_spawner/share/turtle_spawner/hook/cmake_prefix_path.ps1'
[0.721s] INFO:colcon.colcon_core.shell:Creating environment descriptor '/home/mk/lab_ws/install/turtle_spawner/share/turtle_spawner/hook/cmake_prefix_path.dsv'
[0.721s] INFO:colcon.colcon_core.shell:Creating environment hook '/home/mk/lab_ws/install/turtle_spawner/share/turtle_spawner/hook/cmake_prefix_path.sh'
[0.722s] Level 1:colcon.colcon_core.environment:checking '/home/mk/lab_ws/install/turtle_spawner/lib'
[0.722s] Level 1:colcon.colcon_core.environment:checking '/home/mk/lab_ws/install/turtle_spawner/bin'
[0.722s] Level 1:colcon.colcon_core.environment:checking '/home/mk/lab_ws/install/turtle_spawner/lib/pkgconfig/turtle_spawner.pc'
[0.722s] Level 1:colcon.colcon_core.environment:checking '/home/mk/lab_ws/install/turtle_spawner/lib/python3.10/site-packages'
[0.722s] Level 1:colcon.colcon_core.environment:checking '/home/mk/lab_ws/install/turtle_spawner/bin'
[0.722s] INFO:colcon.colcon_core.shell:Creating package script '/home/mk/lab_ws/install/turtle_spawner/share/turtle_spawner/package.ps1'
[0.723s] INFO:colcon.colcon_core.shell:Creating package descriptor '/home/mk/lab_ws/install/turtle_spawner/share/turtle_spawner/package.dsv'
[0.723s] INFO:colcon.colcon_core.shell:Creating package script '/home/mk/lab_ws/install/turtle_spawner/share/turtle_spawner/package.sh'
[0.724s] INFO:colcon.colcon_core.shell:Creating package script '/home/mk/lab_ws/install/turtle_spawner/share/turtle_spawner/package.bash'
[0.724s] INFO:colcon.colcon_core.shell:Creating package script '/home/mk/lab_ws/install/turtle_spawner/share/turtle_spawner/package.zsh'
[0.724s] Level 1:colcon.colcon_core.environment:create_file_with_runtime_dependencies(/home/mk/lab_ws/install/turtle_spawner/share/colcon-core/packages/turtle_spawner)
[0.755s] Level 1:colcon.colcon_core.environment:create_environment_scripts_only(turtle_spawner)
[0.756s] Level 1:colcon.colcon_core.environment:checking '/home/mk/lab_ws/install/turtle_spawner' for CMake module files
[0.756s] Level 1:colcon.colcon_core.environment:checking '/home/mk/lab_ws/install/turtle_spawner' for CMake config files
[0.756s] Level 1:colcon.colcon_core.shell:create_environment_hook('turtle_spawner', 'cmake_prefix_path')
[0.757s] INFO:colcon.colcon_core.shell:Creating environment hook '/home/mk/lab_ws/install/turtle_spawner/share/turtle_spawner/hook/cmake_prefix_path.ps1'
[0.757s] INFO:colcon.colcon_core.shell:Creating environment descriptor '/home/mk/lab_ws/install/turtle_spawner/share/turtle_spawner/hook/cmake_prefix_path.dsv'
[0.758s] INFO:colcon.colcon_core.shell:Creating environment hook '/home/mk/lab_ws/install/turtle_spawner/share/turtle_spawner/hook/cmake_prefix_path.sh'
[0.759s] Level 1:colcon.colcon_core.environment:checking '/home/mk/lab_ws/install/turtle_spawner/lib'
[0.759s] Level 1:colcon.colcon_core.environment:checking '/home/mk/lab_ws/install/turtle_spawner/bin'
[0.759s] Level 1:colcon.colcon_core.environment:checking '/home/mk/lab_ws/install/turtle_spawner/lib/pkgconfig/turtle_spawner.pc'
[0.759s] Level 1:colcon.colcon_core.environment:checking '/home/mk/lab_ws/install/turtle_spawner/lib/python3.10/site-packages'
[0.759s] Level 1:colcon.colcon_core.environment:checking '/home/mk/lab_ws/install/turtle_spawner/bin'
[0.760s] INFO:colcon.colcon_core.shell:Creating package script '/home/mk/lab_ws/install/turtle_spawner/share/turtle_spawner/package.ps1'
[0.760s] INFO:colcon.colcon_core.shell:Creating package descriptor '/home/mk/lab_ws/install/turtle_spawner/share/turtle_spawner/package.dsv'
[0.761s] INFO:colcon.colcon_core.shell:Creating package script '/home/mk/lab_ws/install/turtle_spawner/share/turtle_spawner/package.sh'
[0.762s] INFO:colcon.colcon_core.shell:Creating package script '/home/mk/lab_ws/install/turtle_spawner/share/turtle_spawner/package.bash'
[0.762s] INFO:colcon.colcon_core.shell:Creating package script '/home/mk/lab_ws/install/turtle_spawner/share/turtle_spawner/package.zsh'
[0.763s] Level 1:colcon.colcon_core.environment:create_file_with_runtime_dependencies(/home/mk/lab_ws/install/turtle_spawner/share/colcon-core/packages/turtle_spawner)
[0.978s] DEBUG:colcon.colcon_core.event_handler.log_command:Invoking command in '/home/mk/lab_ws/my_publisher_pkg': PYTHONPATH=/home/mk/lab_ws/build/my_publisher_pkg/prefix_override:/usr/lib/python3/dist-packages/colcon_core/task/python/colcon_distutils_commands:/home/mk/lab_ws/install/my_publisher_pkg/lib/python3.10/site-packages:${PYTHONPATH} /usr/bin/python3 -W ignore:setup.py install is deprecated setup.py egg_info --egg-base ../build/my_publisher_pkg build --build-base /home/mk/lab_ws/build/my_publisher_pkg/build install --record /home/mk/lab_ws/build/my_publisher_pkg/install.log --single-version-externally-managed install_data
[1.271s] Level 1:colcon.colcon_core.environment:checking '/home/mk/lab_ws/install/my_publisher_pkg' for CMake module files
[1.272s] DEBUG:colcon.colcon_core.event_handler.log_command:Invoked command in '/home/mk/lab_ws/my_publisher_pkg' returned '0': PYTHONPATH=/home/mk/lab_ws/build/my_publisher_pkg/prefix_override:/usr/lib/python3/dist-packages/colcon_core/task/python/colcon_distutils_commands:/home/mk/lab_ws/install/my_publisher_pkg/lib/python3.10/site-packages:${PYTHONPATH} /usr/bin/python3 -W ignore:setup.py install is deprecated setup.py egg_info --egg-base ../build/my_publisher_pkg build --build-base /home/mk/lab_ws/build/my_publisher_pkg/build install --record /home/mk/lab_ws/build/my_publisher_pkg/install.log --single-version-externally-managed install_data
[1.272s] Level 1:colcon.colcon_core.environment:checking '/home/mk/lab_ws/install/my_publisher_pkg' for CMake config files
[1.273s] Level 1:colcon.colcon_core.environment:checking '/home/mk/lab_ws/install/my_publisher_pkg/lib'
[1.273s] Level 1:colcon.colcon_core.environment:checking '/home/mk/lab_ws/install/my_publisher_pkg/bin'
[1.273s] Level 1:colcon.colcon_core.environment:checking '/home/mk/lab_ws/install/my_publisher_pkg/lib/pkgconfig/my_publisher_pkg.pc'
[1.273s] Level 1:colcon.colcon_core.environment:checking '/home/mk/lab_ws/install/my_publisher_pkg/lib/python3.10/site-packages'
[1.273s] Level 1:colcon.colcon_core.shell:create_environment_hook('my_publisher_pkg', 'pythonpath')
[1.273s] INFO:colcon.colcon_core.shell:Creating environment hook '/home/mk/lab_ws/install/my_publisher_pkg/share/my_publisher_pkg/hook/pythonpath.ps1'
[1.274s] INFO:colcon.colcon_core.shell:Creating environment descriptor '/home/mk/lab_ws/install/my_publisher_pkg/share/my_publisher_pkg/hook/pythonpath.dsv'
[1.274s] INFO:colcon.colcon_core.shell:Creating environment hook '/home/mk/lab_ws/install/my_publisher_pkg/share/my_publisher_pkg/hook/pythonpath.sh'
[1.274s] Level 1:colcon.colcon_core.environment:checking '/home/mk/lab_ws/install/my_publisher_pkg/bin'
[1.274s] Level 1:colcon.colcon_core.environment:create_environment_scripts_only(my_publisher_pkg)
[1.275s] INFO:colcon.colcon_core.shell:Creating package script '/home/mk/lab_ws/install/my_publisher_pkg/share/my_publisher_pkg/package.ps1'
[1.275s] INFO:colcon.colcon_core.shell:Creating package descriptor '/home/mk/lab_ws/install/my_publisher_pkg/share/my_publisher_pkg/package.dsv'
[1.275s] INFO:colcon.colcon_core.shell:Creating package script '/home/mk/lab_ws/install/my_publisher_pkg/share/my_publisher_pkg/package.sh'
[1.276s] INFO:colcon.colcon_core.shell:Creating package script '/home/mk/lab_ws/install/my_publisher_pkg/share/my_publisher_pkg/package.bash'
[1.276s] INFO:colcon.colcon_core.shell:Creating package script '/home/mk/lab_ws/install/my_publisher_pkg/share/my_publisher_pkg/package.zsh'
[1.276s] Level 1:colcon.colcon_core.environment:create_file_with_runtime_dependencies(/home/mk/lab_ws/install/my_publisher_pkg/share/colcon-core/packages/my_publisher_pkg)
[9.308s] DEBUG:colcon.colcon_core.event_handler.log_command:Invoked command in '/home/mk/lab_ws/build/turtle_controller' returned '0': CMAKE_PREFIX_PATH=${CMAKE_PREFIX_PATH}:/home/mk/lab_ws/install/my_publisher_pkg:/opt/ros/humble /usr/bin/cmake --build /home/mk/lab_ws/build/turtle_controller -- -j12 -l12
[9.331s] DEBUG:colcon.colcon_core.event_handler.log_command:Invoking command in '/home/mk/lab_ws/build/turtle_controller': CMAKE_PREFIX_PATH=${CMAKE_PREFIX_PATH}:/home/mk/lab_ws/install/my_publisher_pkg:/opt/ros/humble /usr/bin/cmake --install /home/mk/lab_ws/build/turtle_controller
[9.346s] Level 1:colcon.colcon_core.environment:create_environment_scripts_only(turtle_controller)
[9.346s] DEBUG:colcon.colcon_core.event_handler.log_command:Invoked command in '/home/mk/lab_ws/build/turtle_controller' returned '0': CMAKE_PREFIX_PATH=${CMAKE_PREFIX_PATH}:/home/mk/lab_ws/install/my_publisher_pkg:/opt/ros/humble /usr/bin/cmake --install /home/mk/lab_ws/build/turtle_controller
[9.347s] Level 1:colcon.colcon_core.environment:checking '/home/mk/lab_ws/install/turtle_controller' for CMake module files
[9.347s] Level 1:colcon.colcon_core.environment:checking '/home/mk/lab_ws/install/turtle_controller' for CMake config files
[9.347s] Level 1:colcon.colcon_core.shell:create_environment_hook('turtle_controller', 'cmake_prefix_path')
[9.347s] INFO:colcon.colcon_core.shell:Creating environment hook '/home/mk/lab_ws/install/turtle_controller/share/turtle_controller/hook/cmake_prefix_path.ps1'
[9.348s] INFO:colcon.colcon_core.shell:Creating environment descriptor '/home/mk/lab_ws/install/turtle_controller/share/turtle_controller/hook/cmake_prefix_path.dsv'
[9.348s] INFO:colcon.colcon_core.shell:Creating environment hook '/home/mk/lab_ws/install/turtle_controller/share/turtle_controller/hook/cmake_prefix_path.sh'
[9.349s] Level 1:colcon.colcon_core.environment:checking '/home/mk/lab_ws/install/turtle_controller/lib'
[9.349s] Level 1:colcon.colcon_core.environment:checking '/home/mk/lab_ws/install/turtle_controller/bin'
[9.349s] Level 1:colcon.colcon_core.environment:checking '/home/mk/lab_ws/install/turtle_controller/lib/pkgconfig/turtle_controller.pc'
[9.349s] Level 1:colcon.colcon_core.environment:checking '/home/mk/lab_ws/install/turtle_controller/lib/python3.10/site-packages'
[9.349s] Level 1:colcon.colcon_core.environment:checking '/home/mk/lab_ws/install/turtle_controller/bin'
[9.349s] INFO:colcon.colcon_core.shell:Creating package script '/home/mk/lab_ws/install/turtle_controller/share/turtle_controller/package.ps1'
[9.350s] INFO:colcon.colcon_core.shell:Creating package descriptor '/home/mk/lab_ws/install/turtle_controller/share/turtle_controller/package.dsv'
[9.350s] INFO:colcon.colcon_core.shell:Creating package script '/home/mk/lab_ws/install/turtle_controller/share/turtle_controller/package.sh'
[9.350s] INFO:colcon.colcon_core.shell:Creating package script '/home/mk/lab_ws/install/turtle_controller/share/turtle_controller/package.bash'
[9.350s] INFO:colcon.colcon_core.shell:Creating package script '/home/mk/lab_ws/install/turtle_controller/share/turtle_controller/package.zsh'
[9.351s] Level 1:colcon.colcon_core.environment:create_file_with_runtime_dependencies(/home/mk/lab_ws/install/turtle_controller/share/colcon-core/packages/turtle_controller)
[9.376s] Level 1:colcon.colcon_core.environment:create_environment_scripts_only(turtle_controller)
[9.376s] Level 1:colcon.colcon_core.environment:checking '/home/mk/lab_ws/install/turtle_controller' for CMake module files
[9.376s] Level 1:colcon.colcon_core.environment:checking '/home/mk/lab_ws/install/turtle_controller' for CMake config files
[9.377s] Level 1:colcon.colcon_core.shell:create_environment_hook('turtle_controller', 'cmake_prefix_path')
[9.377s] INFO:colcon.colcon_core.shell:Creating environment hook '/home/mk/lab_ws/install/turtle_controller/share/turtle_controller/hook/cmake_prefix_path.ps1'
[9.377s] INFO:colcon.colcon_core.shell:Creating environment descriptor '/home/mk/lab_ws/install/turtle_controller/share/turtle_controller/hook/cmake_prefix_path.dsv'
[9.378s] INFO:colcon.colcon_core.shell:Creating environment hook '/home/mk/lab_ws/install/turtle_controller/share/turtle_controller/hook/cmake_prefix_path.sh'
[9.378s] Level 1:colcon.colcon_core.environment:checking '/home/mk/lab_ws/install/turtle_controller/lib'
[9.378s] Level 1:colcon.colcon_core.environment:checking '/home/mk/lab_ws/install/turtle_controller/bin'
[9.378s] Level 1:colcon.colcon_core.environment:checking '/home/mk/lab_ws/install/turtle_controller/lib/pkgconfig/turtle_controller.pc'
[9.378s] Level 1:colcon.colcon_core.environment:checking '/home/mk/lab_ws/install/turtle_controller/lib/python3.10/site-packages'
[9.378s] Level 1:colcon.colcon_core.environment:checking '/home/mk/lab_ws/install/turtle_controller/bin'
[9.379s] INFO:colcon.colcon_core.shell:Creating package script '/home/mk/lab_ws/install/turtle_controller/share/turtle_controller/package.ps1'
[9.379s] INFO:colcon.colcon_core.shell:Creating package descriptor '/home/mk/lab_ws/install/turtle_controller/share/turtle_controller/package.dsv'
[9.379s] INFO:colcon.colcon_core.shell:Creating package script '/home/mk/lab_ws/install/turtle_controller/share/turtle_controller/package.sh'
[9.380s] INFO:colcon.colcon_core.shell:Creating package script '/home/mk/lab_ws/install/turtle_controller/share/turtle_controller/package.bash'
[9.380s] INFO:colcon.colcon_core.shell:Creating package script '/home/mk/lab_ws/install/turtle_controller/share/turtle_controller/package.zsh'
[9.380s] Level 1:colcon.colcon_core.environment:create_file_with_runtime_dependencies(/home/mk/lab_ws/install/turtle_controller/share/colcon-core/packages/turtle_controller)
[9.381s] DEBUG:colcon.colcon_parallel_executor.executor.parallel:closing loop
[9.381s] DEBUG:colcon.colcon_parallel_executor.executor.parallel:loop closed
[9.381s] DEBUG:colcon.colcon_parallel_executor.executor.parallel:run_until_complete finished with '0'
[9.381s] DEBUG:colcon.colcon_core.event_reactor:joining thread
[9.385s] INFO:colcon.colcon_core.plugin_system:Skipping extension 'colcon_notification.desktop_notification.terminal_notifier': Not used on non-Darwin systems
[9.385s] INFO:colcon.colcon_core.plugin_system:Skipping extension 'colcon_notification.desktop_notification.win32': Not used on non-Windows systems
[9.385s] INFO:colcon.colcon_notification.desktop_notification:Sending desktop notification using 'notify2'
[9.536s] DEBUG:colcon.colcon_core.event_reactor:joined thread
[9.537s] INFO:colcon.colcon_core.shell:Creating prefix script '/home/mk/lab_ws/install/local_setup.ps1'
[9.538s] INFO:colcon.colcon_core.shell:Creating prefix util module '/home/mk/lab_ws/install/_local_setup_util_ps1.py'
[9.539s] INFO:colcon.colcon_core.shell:Creating prefix chain script '/home/mk/lab_ws/install/setup.ps1'
[9.540s] INFO:colcon.colcon_core.shell:Creating prefix script '/home/mk/lab_ws/install/local_setup.sh'
[9.541s] INFO:colcon.colcon_core.shell:Creating prefix util module '/home/mk/lab_ws/install/_local_setup_util_sh.py'
[9.541s] INFO:colcon.colcon_core.shell:Creating prefix chain script '/home/mk/lab_ws/install/setup.sh'
[9.542s] INFO:colcon.colcon_core.shell:Creating prefix script '/home/mk/lab_ws/install/local_setup.bash'
[9.542s] INFO:colcon.colcon_core.shell:Creating prefix chain script '/home/mk/lab_ws/install/setup.bash'
[9.543s] INFO:colcon.colcon_core.shell:Creating prefix script '/home/mk/lab_ws/install/local_setup.zsh'
[9.543s] INFO:colcon.colcon_core.shell:Creating prefix chain script '/home/mk/lab_ws/install/setup.zsh'
