[0.544s] Invoking command in '/home/mk/lab_ws/my_publisher_pkg': PYTHONPATH=/home/mk/lab_ws/build/my_publisher_pkg/prefix_override:/usr/lib/python3/dist-packages/colcon_core/task/python/colcon_distutils_commands:/home/mk/lab_ws/install/my_publisher_pkg/lib/python3.10/site-packages:${PYTHONPATH} /usr/bin/python3 -W ignore:setup.py install is deprecated setup.py egg_info --egg-base ../build/my_publisher_pkg build --build-base /home/mk/lab_ws/build/my_publisher_pkg/build install --record /home/mk/lab_ws/build/my_publisher_pkg/install.log --single-version-externally-managed install_data
[0.732s] running egg_info
[0.732s] writing ../build/my_publisher_pkg/my_publisher_pkg.egg-info/PKG-INFO
[0.733s] writing dependency_links to ../build/my_publisher_pkg/my_publisher_pkg.egg-info/dependency_links.txt
[0.733s] writing entry points to ../build/my_publisher_pkg/my_publisher_pkg.egg-info/entry_points.txt
[0.733s] writing requirements to ../build/my_publisher_pkg/my_publisher_pkg.egg-info/requires.txt
[0.733s] writing top-level names to ../build/my_publisher_pkg/my_publisher_pkg.egg-info/top_level.txt
[0.734s] reading manifest file '../build/my_publisher_pkg/my_publisher_pkg.egg-info/SOURCES.txt'
[0.735s] writing manifest file '../build/my_publisher_pkg/my_publisher_pkg.egg-info/SOURCES.txt'
[0.735s] running build
[0.735s] running build_py
[0.735s] copying my_publisher_pkg/move_turtle.py -> /home/mk/lab_ws/build/my_publisher_pkg/build/lib/my_publisher_pkg
[0.735s] running install
[0.735s] running install_lib
[0.736s] copying /home/mk/lab_ws/build/my_publisher_pkg/build/lib/my_publisher_pkg/move_turtle.py -> /home/mk/lab_ws/install/my_publisher_pkg/lib/python3.10/site-packages/my_publisher_pkg
[0.736s] byte-compiling /home/mk/lab_ws/install/my_publisher_pkg/lib/python3.10/site-packages/my_publisher_pkg/move_turtle.py to move_turtle.cpython-310.pyc
[0.737s] running install_data
[0.737s] running install_egg_info
[0.738s] removing '/home/mk/lab_ws/install/my_publisher_pkg/lib/python3.10/site-packages/my_publisher_pkg-0.0.0-py3.10.egg-info' (and everything under it)
[0.738s] Copying ../build/my_publisher_pkg/my_publisher_pkg.egg-info to /home/mk/lab_ws/install/my_publisher_pkg/lib/python3.10/site-packages/my_publisher_pkg-0.0.0-py3.10.egg-info
[0.739s] running install_scripts
[0.754s] Installing move_turtle script to /home/mk/lab_ws/install/my_publisher_pkg/lib/my_publisher_pkg
[0.754s] Installing my_publisher script to /home/mk/lab_ws/install/my_publisher_pkg/lib/my_publisher_pkg
[0.754s] Installing pose_subscriber script to /home/mk/lab_ws/install/my_publisher_pkg/lib/my_publisher_pkg
[0.754s] writing list of installed files to '/home/mk/lab_ws/build/my_publisher_pkg/install.log'
[0.776s] Invoked command in '/home/mk/lab_ws/my_publisher_pkg' returned '0': PYTHONPATH=/home/mk/lab_ws/build/my_publisher_pkg/prefix_override:/usr/lib/python3/dist-packages/colcon_core/task/python/colcon_distutils_commands:/home/mk/lab_ws/install/my_publisher_pkg/lib/python3.10/site-packages:${PYTHONPATH} /usr/bin/python3 -W ignore:setup.py install is deprecated setup.py egg_info --egg-base ../build/my_publisher_pkg build --build-base /home/mk/lab_ws/build/my_publisher_pkg/build install --record /home/mk/lab_ws/build/my_publisher_pkg/install.log --single-version-externally-managed install_data
