[0.178s] DEBUG:colcon:Command line arguments: ['/usr/bin/colcon', 'list', '-p', '--base-paths', '/home/mk/lab_ws']
[0.178s] DEBUG:colcon:Parsed command line arguments: Namespace(log_base=None, log_level=None, verb_name='list', build_base='build', ignore_user_meta=False, metas=['./colcon.meta'], base_paths=['/home/mk/lab_ws'], packages_ignore=None, packages_ignore_regex=None, paths=None, packages_up_to=None, packages_up_to_regex=None, packages_above=None, packages_above_and_dependencies=None, packages_above_depth=None, packages_select_by_dep=None, packages_skip_by_dep=None, packages_skip_up_to=None, packages_select_build_failed=False, packages_skip_build_finished=False, packages_select_test_failures=False, packages_skip_test_passed=False, packages_select=None, packages_skip=None, packages_select_regex=None, packages_skip_regex=None, packages_start=None, packages_end=None, allow_overriding=[], topological_order=False, names_only=False, paths_only=True, topological_graph=False, topological_graph_dot=False, topological_graph_density=False, topological_graph_legend=False, topological_graph_dot_cluster=False, topological_graph_dot_include_skipped=False, mixin_files=None, mixin=None, verb_parser=<colcon_mixin.mixin.mixin_argument.MixinArgumentDecorator object at 0x7e3176b66c20>, verb_extension=<colcon_package_information.verb.list.ListVerb object at 0x7e3176b65960>, main=<bound method ListVerb.main of <colcon_package_information.verb.list.ListVerb object at 0x7e3176b65960>>, mixin_verb=('list',))
[0.493s] Level 1:colcon.colcon_core.package_discovery:discover_packages(colcon_meta) check parameters
[0.493s] Level 1:colcon.colcon_core.package_discovery:discover_packages(recursive) check parameters
[0.493s] Level 1:colcon.colcon_core.package_discovery:discover_packages(ignore) check parameters
[0.493s] Level 1:colcon.colcon_core.package_discovery:discover_packages(path) check parameters
[0.493s] Level 1:colcon.colcon_core.package_discovery:discover_packages(recursive) discover
[0.493s] INFO:colcon.colcon_core.package_discovery:Crawling recursively for packages in '/home/mk/lab_ws'
[0.493s] Level 1:colcon.colcon_core.package_identification:_identify(/home/mk/lab_ws) by extensions ['ignore', 'ignore_ament_install']
[0.493s] Level 1:colcon.colcon_core.package_identification:_identify(/home/mk/lab_ws) by extension 'ignore'
[0.494s] Level 1:colcon.colcon_core.package_identification:_identify(/home/mk/lab_ws) by extension 'ignore_ament_install'
[0.494s] Level 1:colcon.colcon_core.package_identification:_identify(/home/mk/lab_ws) by extensions ['colcon_pkg']
[0.494s] Level 1:colcon.colcon_core.package_identification:_identify(/home/mk/lab_ws) by extension 'colcon_pkg'
[0.494s] Level 1:colcon.colcon_core.package_identification:_identify(/home/mk/lab_ws) by extensions ['colcon_meta']
[0.494s] Level 1:colcon.colcon_core.package_identification:_identify(/home/mk/lab_ws) by extension 'colcon_meta'
[0.494s] Level 1:colcon.colcon_core.package_identification:_identify(/home/mk/lab_ws) by extensions ['ros']
[0.494s] Level 1:colcon.colcon_core.package_identification:_identify(/home/mk/lab_ws) by extension 'ros'
[0.515s] Level 1:colcon.colcon_core.package_identification:_identify(/home/mk/lab_ws) by extensions ['cmake', 'python']
[0.515s] Level 1:colcon.colcon_core.package_identification:_identify(/home/mk/lab_ws) by extension 'cmake'
[0.515s] Level 1:colcon.colcon_core.package_identification:_identify(/home/mk/lab_ws) by extension 'python'
[0.515s] Level 1:colcon.colcon_core.package_identification:_identify(/home/mk/lab_ws) by extensions ['python_setup_py']
[0.515s] Level 1:colcon.colcon_core.package_identification:_identify(/home/mk/lab_ws) by extension 'python_setup_py'
[0.515s] Level 1:colcon.colcon_core.package_identification:_identify(/home/mk/lab_ws/build) by extensions ['ignore', 'ignore_ament_install']
[0.515s] Level 1:colcon.colcon_core.package_identification:_identify(/home/mk/lab_ws/build) by extension 'ignore'
[0.516s] Level 1:colcon.colcon_core.package_identification:_identify(/home/mk/lab_ws/build) ignored
[0.516s] Level 1:colcon.colcon_core.package_identification:_identify(/home/mk/lab_ws/install) by extensions ['ignore', 'ignore_ament_install']
[0.516s] Level 1:colcon.colcon_core.package_identification:_identify(/home/mk/lab_ws/install) by extension 'ignore'
[0.516s] Level 1:colcon.colcon_core.package_identification:_identify(/home/mk/lab_ws/install) ignored
[0.516s] Level 1:colcon.colcon_core.package_identification:_identify(/home/mk/lab_ws/log) by extensions ['ignore', 'ignore_ament_install']
[0.516s] Level 1:colcon.colcon_core.package_identification:_identify(/home/mk/lab_ws/log) by extension 'ignore'
[0.516s] Level 1:colcon.colcon_core.package_identification:_identify(/home/mk/lab_ws/log) ignored
[0.517s] Level 1:colcon.colcon_core.package_identification:_identify(/home/mk/lab_ws/my_publisher_pkg) by extensions ['ignore', 'ignore_ament_install']
[0.517s] Level 1:colcon.colcon_core.package_identification:_identify(/home/mk/lab_ws/my_publisher_pkg) by extension 'ignore'
[0.517s] Level 1:colcon.colcon_core.package_identification:_identify(/home/mk/lab_ws/my_publisher_pkg) by extension 'ignore_ament_install'
[0.517s] Level 1:colcon.colcon_core.package_identification:_identify(/home/mk/lab_ws/my_publisher_pkg) by extensions ['colcon_pkg']
[0.517s] Level 1:colcon.colcon_core.package_identification:_identify(/home/mk/lab_ws/my_publisher_pkg) by extension 'colcon_pkg'
[0.517s] Level 1:colcon.colcon_core.package_identification:_identify(/home/mk/lab_ws/my_publisher_pkg) by extensions ['colcon_meta']
[0.517s] Level 1:colcon.colcon_core.package_identification:_identify(/home/mk/lab_ws/my_publisher_pkg) by extension 'colcon_meta'
[0.517s] Level 1:colcon.colcon_core.package_identification:_identify(/home/mk/lab_ws/my_publisher_pkg) by extensions ['ros']
[0.517s] Level 1:colcon.colcon_core.package_identification:_identify(/home/mk/lab_ws/my_publisher_pkg) by extension 'ros'
[0.521s] DEBUG:colcon.colcon_core.package_identification:Package '/home/mk/lab_ws/my_publisher_pkg' with type 'ros.ament_python' and name 'my_publisher_pkg'
[0.522s] Level 1:colcon.colcon_core.package_identification:_identify(/home/mk/lab_ws/src) by extensions ['ignore', 'ignore_ament_install']
[0.522s] Level 1:colcon.colcon_core.package_identification:_identify(/home/mk/lab_ws/src) by extension 'ignore'
[0.522s] Level 1:colcon.colcon_core.package_identification:_identify(/home/mk/lab_ws/src) by extension 'ignore_ament_install'
[0.522s] Level 1:colcon.colcon_core.package_identification:_identify(/home/mk/lab_ws/src) by extensions ['colcon_pkg']
[0.522s] Level 1:colcon.colcon_core.package_identification:_identify(/home/mk/lab_ws/src) by extension 'colcon_pkg'
[0.522s] Level 1:colcon.colcon_core.package_identification:_identify(/home/mk/lab_ws/src) by extensions ['colcon_meta']
[0.522s] Level 1:colcon.colcon_core.package_identification:_identify(/home/mk/lab_ws/src) by extension 'colcon_meta'
[0.522s] Level 1:colcon.colcon_core.package_identification:_identify(/home/mk/lab_ws/src) by extensions ['ros']
[0.522s] Level 1:colcon.colcon_core.package_identification:_identify(/home/mk/lab_ws/src) by extension 'ros'
[0.522s] Level 1:colcon.colcon_core.package_identification:_identify(/home/mk/lab_ws/src) by extensions ['cmake', 'python']
[0.522s] Level 1:colcon.colcon_core.package_identification:_identify(/home/mk/lab_ws/src) by extension 'cmake'
[0.523s] Level 1:colcon.colcon_core.package_identification:_identify(/home/mk/lab_ws/src) by extension 'python'
[0.523s] Level 1:colcon.colcon_core.package_identification:_identify(/home/mk/lab_ws/src) by extensions ['python_setup_py']
[0.523s] Level 1:colcon.colcon_core.package_identification:_identify(/home/mk/lab_ws/src) by extension 'python_setup_py'
[0.523s] Level 1:colcon.colcon_core.package_identification:_identify(/home/mk/lab_ws/src/cpp_pubsub) by extensions ['ignore', 'ignore_ament_install']
[0.523s] Level 1:colcon.colcon_core.package_identification:_identify(/home/mk/lab_ws/src/cpp_pubsub) by extension 'ignore'
[0.523s] Level 1:colcon.colcon_core.package_identification:_identify(/home/mk/lab_ws/src/cpp_pubsub) by extension 'ignore_ament_install'
[0.523s] Level 1:colcon.colcon_core.package_identification:_identify(/home/mk/lab_ws/src/cpp_pubsub) by extensions ['colcon_pkg']
[0.523s] Level 1:colcon.colcon_core.package_identification:_identify(/home/mk/lab_ws/src/cpp_pubsub) by extension 'colcon_pkg'
[0.523s] Level 1:colcon.colcon_core.package_identification:_identify(/home/mk/lab_ws/src/cpp_pubsub) by extensions ['colcon_meta']
[0.523s] Level 1:colcon.colcon_core.package_identification:_identify(/home/mk/lab_ws/src/cpp_pubsub) by extension 'colcon_meta'
[0.523s] Level 1:colcon.colcon_core.package_identification:_identify(/home/mk/lab_ws/src/cpp_pubsub) by extensions ['ros']
[0.523s] Level 1:colcon.colcon_core.package_identification:_identify(/home/mk/lab_ws/src/cpp_pubsub) by extension 'ros'
[0.524s] DEBUG:colcon.colcon_core.package_identification:Package '/home/mk/lab_ws/src/cpp_pubsub' with type 'ros.ament_cmake' and name 'cpp_pubsub'
[0.524s] Level 1:colcon.colcon_core.package_identification:_identify(/home/mk/lab_ws/src/turtle_controller) by extensions ['ignore', 'ignore_ament_install']
[0.548s] Level 1:colcon.colcon_core.package_identification:_identify(/home/mk/lab_ws/src/turtle_controller) by extension 'ignore'
[0.549s] Level 1:colcon.colcon_core.package_identification:_identify(/home/mk/lab_ws/src/turtle_controller) by extension 'ignore_ament_install'
[0.549s] Level 1:colcon.colcon_core.package_identification:_identify(/home/mk/lab_ws/src/turtle_controller) by extensions ['colcon_pkg']
[0.549s] Level 1:colcon.colcon_core.package_identification:_identify(/home/mk/lab_ws/src/turtle_controller) by extension 'colcon_pkg'
[0.549s] Level 1:colcon.colcon_core.package_identification:_identify(/home/mk/lab_ws/src/turtle_controller) by extensions ['colcon_meta']
[0.549s] Level 1:colcon.colcon_core.package_identification:_identify(/home/mk/lab_ws/src/turtle_controller) by extension 'colcon_meta'
[0.549s] Level 1:colcon.colcon_core.package_identification:_identify(/home/mk/lab_ws/src/turtle_controller) by extensions ['ros']
[0.549s] Level 1:colcon.colcon_core.package_identification:_identify(/home/mk/lab_ws/src/turtle_controller) by extension 'ros'
[0.550s] DEBUG:colcon.colcon_core.package_identification:Package '/home/mk/lab_ws/src/turtle_controller' with type 'ros.ament_cmake' and name 'turtle_controller'
[0.550s] Level 1:colcon.colcon_core.package_identification:_identify(/home/mk/lab_ws/src/turtle_spawner) by extensions ['ignore', 'ignore_ament_install']
[0.550s] Level 1:colcon.colcon_core.package_identification:_identify(/home/mk/lab_ws/src/turtle_spawner) by extension 'ignore'
[0.550s] Level 1:colcon.colcon_core.package_identification:_identify(/home/mk/lab_ws/src/turtle_spawner) by extension 'ignore_ament_install'
[0.551s] Level 1:colcon.colcon_core.package_identification:_identify(/home/mk/lab_ws/src/turtle_spawner) by extensions ['colcon_pkg']
[0.551s] Level 1:colcon.colcon_core.package_identification:_identify(/home/mk/lab_ws/src/turtle_spawner) by extension 'colcon_pkg'
[0.551s] Level 1:colcon.colcon_core.package_identification:_identify(/home/mk/lab_ws/src/turtle_spawner) by extensions ['colcon_meta']
[0.551s] Level 1:colcon.colcon_core.package_identification:_identify(/home/mk/lab_ws/src/turtle_spawner) by extension 'colcon_meta'
[0.551s] Level 1:colcon.colcon_core.package_identification:_identify(/home/mk/lab_ws/src/turtle_spawner) by extensions ['ros']
[0.551s] Level 1:colcon.colcon_core.package_identification:_identify(/home/mk/lab_ws/src/turtle_spawner) by extension 'ros'
[0.552s] DEBUG:colcon.colcon_core.package_identification:Package '/home/mk/lab_ws/src/turtle_spawner' with type 'ros.ament_cmake' and name 'turtle_spawner'
[0.552s] Level 1:colcon.colcon_core.package_discovery:discover_packages(recursive) using defaults
