[0.486s] Invoking command in '/home/mk/lab_ws/my_publisher_pkg': PYTHONPATH=/home/mk/lab_ws/build/my_publisher_pkg/prefix_override:/usr/lib/python3/dist-packages/colcon_core/task/python/colcon_distutils_commands:/home/mk/lab_ws/install/my_publisher_pkg/lib/python3.10/site-packages:${PYTHONPATH} /usr/bin/python3 -W ignore:setup.py install is deprecated setup.py egg_info --egg-base ../build/my_publisher_pkg build --build-base /home/mk/lab_ws/build/my_publisher_pkg/build install --record /home/mk/lab_ws/build/my_publisher_pkg/install.log --single-version-externally-managed install_data
[0.674s] running egg_info
[0.674s] writing ../build/my_publisher_pkg/my_publisher_pkg.egg-info/PKG-INFO
[0.674s] writing dependency_links to ../build/my_publisher_pkg/my_publisher_pkg.egg-info/dependency_links.txt
[0.674s] writing entry points to ../build/my_publisher_pkg/my_publisher_pkg.egg-info/entry_points.txt
[0.675s] writing requirements to ../build/my_publisher_pkg/my_publisher_pkg.egg-info/requires.txt
[0.675s] writing top-level names to ../build/my_publisher_pkg/my_publisher_pkg.egg-info/top_level.txt
[0.676s] reading manifest file '../build/my_publisher_pkg/my_publisher_pkg.egg-info/SOURCES.txt'
[0.676s] writing manifest file '../build/my_publisher_pkg/my_publisher_pkg.egg-info/SOURCES.txt'
[0.676s] running build
[0.676s] running build_py
[0.676s] copying my_publisher_pkg/turtle_subscriber.py -> /home/mk/lab_ws/build/my_publisher_pkg/build/lib/my_publisher_pkg
[0.677s] running install
[0.677s] running install_lib
[0.677s] copying /home/mk/lab_ws/build/my_publisher_pkg/build/lib/my_publisher_pkg/turtle_subscriber.py -> /home/mk/lab_ws/install/my_publisher_pkg/lib/python3.10/site-packages/my_publisher_pkg
[0.678s] byte-compiling /home/mk/lab_ws/install/my_publisher_pkg/lib/python3.10/site-packages/my_publisher_pkg/turtle_subscriber.py to turtle_subscriber.cpython-310.pyc
[0.678s] running install_data
[0.678s] running install_egg_info
[0.679s] removing '/home/mk/lab_ws/install/my_publisher_pkg/lib/python3.10/site-packages/my_publisher_pkg-0.0.0-py3.10.egg-info' (and everything under it)
[0.679s] Copying ../build/my_publisher_pkg/my_publisher_pkg.egg-info to /home/mk/lab_ws/install/my_publisher_pkg/lib/python3.10/site-packages/my_publisher_pkg-0.0.0-py3.10.egg-info
[0.680s] running install_scripts
[0.694s] Installing my_publisher script to /home/mk/lab_ws/install/my_publisher_pkg/lib/my_publisher_pkg
[0.694s] Installing turtle_subscriber script to /home/mk/lab_ws/install/my_publisher_pkg/lib/my_publisher_pkg
[0.694s] writing list of installed files to '/home/mk/lab_ws/build/my_publisher_pkg/install.log'
[0.714s] Invoked command in '/home/mk/lab_ws/my_publisher_pkg' returned '0': PYTHONPATH=/home/mk/lab_ws/build/my_publisher_pkg/prefix_override:/usr/lib/python3/dist-packages/colcon_core/task/python/colcon_distutils_commands:/home/mk/lab_ws/install/my_publisher_pkg/lib/python3.10/site-packages:${PYTHONPATH} /usr/bin/python3 -W ignore:setup.py install is deprecated setup.py egg_info --egg-base ../build/my_publisher_pkg build --build-base /home/mk/lab_ws/build/my_publisher_pkg/build install --record /home/mk/lab_ws/build/my_publisher_pkg/install.log --single-version-externally-managed install_data
